<?xml version="1.0" encoding="UTF-8"?>
<coverage generated="1584644557806" clover="3.2.0">
  <project timestamp="1584644557806" name="All files">
    <metrics statements="1078" coveredstatements="973" conditionals="407" coveredconditionals="328" methods="274" coveredmethods="247" elements="1759" coveredelements="1548" complexity="0" loc="1078" ncloc="1078" packages="23" files="29" classes="29"/>
    <package name="src">
      <metrics statements="23" coveredstatements="22" conditionals="10" coveredconditionals="8" methods="6" coveredmethods="6"/>
      <file name="App.js" path="/Users/mikedunham/Documents/Coding/sprint-tracker/src/App.js">
        <metrics statements="17" coveredstatements="16" conditionals="8" coveredconditionals="6" methods="6" coveredmethods="6"/>
        <line num="22" count="38" type="stmt"/>
        <line num="24" count="38" type="cond" truecount="1" falsecount="1"/>
        <line num="25" count="38" type="stmt"/>
        <line num="32" count="182" type="stmt"/>
        <line num="39" count="15" type="stmt"/>
        <line num="46" count="182" type="cond" truecount="2" falsecount="0"/>
        <line num="47" count="41" type="stmt"/>
        <line num="59" count="141" type="cond" truecount="2" falsecount="0"/>
        <line num="60" count="65" type="stmt"/>
        <line num="73" count="182" type="cond" truecount="1" falsecount="1"/>
        <line num="74" count="0" type="stmt"/>
        <line num="81" count="182" type="stmt"/>
        <line num="98" count="38" type="stmt"/>
        <line num="99" count="360" type="stmt"/>
        <line num="106" count="38" type="stmt"/>
        <line num="107" count="38" type="stmt"/>
        <line num="108" count="38" type="stmt"/>
      </file>
      <file name="index.js" path="/Users/mikedunham/Documents/Coding/sprint-tracker/src/index.js">
        <metrics statements="6" coveredstatements="6" conditionals="2" coveredconditionals="2" methods="0" coveredmethods="0"/>
        <line num="14" count="38" type="cond" truecount="2" falsecount="0"/>
        <line num="16" count="38" type="stmt"/>
        <line num="21" count="38" type="stmt"/>
        <line num="29" count="38" type="stmt"/>
        <line num="36" count="38" type="stmt"/>
        <line num="42" count="38" type="stmt"/>
      </file>
    </package>
    <package name="src.components.CreateAccount">
      <metrics statements="21" coveredstatements="20" conditionals="11" coveredconditionals="9" methods="8" coveredmethods="8"/>
      <file name="CreateAccount.js" path="/Users/mikedunham/Documents/Coding/sprint-tracker/src/components/CreateAccount/CreateAccount.js">
        <metrics statements="21" coveredstatements="20" conditionals="11" coveredconditionals="9" methods="8" coveredmethods="8"/>
        <line num="18" count="38" type="stmt"/>
        <line num="84" count="38" type="stmt"/>
        <line num="85" count="3" type="stmt"/>
        <line num="87" count="3" type="stmt"/>
        <line num="89" count="3" type="cond" truecount="2" falsecount="0"/>
        <line num="90" count="1" type="stmt"/>
        <line num="97" count="1" type="stmt"/>
        <line num="106" count="3" type="stmt"/>
        <line num="107" count="3" type="cond" truecount="1" falsecount="1"/>
        <line num="108" count="0" type="stmt"/>
        <line num="111" count="3" type="stmt"/>
        <line num="112" count="1" type="stmt"/>
        <line num="113" count="1" type="stmt"/>
        <line num="116" count="3" type="stmt"/>
        <line num="139" count="1" type="stmt"/>
        <line num="142" count="108" type="stmt"/>
        <line num="205" count="38" type="stmt"/>
        <line num="206" count="3" type="stmt"/>
        <line num="214" count="38" type="stmt"/>
        <line num="215" count="1" type="stmt"/>
        <line num="216" count="1" type="stmt"/>
      </file>
    </package>
    <package name="src.components.FrontPage">
      <metrics statements="7" coveredstatements="7" conditionals="0" coveredconditionals="0" methods="4" coveredmethods="4"/>
      <file name="FrontPage.js" path="/Users/mikedunham/Documents/Coding/sprint-tracker/src/components/FrontPage/FrontPage.js">
        <metrics statements="7" coveredstatements="7" conditionals="0" coveredconditionals="0" methods="4" coveredmethods="4"/>
        <line num="16" count="40" type="stmt"/>
        <line num="28" count="40" type="stmt"/>
        <line num="65" count="38" type="stmt"/>
        <line num="83" count="38" type="stmt"/>
        <line num="84" count="40" type="stmt"/>
        <line num="86" count="40" type="stmt"/>
        <line num="123" count="120" type="stmt"/>
      </file>
    </package>
    <package name="src.components.Login">
      <metrics statements="21" coveredstatements="19" conditionals="13" coveredconditionals="10" methods="8" coveredmethods="8"/>
      <file name="Login.js" path="/Users/mikedunham/Documents/Coding/sprint-tracker/src/components/Login/Login.js">
        <metrics statements="21" coveredstatements="19" conditionals="13" coveredconditionals="10" methods="8" coveredmethods="8"/>
        <line num="18" count="38" type="stmt"/>
        <line num="85" count="38" type="stmt"/>
        <line num="86" count="54" type="stmt"/>
        <line num="88" count="54" type="stmt"/>
        <line num="90" count="54" type="cond" truecount="1" falsecount="1"/>
        <line num="91" count="0" type="stmt"/>
        <line num="98" count="0" type="stmt"/>
        <line num="107" count="54" type="stmt"/>
        <line num="108" count="54" type="cond" truecount="2" falsecount="0"/>
        <line num="109" count="18" type="stmt"/>
        <line num="112" count="54" type="stmt"/>
        <line num="113" count="18" type="stmt"/>
        <line num="114" count="18" type="stmt"/>
        <line num="117" count="54" type="stmt"/>
        <line num="134" count="18" type="stmt"/>
        <line num="137" count="968" type="stmt"/>
        <line num="186" count="38" type="stmt"/>
        <line num="187" count="54" type="stmt"/>
        <line num="195" count="38" type="stmt"/>
        <line num="196" count="18" type="stmt"/>
        <line num="197" count="18" type="stmt"/>
      </file>
    </package>
    <package name="src.components.Login.Logout">
      <metrics statements="6" coveredstatements="6" conditionals="0" coveredconditionals="0" methods="4" coveredmethods="4"/>
      <file name="Logout.js" path="/Users/mikedunham/Documents/Coding/sprint-tracker/src/components/Login/Logout/Logout.js">
        <metrics statements="6" coveredstatements="6" conditionals="0" coveredconditionals="0" methods="4" coveredmethods="4"/>
        <line num="7" count="2" type="stmt"/>
        <line num="8" count="2" type="stmt"/>
        <line num="12" count="2" type="stmt"/>
        <line num="16" count="38" type="stmt"/>
        <line num="17" count="2" type="stmt"/>
        <line num="18" count="2" type="stmt"/>
      </file>
    </package>
    <package name="src.components.Sprint">
      <metrics statements="12" coveredstatements="12" conditionals="12" coveredconditionals="11" methods="3" coveredmethods="3"/>
      <file name="Sprint.js" path="/Users/mikedunham/Documents/Coding/sprint-tracker/src/components/Sprint/Sprint.js">
        <metrics statements="12" coveredstatements="12" conditionals="12" coveredconditionals="11" methods="3" coveredmethods="3"/>
        <line num="8" count="78" type="stmt"/>
        <line num="19" count="38" type="stmt"/>
        <line num="20" count="1278" type="stmt"/>
        <line num="23" count="1278" type="stmt"/>
        <line num="28" count="1278" type="stmt"/>
        <line num="29" count="1102" type="stmt"/>
        <line num="30" count="1102" type="stmt"/>
        <line num="33" count="1278" type="cond" truecount="6" falsecount="0"/>
        <line num="34" count="1102" type="stmt"/>
        <line num="59" count="1278" type="cond" truecount="4" falsecount="0"/>
        <line num="60" count="176" type="stmt"/>
        <line num="76" count="1278" type="stmt"/>
      </file>
    </package>
    <package name="src.components.Sprint.ProjectTable">
      <metrics statements="55" coveredstatements="49" conditionals="10" coveredconditionals="9" methods="7" coveredmethods="6"/>
      <file name="ProjectTable.js" path="/Users/mikedunham/Documents/Coding/sprint-tracker/src/components/Sprint/ProjectTable/ProjectTable.js">
        <metrics statements="55" coveredstatements="49" conditionals="10" coveredconditionals="9" methods="7" coveredmethods="6"/>
        <line num="15" count="38" type="stmt"/>
        <line num="16" count="0" type="stmt"/>
        <line num="17" count="2724" type="stmt"/>
        <line num="18" count="2724" type="stmt"/>
        <line num="19" count="91302" type="stmt"/>
        <line num="22" count="38" type="stmt"/>
        <line num="24" count="1362" type="stmt"/>
        <line num="25" count="1362" type="stmt"/>
        <line num="26" count="1362" type="stmt"/>
        <line num="27" count="1362" type="stmt"/>
        <line num="28" count="1362" type="stmt"/>
        <line num="29" count="1362" type="stmt"/>
        <line num="32" count="1362" type="stmt"/>
        <line num="33" count="1362" type="stmt"/>
        <line num="34" count="1362" type="stmt"/>
        <line num="35" count="1362" type="stmt"/>
        <line num="36" count="1362" type="stmt"/>
        <line num="38" count="1362" type="cond" truecount="1" falsecount="1"/>
        <line num="39" count="0" type="stmt"/>
        <line num="40" count="0" type="stmt"/>
        <line num="41" count="0" type="stmt"/>
        <line num="42" count="0" type="stmt"/>
        <line num="43" count="0" type="stmt"/>
        <line num="44" count="1362" type="cond" truecount="2" falsecount="0"/>
        <line num="45" count="176" type="stmt"/>
        <line num="46" count="176" type="stmt"/>
        <line num="47" count="176" type="stmt"/>
        <line num="48" count="176" type="stmt"/>
        <line num="49" count="176" type="stmt"/>
        <line num="50" count="1186" type="cond" truecount="2" falsecount="0"/>
        <line num="51" count="84" type="stmt"/>
        <line num="52" count="84" type="stmt"/>
        <line num="53" count="84" type="stmt"/>
        <line num="54" count="84" type="stmt"/>
        <line num="55" count="84" type="stmt"/>
        <line num="58" count="1362" type="stmt"/>
        <line num="60" count="1362" type="stmt"/>
        <line num="77" count="1362" type="cond" truecount="2" falsecount="0"/>
        <line num="78" count="5772" type="stmt"/>
        <line num="85" count="5772" type="stmt"/>
        <line num="89" count="1362" type="stmt"/>
        <line num="90" count="3726" type="stmt"/>
        <line num="91" count="3726" type="stmt"/>
        <line num="93" count="3726" type="stmt"/>
        <line num="94" count="81972" type="stmt"/>
        <line num="95" count="81972" type="stmt"/>
        <line num="98" count="3726" type="stmt"/>
        <line num="101" count="1362" type="stmt"/>
        <line num="105" count="46" type="stmt"/>
        <line num="106" count="46" type="stmt"/>
        <line num="107" count="46" type="stmt"/>
        <line num="108" count="46" type="stmt"/>
        <line num="112" count="1362" type="cond" truecount="2" falsecount="0"/>
        <line num="113" count="84" type="stmt"/>
        <line num="116" count="1362" type="stmt"/>
      </file>
    </package>
    <package name="src.components.SprintStatistics">
      <metrics statements="96" coveredstatements="93" conditionals="28" coveredconditionals="19" methods="14" coveredmethods="13"/>
      <file name="SprintStatistics.js" path="/Users/mikedunham/Documents/Coding/sprint-tracker/src/components/SprintStatistics/SprintStatistics.js">
        <metrics statements="96" coveredstatements="93" conditionals="28" coveredconditionals="19" methods="14" coveredmethods="13"/>
        <line num="22" count="38" type="stmt"/>
        <line num="83" count="38" type="stmt"/>
        <line num="85" count="38" type="stmt"/>
        <line num="87" count="38" type="stmt"/>
        <line num="88" count="342" type="stmt"/>
        <line num="90" count="342" type="stmt"/>
        <line num="91" count="1134" type="cond" truecount="2" falsecount="0"/>
        <line num="92" count="342" type="stmt"/>
        <line num="99" count="38" type="stmt"/>
        <line num="101" count="76" type="stmt"/>
        <line num="103" count="76" type="stmt"/>
        <line num="107" count="76" type="stmt"/>
        <line num="108" count="76" type="stmt"/>
        <line num="110" count="76" type="stmt"/>
        <line num="111" count="208" type="stmt"/>
        <line num="113" count="208" type="cond" truecount="2" falsecount="0"/>
        <line num="114" count="104" type="stmt"/>
        <line num="115" count="104" type="cond" truecount="1" falsecount="1"/>
        <line num="116" count="104" type="stmt"/>
        <line num="123" count="208" type="cond" truecount="1" falsecount="1"/>
        <line num="124" count="0" type="stmt"/>
        <line num="126" count="208" type="stmt"/>
        <line num="130" count="76" type="stmt"/>
        <line num="133" count="38" type="stmt"/>
        <line num="135" count="76" type="stmt"/>
        <line num="137" count="76" type="stmt"/>
        <line num="141" count="76" type="stmt"/>
        <line num="142" count="76" type="stmt"/>
        <line num="144" count="76" type="stmt"/>
        <line num="145" count="208" type="stmt"/>
        <line num="147" count="208" type="cond" truecount="2" falsecount="0"/>
        <line num="148" count="104" type="stmt"/>
        <line num="149" count="104" type="cond" truecount="1" falsecount="1"/>
        <line num="150" count="104" type="stmt"/>
        <line num="156" count="208" type="stmt"/>
        <line num="157" count="208" type="stmt"/>
        <line num="159" count="208" type="cond" truecount="1" falsecount="1"/>
        <line num="160" count="0" type="stmt"/>
        <line num="162" count="208" type="stmt"/>
        <line num="166" count="76" type="stmt"/>
        <line num="169" count="38" type="stmt"/>
        <line num="170" count="38" type="stmt"/>
        <line num="172" count="38" type="stmt"/>
        <line num="178" count="38" type="stmt"/>
        <line num="179" count="38" type="stmt"/>
        <line num="184" count="38" type="stmt"/>
        <line num="185" count="38" type="stmt"/>
        <line num="187" count="38" type="stmt"/>
        <line num="188" count="104" type="stmt"/>
        <line num="189" count="104" type="stmt"/>
        <line num="191" count="104" type="stmt"/>
        <line num="194" count="38" type="stmt"/>
        <line num="197" count="38" type="stmt"/>
        <line num="198" count="76" type="stmt"/>
        <line num="199" count="76" type="stmt"/>
        <line num="201" count="76" type="stmt"/>
        <line num="202" count="76" type="stmt"/>
        <line num="204" count="76" type="stmt"/>
        <line num="205" count="208" type="stmt"/>
        <line num="206" count="208" type="stmt"/>
        <line num="208" count="208" type="stmt"/>
        <line num="209" count="208" type="cond" truecount="2" falsecount="0"/>
        <line num="210" count="40" type="stmt"/>
        <line num="212" count="168" type="stmt"/>
        <line num="215" count="208" type="stmt"/>
        <line num="216" count="208" type="stmt"/>
        <line num="219" count="76" type="stmt"/>
        <line num="225" count="76" type="stmt"/>
        <line num="228" count="38" type="stmt"/>
        <line num="229" count="38" type="stmt"/>
        <line num="231" count="38" type="stmt"/>
        <line num="235" count="38" type="stmt"/>
        <line num="236" count="76" type="stmt"/>
        <line num="239" count="38" type="stmt"/>
        <line num="243" count="38" type="stmt"/>
        <line num="244" count="38" type="stmt"/>
        <line num="245" count="38" type="stmt"/>
        <line num="246" count="38" type="stmt"/>
        <line num="247" count="38" type="stmt"/>
        <line num="248" count="38" type="stmt"/>
        <line num="249" count="38" type="stmt"/>
        <line num="252" count="38" type="stmt"/>
        <line num="253" count="104" type="stmt"/>
        <line num="274" count="38" type="stmt"/>
        <line num="276" count="38" type="stmt"/>
        <line num="277" count="104" type="stmt"/>
        <line num="301" count="38" type="stmt"/>
        <line num="303" count="38" type="stmt"/>
        <line num="304" count="38" type="stmt"/>
        <line num="306" count="38" type="stmt"/>
        <line num="312" count="38" type="stmt"/>
        <line num="315" count="38" type="stmt"/>
        <line num="326" count="0" type="cond" truecount="0" falsecount="2"/>
        <line num="331" count="38" type="stmt"/>
        <line num="408" count="38" type="stmt"/>
        <line num="409" count="38" type="stmt"/>
      </file>
    </package>
    <package name="src.components.UI.CancelButton">
      <metrics statements="4" coveredstatements="4" conditionals="0" coveredconditionals="0" methods="2" coveredmethods="2"/>
      <file name="CancelButton.js" path="/Users/mikedunham/Documents/Coding/sprint-tracker/src/components/UI/CancelButton/CancelButton.js">
        <metrics statements="4" coveredstatements="4" conditionals="0" coveredconditionals="0" methods="2" coveredmethods="2"/>
        <line num="7" count="170" type="stmt"/>
        <line num="18" count="38" type="stmt"/>
        <line num="19" count="6486" type="stmt"/>
        <line num="21" count="6486" type="stmt"/>
      </file>
    </package>
    <package name="src.components.UI.Input">
      <metrics statements="22" coveredstatements="21" conditionals="17" coveredconditionals="16" methods="3" coveredmethods="3"/>
      <file name="Input.js" path="/Users/mikedunham/Documents/Coding/sprint-tracker/src/components/UI/Input/Input.js">
        <metrics statements="22" coveredstatements="21" conditionals="17" coveredconditionals="16" methods="3" coveredmethods="3"/>
        <line num="10" count="132" type="stmt"/>
        <line num="41" count="38" type="stmt"/>
        <line num="42" count="95540" type="stmt"/>
        <line num="44" count="95540" type="stmt"/>
        <line num="45" count="95540" type="stmt"/>
        <line num="47" count="95540" type="cond" truecount="5" falsecount="0"/>
        <line num="48" count="48" type="stmt"/>
        <line num="51" count="95540" type="cond" truecount="5" falsecount="1"/>
        <line num="53" count="10580" type="stmt"/>
        <line num="54" count="10580" type="stmt"/>
        <line num="56" count="31740" type="stmt"/>
        <line num="60" count="31740" type="stmt"/>
        <line num="62" count="16528" type="stmt"/>
        <line num="67" count="16528" type="stmt"/>
        <line num="69" count="32060" type="stmt"/>
        <line num="76" count="179964" type="stmt"/>
        <line num="81" count="32060" type="stmt"/>
        <line num="83" count="4632" type="stmt"/>
        <line num="94" count="4632" type="stmt"/>
        <line num="96" count="0" type="stmt"/>
        <line num="104" count="95540" type="stmt"/>
        <line num="119" count="38" type="stmt"/>
      </file>
    </package>
    <package name="src.containers.EditProject">
      <metrics statements="130" coveredstatements="127" conditionals="54" coveredconditionals="46" methods="29" coveredmethods="29"/>
      <file name="EditProject.js" path="/Users/mikedunham/Documents/Coding/sprint-tracker/src/containers/EditProject/EditProject.js">
        <metrics statements="130" coveredstatements="127" conditionals="54" coveredconditionals="46" methods="29" coveredmethods="29"/>
        <line num="41" count="78" type="stmt"/>
        <line num="91" count="78" type="stmt"/>
        <line num="483" count="78" type="cond" truecount="2" falsecount="0"/>
        <line num="484" count="46" type="stmt"/>
        <line num="485" count="32" type="cond" truecount="1" falsecount="1"/>
        <line num="486" count="32" type="stmt"/>
        <line num="488" count="0" type="stmt"/>
        <line num="492" count="78" type="stmt"/>
        <line num="494" count="46" type="cond" truecount="2" falsecount="0"/>
        <line num="495" count="18" type="stmt"/>
        <line num="497" count="28" type="stmt"/>
        <line num="500" count="46" type="stmt"/>
        <line num="501" count="94" type="cond" truecount="2" falsecount="0"/>
        <line num="502" count="46" type="stmt"/>
        <line num="506" count="0" type="stmt"/>
        <line num="509" count="78" type="stmt"/>
        <line num="510" count="32" type="stmt"/>
        <line num="513" count="32" type="stmt"/>
        <line num="515" count="32" type="stmt"/>
        <line num="521" count="78" type="stmt"/>
        <line num="522" count="46" type="stmt"/>
        <line num="524" count="46" type="stmt"/>
        <line num="549" count="46" type="stmt"/>
        <line num="550" count="46" type="stmt"/>
        <line num="552" count="46" type="stmt"/>
        <line num="554" count="46" type="cond" truecount="2" falsecount="0"/>
        <line num="555" count="18" type="stmt"/>
        <line num="557" count="28" type="cond" truecount="1" falsecount="1"/>
        <line num="558" count="0" type="stmt"/>
        <line num="560" count="28" type="stmt"/>
        <line num="563" count="46" type="stmt"/>
        <line num="564" count="966" type="stmt"/>
        <line num="566" count="46" type="stmt"/>
        <line num="567" count="1012" type="stmt"/>
        <line num="569" count="1012" type="stmt"/>
        <line num="570" count="1012" type="stmt"/>
        <line num="572" count="1012" type="stmt"/>
        <line num="577" count="46" type="stmt"/>
        <line num="583" count="78" type="stmt"/>
        <line num="584" count="4024" type="stmt"/>
        <line num="588" count="4024" type="stmt"/>
        <line num="591" count="4024" type="stmt"/>
        <line num="592" count="4024" type="cond" truecount="1" falsecount="1"/>
        <line num="593" count="4024" type="stmt"/>
        <line num="595" count="4024" type="stmt"/>
        <line num="596" count="4024" type="stmt"/>
        <line num="598" count="4024" type="stmt"/>
        <line num="599" count="4024" type="stmt"/>
        <line num="600" count="88528" type="cond" truecount="2" falsecount="0"/>
        <line num="603" count="4024" type="stmt"/>
        <line num="609" count="78" type="stmt"/>
        <line num="610" count="60" type="stmt"/>
        <line num="611" count="60" type="stmt"/>
        <line num="613" count="60" type="stmt"/>
        <line num="614" count="1320" type="stmt"/>
        <line num="616" count="1320" type="stmt"/>
        <line num="619" count="60" type="stmt"/>
        <line num="622" count="78" type="stmt"/>
        <line num="623" count="48" type="stmt"/>
        <line num="625" count="48" type="stmt"/>
        <line num="627" count="48" type="cond" truecount="2" falsecount="0"/>
        <line num="628" count="16" type="stmt"/>
        <line num="629" count="32" type="cond" truecount="1" falsecount="1"/>
        <line num="630" count="32" type="stmt"/>
        <line num="633" count="48" type="stmt"/>
        <line num="636" count="78" type="stmt"/>
        <line num="637" count="18" type="stmt"/>
        <line num="640" count="78" type="stmt"/>
        <line num="641" count="18" type="stmt"/>
        <line num="644" count="78" type="stmt"/>
        <line num="645" count="18" type="stmt"/>
        <line num="646" count="18" type="stmt"/>
        <line num="647" count="18" type="stmt"/>
        <line num="648" count="18" type="stmt"/>
        <line num="651" count="78" type="stmt"/>
        <line num="652" count="12" type="stmt"/>
        <line num="655" count="78" type="stmt"/>
        <line num="656" count="12" type="stmt"/>
        <line num="659" count="78" type="stmt"/>
        <line num="660" count="12" type="stmt"/>
        <line num="662" count="12" type="stmt"/>
        <line num="663" count="12" type="stmt"/>
        <line num="664" count="12" type="stmt"/>
        <line num="667" count="78" type="stmt"/>
        <line num="668" count="4210" type="cond" truecount="2" falsecount="0"/>
        <line num="669" count="1932" type="stmt"/>
        <line num="671" count="2278" type="stmt"/>
        <line num="672" count="2278" type="stmt"/>
        <line num="674" count="2278" type="stmt"/>
        <line num="679" count="4210" type="stmt"/>
        <line num="681" count="4210" type="stmt"/>
        <line num="683" count="4210" type="stmt"/>
        <line num="684" count="4210" type="stmt"/>
        <line num="686" count="92620" type="stmt"/>
        <line num="688" count="92620" type="cond" truecount="4" falsecount="0"/>
        <line num="689" count="33680" type="cond" truecount="2" falsecount="0"/>
        <line num="690" count="13668" type="stmt"/>
        <line num="694" count="92620" type="cond" truecount="2" falsecount="0"/>
        <line num="695" count="78952" type="stmt"/>
        <line num="703" count="4210" type="stmt"/>
        <line num="713" count="78952" type="stmt"/>
        <line num="722" count="4024" type="stmt"/>
        <line num="772" count="4210" type="stmt"/>
        <line num="773" count="4210" type="stmt"/>
        <line num="775" count="4210" type="cond" truecount="2" falsecount="0"/>
        <line num="776" count="3528" type="stmt"/>
        <line num="777" count="3528" type="stmt"/>
        <line num="781" count="4210" type="stmt"/>
        <line num="806" count="4210" type="stmt"/>
        <line num="807" count="4210" type="stmt"/>
        <line num="810" count="4210" type="cond" truecount="2" falsecount="0"/>
        <line num="811" count="12" type="stmt"/>
        <line num="814" count="84" type="stmt"/>
        <line num="818" count="60" type="stmt"/>
        <line num="820" count="60" type="stmt"/>
        <line num="826" count="60" type="cond" truecount="1" falsecount="1"/>
        <line num="827" count="60" type="stmt"/>
        <line num="835" count="12" type="stmt"/>
        <line num="843" count="12" type="stmt"/>
        <line num="849" count="72" type="stmt"/>
        <line num="850" count="12" type="cond" truecount="2" falsecount="0"/>
        <line num="887" count="4210" type="stmt"/>
        <line num="915" count="38" type="stmt"/>
        <line num="916" count="78" type="stmt"/>
        <line num="924" count="38" type="stmt"/>
        <line num="925" count="78" type="stmt"/>
        <line num="926" count="16" type="stmt"/>
        <line num="927" count="32" type="stmt"/>
        <line num="928" count="18" type="stmt"/>
        <line num="929" count="12" type="stmt"/>
      </file>
    </package>
    <package name="src.containers.EditSprint">
      <metrics statements="110" coveredstatements="103" conditionals="32" coveredconditionals="24" methods="20" coveredmethods="20"/>
      <file name="EditSprint.js" path="/Users/mikedunham/Documents/Coding/sprint-tracker/src/containers/EditSprint/EditSprint.js">
        <metrics statements="110" coveredstatements="103" conditionals="32" coveredconditionals="24" methods="20" coveredmethods="20"/>
        <line num="29" count="54" type="stmt"/>
        <line num="76" count="54" type="stmt"/>
        <line num="169" count="54" type="cond" truecount="2" falsecount="0"/>
        <line num="170" count="32" type="stmt"/>
        <line num="171" count="22" type="cond" truecount="1" falsecount="1"/>
        <line num="172" count="22" type="stmt"/>
        <line num="174" count="0" type="stmt"/>
        <line num="178" count="54" type="stmt"/>
        <line num="179" count="22" type="stmt"/>
        <line num="181" count="22" type="stmt"/>
        <line num="184" count="22" type="stmt"/>
        <line num="186" count="22" type="stmt"/>
        <line num="191" count="54" type="stmt"/>
        <line num="192" count="32" type="stmt"/>
        <line num="194" count="32" type="stmt"/>
        <line num="196" count="32" type="stmt"/>
        <line num="198" count="32" type="stmt"/>
        <line num="199" count="224" type="cond" truecount="2" falsecount="0"/>
        <line num="200" count="32" type="stmt"/>
        <line num="204" count="32" type="cond" truecount="1" falsecount="1"/>
        <line num="205" count="0" type="stmt"/>
        <line num="208" count="32" type="stmt"/>
        <line num="218" count="32" type="stmt"/>
        <line num="219" count="160" type="stmt"/>
        <line num="222" count="32" type="stmt"/>
        <line num="223" count="192" type="stmt"/>
        <line num="226" count="192" type="stmt"/>
        <line num="227" count="192" type="stmt"/>
        <line num="229" count="192" type="stmt"/>
        <line num="232" count="32" type="stmt"/>
        <line num="234" count="32" type="stmt"/>
        <line num="240" count="54" type="stmt"/>
        <line num="241" count="2198" type="stmt"/>
        <line num="243" count="2198" type="stmt"/>
        <line num="247" count="2198" type="stmt"/>
        <line num="250" count="2198" type="stmt"/>
        <line num="251" count="2198" type="cond" truecount="1" falsecount="1"/>
        <line num="252" count="2198" type="stmt"/>
        <line num="254" count="2198" type="stmt"/>
        <line num="255" count="2198" type="stmt"/>
        <line num="257" count="2198" type="stmt"/>
        <line num="258" count="2198" type="stmt"/>
        <line num="259" count="13188" type="cond" truecount="2" falsecount="0"/>
        <line num="262" count="2198" type="stmt"/>
        <line num="268" count="54" type="stmt"/>
        <line num="273" count="44" type="stmt"/>
        <line num="275" count="44" type="cond" truecount="1" falsecount="1"/>
        <line num="276" count="44" type="stmt"/>
        <line num="278" count="0" type="stmt"/>
        <line num="285" count="44" type="cond" truecount="1" falsecount="1"/>
        <line num="286" count="0" type="stmt"/>
        <line num="287" count="0" type="stmt"/>
        <line num="290" count="0" type="stmt"/>
        <line num="293" count="44" type="stmt"/>
        <line num="297" count="44" type="stmt"/>
        <line num="300" count="44" type="stmt"/>
        <line num="301" count="44" type="cond" truecount="1" falsecount="1"/>
        <line num="302" count="44" type="stmt"/>
        <line num="304" count="44" type="stmt"/>
        <line num="305" count="44" type="stmt"/>
        <line num="307" count="44" type="stmt"/>
        <line num="308" count="44" type="stmt"/>
        <line num="309" count="264" type="cond" truecount="2" falsecount="0"/>
        <line num="313" count="44" type="cond" truecount="1" falsecount="1"/>
        <line num="314" count="0" type="stmt"/>
        <line num="317" count="44" type="stmt"/>
        <line num="323" count="54" type="stmt"/>
        <line num="324" count="42" type="stmt"/>
        <line num="326" count="42" type="stmt"/>
        <line num="327" count="42" type="stmt"/>
        <line num="329" count="42" type="stmt"/>
        <line num="330" count="252" type="stmt"/>
        <line num="333" count="42" type="cond" truecount="2" falsecount="0"/>
        <line num="335" count="20" type="stmt"/>
        <line num="336" count="22" type="cond" truecount="1" falsecount="1"/>
        <line num="337" count="22" type="stmt"/>
        <line num="339" count="22" type="stmt"/>
        <line num="342" count="42" type="stmt"/>
        <line num="345" count="54" type="stmt"/>
        <line num="346" count="12" type="stmt"/>
        <line num="349" count="54" type="stmt"/>
        <line num="350" count="12" type="stmt"/>
        <line num="353" count="54" type="stmt"/>
        <line num="355" count="4" type="stmt"/>
        <line num="356" count="4" type="stmt"/>
        <line num="357" count="4" type="stmt"/>
        <line num="361" count="2370" type="stmt"/>
        <line num="363" count="2370" type="stmt"/>
        <line num="364" count="2370" type="stmt"/>
        <line num="365" count="14220" type="stmt"/>
        <line num="372" count="2370" type="stmt"/>
        <line num="375" count="14220" type="stmt"/>
        <line num="384" count="2198" type="stmt"/>
        <line num="385" count="44" type="stmt"/>
        <line num="424" count="2370" type="stmt"/>
        <line num="449" count="2370" type="cond" truecount="2" falsecount="0"/>
        <line num="450" count="24" type="stmt"/>
        <line num="474" count="2370" type="stmt"/>
        <line num="475" count="2370" type="stmt"/>
        <line num="477" count="2370" type="cond" truecount="2" falsecount="0"/>
        <line num="478" count="1606" type="stmt"/>
        <line num="479" count="1606" type="stmt"/>
        <line num="482" count="2370" type="stmt"/>
        <line num="511" count="38" type="stmt"/>
        <line num="512" count="54" type="stmt"/>
        <line num="519" count="38" type="stmt"/>
        <line num="520" count="54" type="stmt"/>
        <line num="521" count="20" type="stmt"/>
        <line num="522" count="22" type="stmt"/>
        <line num="523" count="4" type="stmt"/>
      </file>
    </package>
    <package name="src.containers.ErrorBoundary">
      <metrics statements="8" coveredstatements="6" conditionals="2" coveredconditionals="1" methods="4" coveredmethods="3"/>
      <file name="ErrorBoundary.js" path="/Users/mikedunham/Documents/Coding/sprint-tracker/src/containers/ErrorBoundary/ErrorBoundary.js">
        <metrics statements="8" coveredstatements="6" conditionals="2" coveredconditionals="1" methods="4" coveredmethods="3"/>
        <line num="6" count="38" type="stmt"/>
        <line num="17" count="76" type="stmt"/>
        <line num="18" count="76" type="stmt"/>
        <line num="23" count="0" type="stmt"/>
        <line num="32" count="364" type="stmt"/>
        <line num="34" count="364" type="cond" truecount="1" falsecount="1"/>
        <line num="36" count="0" type="stmt"/>
        <line num="45" count="364" type="stmt"/>
      </file>
    </package>
    <package name="src.containers.ErrorBoundary.ModalErrorBoundary">
      <metrics statements="8" coveredstatements="6" conditionals="2" coveredconditionals="1" methods="4" coveredmethods="3"/>
      <file name="ModalErrorBoundary.js" path="/Users/mikedunham/Documents/Coding/sprint-tracker/src/containers/ErrorBoundary/ModalErrorBoundary/ModalErrorBoundary.js">
        <metrics statements="8" coveredstatements="6" conditionals="2" coveredconditionals="1" methods="4" coveredmethods="3"/>
        <line num="10" count="170" type="stmt"/>
        <line num="39" count="170" type="stmt"/>
        <line num="40" count="170" type="stmt"/>
        <line num="45" count="0" type="stmt"/>
        <line num="54" count="170" type="stmt"/>
        <line num="56" count="170" type="cond" truecount="1" falsecount="1"/>
        <line num="58" count="0" type="stmt"/>
        <line num="78" count="170" type="stmt"/>
      </file>
    </package>
    <package name="src.containers.Layout">
      <metrics statements="11" coveredstatements="11" conditionals="14" coveredconditionals="14" methods="5" coveredmethods="5"/>
      <file name="Layout.js" path="/Users/mikedunham/Documents/Coding/sprint-tracker/src/containers/Layout/Layout.js">
        <metrics statements="11" coveredstatements="11" conditionals="14" coveredconditionals="14" methods="5" coveredmethods="5"/>
        <line num="29" count="38" type="stmt"/>
        <line num="49" count="38" type="stmt"/>
        <line num="53" count="38" type="stmt"/>
        <line num="54" count="56" type="stmt"/>
        <line num="55" count="56" type="stmt"/>
        <line num="60" count="253" type="stmt"/>
        <line num="62" count="253" type="stmt"/>
        <line num="63" count="253" type="stmt"/>
        <line num="122" count="253" type="stmt"/>
        <line num="151" count="38" type="stmt"/>
        <line num="152" count="345" type="stmt"/>
      </file>
    </package>
    <package name="src.containers.MainView">
      <metrics statements="122" coveredstatements="106" conditionals="77" coveredconditionals="61" methods="39" coveredmethods="31"/>
      <file name="MainView.js" path="/Users/mikedunham/Documents/Coding/sprint-tracker/src/containers/MainView/MainView.js">
        <metrics statements="122" coveredstatements="106" conditionals="77" coveredconditionals="61" methods="39" coveredmethods="31"/>
        <line num="19" count="58" type="stmt"/>
        <line num="85" count="58" type="stmt"/>
        <line num="111" count="58" type="stmt"/>
        <line num="113" count="58" type="stmt"/>
        <line num="114" count="58" type="stmt"/>
        <line num="115" count="58" type="cond" truecount="2" falsecount="0"/>
        <line num="116" count="15" type="stmt"/>
        <line num="120" count="58" type="stmt"/>
        <line num="121" count="515" type="stmt"/>
        <line num="124" count="58" type="stmt"/>
        <line num="126" count="573" type="stmt"/>
        <line num="127" count="573" type="stmt"/>
        <line num="128" count="573" type="stmt"/>
        <line num="130" count="573" type="stmt"/>
        <line num="131" count="1570" type="cond" truecount="2" falsecount="0"/>
        <line num="135" count="522" type="stmt"/>
        <line num="138" count="522" type="cond" truecount="1" falsecount="1"/>
        <line num="139" count="522" type="stmt"/>
        <line num="142" count="522" type="cond" truecount="2" falsecount="0"/>
        <line num="143" count="520" type="stmt"/>
        <line num="146" count="522" type="stmt"/>
        <line num="147" count="1048" type="cond" truecount="1" falsecount="1"/>
        <line num="151" count="0" type="stmt"/>
        <line num="153" count="0" type="cond" truecount="0" falsecount="2"/>
        <line num="154" count="0" type="stmt"/>
        <line num="157" count="0" type="stmt"/>
        <line num="161" count="573" type="cond" truecount="5" falsecount="0"/>
        <line num="165" count="58" type="stmt"/>
        <line num="173" count="58" type="stmt"/>
        <line num="174" count="20" type="stmt"/>
        <line num="175" count="20" type="stmt"/>
        <line num="179" count="58" type="stmt"/>
        <line num="180" count="0" type="stmt"/>
        <line num="181" count="0" type="stmt"/>
        <line num="185" count="58" type="stmt"/>
        <line num="186" count="14" type="stmt"/>
        <line num="187" count="14" type="stmt"/>
        <line num="191" count="58" type="stmt"/>
        <line num="192" count="20" type="stmt"/>
        <line num="193" count="20" type="stmt"/>
        <line num="197" count="58" type="stmt"/>
        <line num="198" count="120" type="cond" truecount="2" falsecount="0"/>
        <line num="199" count="32" type="stmt"/>
        <line num="201" count="88" type="stmt"/>
        <line num="202" count="616" type="cond" truecount="2" falsecount="0"/>
        <line num="203" count="88" type="stmt"/>
        <line num="209" count="58" type="stmt"/>
        <line num="210" count="46" type="stmt"/>
        <line num="218" count="58" type="stmt"/>
        <line num="219" count="46" type="stmt"/>
        <line num="227" count="58" type="stmt"/>
        <line num="228" count="32" type="stmt"/>
        <line num="235" count="58" type="stmt"/>
        <line num="236" count="32" type="stmt"/>
        <line num="243" count="58" type="stmt"/>
        <line num="244" count="32" type="stmt"/>
        <line num="251" count="58" type="stmt"/>
        <line num="252" count="32" type="stmt"/>
        <line num="259" count="58" type="stmt"/>
        <line num="260" count="22" type="stmt"/>
        <line num="262" count="22" type="stmt"/>
        <line num="267" count="58" type="stmt"/>
        <line num="268" count="22" type="stmt"/>
        <line num="273" count="58" type="stmt"/>
        <line num="274" count="10" type="stmt"/>
        <line num="281" count="58" type="stmt"/>
        <line num="282" count="10" type="stmt"/>
        <line num="290" count="573" type="stmt"/>
        <line num="293" count="573" type="stmt"/>
        <line num="295" count="573" type="cond" truecount="5" falsecount="0"/>
        <line num="296" count="113" type="stmt"/>
        <line num="313" count="460" type="cond" truecount="2" falsecount="0"/>
        <line num="314" count="109" type="stmt"/>
        <line num="318" count="573" type="stmt"/>
        <line num="320" count="573" type="cond" truecount="2" falsecount="3"/>
        <line num="321" count="0" type="stmt"/>
        <line num="338" count="573" type="cond" truecount="1" falsecount="1"/>
        <line num="339" count="0" type="stmt"/>
        <line num="343" count="573" type="stmt"/>
        <line num="345" count="573" type="cond" truecount="5" falsecount="0"/>
        <line num="346" count="176" type="stmt"/>
        <line num="358" count="397" type="cond" truecount="1" falsecount="1"/>
        <line num="359" count="0" type="stmt"/>
        <line num="363" count="573" type="stmt"/>
        <line num="365" count="573" type="cond" truecount="5" falsecount="0"/>
        <line num="367" count="331" type="stmt"/>
        <line num="369" count="989" type="stmt"/>
        <line num="375" count="18" type="stmt"/>
        <line num="382" count="32" type="stmt"/>
        <line num="389" count="10" type="stmt"/>
        <line num="406" count="331" type="stmt"/>
        <line num="413" count="242" type="cond" truecount="1" falsecount="1"/>
        <line num="414" count="0" type="stmt"/>
        <line num="420" count="573" type="stmt"/>
        <line num="422" count="573" type="cond" truecount="2" falsecount="0"/>
        <line num="423" count="46" type="stmt"/>
        <line num="441" count="573" type="stmt"/>
        <line num="443" count="573" type="cond" truecount="2" falsecount="0"/>
        <line num="444" count="32" type="stmt"/>
        <line num="462" count="573" type="stmt"/>
        <line num="464" count="573" type="cond" truecount="2" falsecount="0"/>
        <line num="465" count="32" type="stmt"/>
        <line num="481" count="573" type="stmt"/>
        <line num="483" count="573" type="cond" truecount="2" falsecount="0"/>
        <line num="484" count="22" type="stmt"/>
        <line num="499" count="573" type="stmt"/>
        <line num="501" count="573" type="cond" truecount="2" falsecount="0"/>
        <line num="502" count="10" type="stmt"/>
        <line num="517" count="573" type="stmt"/>
        <line num="528" count="0" type="stmt"/>
        <line num="535" count="0" type="stmt"/>
        <line num="542" count="0" type="stmt"/>
        <line num="562" count="0" type="stmt"/>
        <line num="569" count="0" type="stmt"/>
        <line num="576" count="0" type="stmt"/>
        <line num="596" count="14" type="stmt"/>
        <line num="641" count="38" type="stmt"/>
        <line num="642" count="270" type="stmt"/>
        <line num="648" count="38" type="stmt"/>
        <line num="649" count="58" type="stmt"/>
        <line num="650" count="58" type="stmt"/>
        <line num="651" count="15" type="stmt"/>
      </file>
    </package>
    <package name="src.containers.PastSprints">
      <metrics statements="22" coveredstatements="22" conditionals="6" coveredconditionals="5" methods="9" coveredmethods="9"/>
      <file name="PastSprints.js" path="/Users/mikedunham/Documents/Coding/sprint-tracker/src/containers/PastSprints/PastSprints.js">
        <metrics statements="22" coveredstatements="22" conditionals="6" coveredconditionals="5" methods="9" coveredmethods="9"/>
        <line num="13" count="38" type="stmt"/>
        <line num="24" count="28" type="stmt"/>
        <line num="30" count="28" type="stmt"/>
        <line num="31" count="28" type="stmt"/>
        <line num="32" count="56" type="cond" truecount="2" falsecount="0"/>
        <line num="33" count="28" type="stmt"/>
        <line num="38" count="28" type="stmt"/>
        <line num="39" count="28" type="stmt"/>
        <line num="46" count="28" type="stmt"/>
        <line num="47" count="28" type="stmt"/>
        <line num="55" count="84" type="stmt"/>
        <line num="58" count="84" type="stmt"/>
        <line num="63" count="84" type="stmt"/>
        <line num="65" count="504" type="stmt"/>
        <line num="67" count="84" type="stmt"/>
        <line num="69" count="168" type="stmt"/>
        <line num="79" count="84" type="stmt"/>
        <line num="81" count="84" type="cond" truecount="2" falsecount="0"/>
        <line num="82" count="28" type="stmt"/>
        <line num="97" count="84" type="stmt"/>
        <line num="107" count="38" type="stmt"/>
        <line num="108" count="28" type="stmt"/>
      </file>
    </package>
    <package name="src.containers.PastSprints.PastSprint">
      <metrics statements="14" coveredstatements="14" conditionals="6" coveredconditionals="5" methods="6" coveredmethods="6"/>
      <file name="PastSprint.js" path="/Users/mikedunham/Documents/Coding/sprint-tracker/src/containers/PastSprints/PastSprint/PastSprint.js">
        <metrics statements="14" coveredstatements="14" conditionals="6" coveredconditionals="5" methods="6" coveredmethods="6"/>
        <line num="18" count="38" type="stmt"/>
        <line num="77" count="56" type="stmt"/>
        <line num="81" count="56" type="stmt"/>
        <line num="82" count="28" type="stmt"/>
        <line num="83" count="28" type="stmt"/>
        <line num="90" count="56" type="stmt"/>
        <line num="91" count="84" type="stmt"/>
        <line num="92" count="84" type="stmt"/>
        <line num="96" count="196" type="stmt"/>
        <line num="98" count="196" type="stmt"/>
        <line num="100" count="196" type="cond" truecount="2" falsecount="0"/>
        <line num="101" count="84" type="stmt"/>
        <line num="125" count="196" type="stmt"/>
        <line num="136" count="28" type="stmt"/>
      </file>
    </package>
    <package name="src.shared">
      <metrics statements="20" coveredstatements="13" conditionals="24" coveredconditionals="18" methods="1" coveredmethods="1"/>
      <file name="utility.js" path="/Users/mikedunham/Documents/Coding/sprint-tracker/src/shared/utility.js">
        <metrics statements="20" coveredstatements="13" conditionals="24" coveredconditionals="18" methods="1" coveredmethods="1"/>
        <line num="1" count="38" type="stmt"/>
        <line num="2" count="6266" type="stmt"/>
        <line num="3" count="6266" type="stmt"/>
        <line num="5" count="6266" type="cond" truecount="1" falsecount="1"/>
        <line num="6" count="0" type="stmt"/>
        <line num="9" count="6266" type="cond" truecount="3" falsecount="1"/>
        <line num="10" count="6266" type="cond" truecount="2" falsecount="0"/>
        <line num="11" count="6222" type="stmt"/>
        <line num="13" count="44" type="stmt"/>
        <line num="17" count="6266" type="cond" truecount="3" falsecount="1"/>
        <line num="18" count="0" type="stmt"/>
        <line num="21" count="6266" type="cond" truecount="3" falsecount="1"/>
        <line num="22" count="0" type="stmt"/>
        <line num="25" count="6266" type="cond" truecount="3" falsecount="1"/>
        <line num="26" count="0" type="stmt"/>
        <line num="27" count="0" type="stmt"/>
        <line num="30" count="6266" type="cond" truecount="3" falsecount="1"/>
        <line num="31" count="0" type="stmt"/>
        <line num="32" count="0" type="stmt"/>
        <line num="35" count="6266" type="stmt"/>
      </file>
    </package>
    <package name="src.store">
      <metrics statements="7" coveredstatements="7" conditionals="0" coveredconditionals="0" methods="3" coveredmethods="3"/>
      <file name="initialDemoData.js" path="/Users/mikedunham/Documents/Coding/sprint-tracker/src/store/initialDemoData.js">
        <metrics statements="1" coveredstatements="1" conditionals="0" coveredconditionals="0" methods="0" coveredmethods="0"/>
        <line num="3" count="38" type="stmt"/>
      </file>
      <file name="utility.js" path="/Users/mikedunham/Documents/Coding/sprint-tracker/src/store/utility.js">
        <metrics statements="6" coveredstatements="6" conditionals="0" coveredconditionals="0" methods="3" coveredmethods="3"/>
        <line num="1" count="38" type="stmt"/>
        <line num="2" count="93" type="stmt"/>
        <line num="8" count="38" type="stmt"/>
        <line num="9" count="138" type="stmt"/>
        <line num="10" count="519" type="stmt"/>
        <line num="15" count="138" type="stmt"/>
      </file>
    </package>
    <package name="src.store.actions">
      <metrics statements="184" coveredstatements="153" conditionals="26" coveredconditionals="21" methods="62" coveredmethods="50"/>
      <file name="actionTypes.js" path="/Users/mikedunham/Documents/Coding/sprint-tracker/src/store/actions/actionTypes.js">
        <metrics statements="17" coveredstatements="17" conditionals="0" coveredconditionals="0" methods="0" coveredmethods="0"/>
        <line num="2" count="38" type="stmt"/>
        <line num="3" count="38" type="stmt"/>
        <line num="4" count="38" type="stmt"/>
        <line num="5" count="38" type="stmt"/>
        <line num="6" count="38" type="stmt"/>
        <line num="7" count="38" type="stmt"/>
        <line num="8" count="38" type="stmt"/>
        <line num="9" count="38" type="stmt"/>
        <line num="10" count="38" type="stmt"/>
        <line num="11" count="38" type="stmt"/>
        <line num="12" count="38" type="stmt"/>
        <line num="15" count="38" type="stmt"/>
        <line num="16" count="38" type="stmt"/>
        <line num="17" count="38" type="stmt"/>
        <line num="18" count="38" type="stmt"/>
        <line num="19" count="38" type="stmt"/>
        <line num="21" count="38" type="stmt"/>
      </file>
      <file name="authentication.js" path="/Users/mikedunham/Documents/Coding/sprint-tracker/src/store/actions/authentication.js">
        <metrics statements="77" coveredstatements="60" conditionals="8" coveredconditionals="4" methods="28" coveredmethods="23"/>
        <line num="5" count="38" type="stmt"/>
        <line num="6" count="38" type="stmt"/>
        <line num="8" count="38" type="stmt"/>
        <line num="9" count="15" type="stmt"/>
        <line num="10" count="15" type="stmt"/>
        <line num="11" count="15" type="stmt"/>
        <line num="15" count="38" type="stmt"/>
        <line num="17" count="15" type="stmt"/>
        <line num="22" count="38" type="stmt"/>
        <line num="24" count="15" type="stmt"/>
        <line num="29" count="38" type="stmt"/>
        <line num="30" count="19" type="stmt"/>
        <line num="35" count="38" type="stmt"/>
        <line num="36" count="18" type="stmt"/>
        <line num="43" count="38" type="stmt"/>
        <line num="44" count="18" type="stmt"/>
        <line num="45" count="18" type="stmt"/>
        <line num="46" count="0" type="stmt"/>
        <line num="51" count="38" type="stmt"/>
        <line num="52" count="1" type="stmt"/>
        <line num="58" count="38" type="stmt"/>
        <line num="59" count="40" type="stmt"/>
        <line num="60" count="40" type="stmt"/>
        <line num="61" count="40" type="stmt"/>
        <line num="62" count="40" type="stmt"/>
        <line num="63" count="40" type="stmt"/>
        <line num="64" count="40" type="stmt"/>
        <line num="69" count="38" type="stmt"/>
        <line num="70" count="40" type="stmt"/>
        <line num="75" count="38" type="stmt"/>
        <line num="76" count="0" type="stmt"/>
        <line num="82" count="38" type="stmt"/>
        <line num="83" count="38" type="stmt"/>
        <line num="84" count="38" type="stmt"/>
        <line num="85" count="38" type="cond" truecount="1" falsecount="1"/>
        <line num="86" count="38" type="stmt"/>
        <line num="88" count="0" type="stmt"/>
        <line num="89" count="0" type="cond" truecount="0" falsecount="2"/>
        <line num="90" count="0" type="stmt"/>
        <line num="91" count="0" type="stmt"/>
        <line num="92" count="0" type="stmt"/>
        <line num="93" count="0" type="stmt"/>
        <line num="95" count="0" type="stmt"/>
        <line num="101" count="38" type="stmt"/>
        <line num="102" count="40" type="stmt"/>
        <line num="107" count="38" type="stmt"/>
        <line num="108" count="18" type="stmt"/>
        <line num="115" count="38" type="stmt"/>
        <line num="116" count="18" type="stmt"/>
        <line num="118" count="18" type="stmt"/>
        <line num="119" count="18" type="stmt"/>
        <line num="122" count="18" type="stmt"/>
        <line num="125" count="0" type="stmt"/>
        <line num="126" count="0" type="stmt"/>
        <line num="131" count="38" type="stmt"/>
        <line num="132" count="19" type="stmt"/>
        <line num="133" count="19" type="stmt"/>
        <line num="134" count="19" type="stmt"/>
        <line num="140" count="19" type="stmt"/>
        <line num="142" count="19" type="cond" truecount="2" falsecount="0"/>
        <line num="143" count="1" type="stmt"/>
        <line num="146" count="19" type="stmt"/>
        <line num="148" count="18" type="stmt"/>
        <line num="149" count="18" type="stmt"/>
        <line num="150" count="18" type="stmt"/>
        <line num="151" count="18" type="stmt"/>
        <line num="152" count="18" type="stmt"/>
        <line num="153" count="18" type="stmt"/>
        <line num="155" count="18" type="cond" truecount="1" falsecount="1"/>
        <line num="156" count="0" type="stmt"/>
        <line num="157" count="0" type="stmt"/>
        <line num="162" count="0" type="stmt"/>
        <line num="164" count="0" type="stmt"/>
        <line num="167" count="0" type="stmt"/>
        <line num="168" count="0" type="stmt"/>
        <line num="171" count="18" type="stmt"/>
        <line num="175" count="1" type="stmt"/>
      </file>
      <file name="index.js" path="/Users/mikedunham/Documents/Coding/sprint-tracker/src/store/actions/index.js">
        <metrics statements="0" coveredstatements="0" conditionals="0" coveredconditionals="0" methods="0" coveredmethods="0"/>
      </file>
      <file name="sprints.js" path="/Users/mikedunham/Documents/Coding/sprint-tracker/src/store/actions/sprints.js">
        <metrics statements="90" coveredstatements="76" conditionals="18" coveredconditionals="17" methods="34" coveredmethods="27"/>
        <line num="4" count="38" type="stmt"/>
        <line num="6" count="38" type="stmt"/>
        <line num="7" count="16" type="stmt"/>
        <line num="8" count="16" type="cond" truecount="2" falsecount="0"/>
        <line num="9" count="8" type="stmt"/>
        <line num="11" count="8" type="stmt"/>
        <line num="13" count="8" type="cond" truecount="1" falsecount="1"/>
        <line num="15" count="0" type="stmt"/>
        <line num="18" count="8" type="stmt"/>
        <line num="21" count="8" type="stmt"/>
        <line num="23" count="8" type="stmt"/>
        <line num="24" count="8" type="stmt"/>
        <line num="27" count="0" type="stmt"/>
        <line num="28" count="0" type="stmt"/>
        <line num="34" count="38" type="stmt"/>
        <line num="35" count="0" type="stmt"/>
        <line num="40" count="38" type="stmt"/>
        <line num="41" count="16" type="stmt"/>
        <line num="48" count="38" type="stmt"/>
        <line num="49" count="44" type="stmt"/>
        <line num="50" count="44" type="cond" truecount="2" falsecount="0"/>
        <line num="51" count="22" type="stmt"/>
        <line num="53" count="22" type="stmt"/>
        <line num="55" count="22" type="cond" truecount="2" falsecount="0"/>
        <line num="57" count="7" type="stmt"/>
        <line num="60" count="15" type="stmt"/>
        <line num="63" count="22" type="stmt"/>
        <line num="65" count="22" type="stmt"/>
        <line num="66" count="22" type="stmt"/>
        <line num="69" count="0" type="stmt"/>
        <line num="70" count="0" type="stmt"/>
        <line num="77" count="38" type="stmt"/>
        <line num="78" count="44" type="stmt"/>
        <line num="85" count="38" type="stmt"/>
        <line num="86" count="30" type="stmt"/>
        <line num="87" count="30" type="cond" truecount="2" falsecount="0"/>
        <line num="88" count="15" type="stmt"/>
        <line num="90" count="15" type="stmt"/>
        <line num="92" count="15" type="cond" truecount="2" falsecount="0"/>
        <line num="94" count="9" type="stmt"/>
        <line num="97" count="6" type="stmt"/>
        <line num="100" count="15" type="stmt"/>
        <line num="102" count="15" type="stmt"/>
        <line num="103" count="15" type="stmt"/>
        <line num="106" count="0" type="stmt"/>
        <line num="107" count="0" type="stmt"/>
        <line num="113" count="38" type="stmt"/>
        <line num="114" count="30" type="stmt"/>
        <line num="121" count="38" type="stmt"/>
        <line num="122" count="12" type="stmt"/>
        <line num="123" count="12" type="stmt"/>
        <line num="124" count="12" type="stmt"/>
        <line num="128" count="38" type="stmt"/>
        <line num="129" count="20" type="stmt"/>
        <line num="130" count="20" type="cond" truecount="2" falsecount="0"/>
        <line num="131" count="10" type="stmt"/>
        <line num="133" count="10" type="stmt"/>
        <line num="135" count="10" type="stmt"/>
        <line num="137" count="10" type="stmt"/>
        <line num="138" count="10" type="stmt"/>
        <line num="141" count="0" type="stmt"/>
        <line num="142" count="0" type="stmt"/>
        <line num="148" count="38" type="stmt"/>
        <line num="149" count="20" type="stmt"/>
        <line num="156" count="38" type="stmt"/>
        <line num="157" count="22" type="stmt"/>
        <line num="158" count="22" type="cond" truecount="2" falsecount="0"/>
        <line num="159" count="11" type="stmt"/>
        <line num="161" count="11" type="stmt"/>
        <line num="163" count="11" type="stmt"/>
        <line num="165" count="11" type="stmt"/>
        <line num="166" count="11" type="stmt"/>
        <line num="169" count="0" type="stmt"/>
        <line num="170" count="0" type="stmt"/>
        <line num="176" count="38" type="stmt"/>
        <line num="177" count="22" type="stmt"/>
        <line num="183" count="38" type="stmt"/>
        <line num="184" count="4" type="stmt"/>
        <line num="185" count="4" type="cond" truecount="2" falsecount="0"/>
        <line num="186" count="2" type="stmt"/>
        <line num="188" count="2" type="stmt"/>
        <line num="190" count="2" type="stmt"/>
        <line num="192" count="2" type="stmt"/>
        <line num="193" count="2" type="stmt"/>
        <line num="196" count="0" type="stmt"/>
        <line num="197" count="0" type="stmt"/>
        <line num="203" count="38" type="stmt"/>
        <line num="204" count="4" type="stmt"/>
        <line num="210" count="38" type="stmt"/>
        <line num="211" count="58" type="stmt"/>
      </file>
    </package>
    <package name="src.store.reducers">
      <metrics statements="174" coveredstatements="151" conditionals="63" coveredconditionals="50" methods="33" coveredmethods="30"/>
      <file name="authentication.js" path="/Users/mikedunham/Documents/Coding/sprint-tracker/src/store/reducers/authentication.js">
        <metrics statements="22" coveredstatements="20" conditionals="8" coveredconditionals="7" methods="7" coveredmethods="6"/>
        <line num="4" count="38" type="stmt"/>
        <line num="12" count="38" type="stmt"/>
        <line num="13" count="19" type="stmt"/>
        <line num="16" count="38" type="stmt"/>
        <line num="17" count="18" type="stmt"/>
        <line num="28" count="38" type="stmt"/>
        <line num="29" count="1" type="stmt"/>
        <line num="38" count="38" type="stmt"/>
        <line num="39" count="40" type="stmt"/>
        <line num="42" count="38" type="stmt"/>
        <line num="43" count="15" type="stmt"/>
        <line num="46" count="38" type="stmt"/>
        <line num="47" count="0" type="stmt"/>
        <line num="50" count="38" type="cond" truecount="1" falsecount="0"/>
        <line num="51" count="474" type="cond" truecount="6" falsecount="1"/>
        <line num="52" count="19" type="stmt"/>
        <line num="53" count="18" type="stmt"/>
        <line num="54" count="1" type="stmt"/>
        <line num="55" count="40" type="stmt"/>
        <line num="56" count="15" type="stmt"/>
        <line num="57" count="0" type="stmt"/>
        <line num="58" count="381" type="stmt"/>
      </file>
      <file name="sprints.js" path="/Users/mikedunham/Documents/Coding/sprint-tracker/src/store/reducers/sprints.js">
        <metrics statements="152" coveredstatements="131" conditionals="55" coveredconditionals="43" methods="26" coveredmethods="24"/>
        <line num="6" count="38" type="stmt"/>
        <line num="12" count="38" type="stmt"/>
        <line num="16" count="82" type="stmt"/>
        <line num="18" count="574" type="cond" truecount="2" falsecount="0"/>
        <line num="20" count="82" type="stmt"/>
        <line num="24" count="0" type="stmt"/>
        <line num="26" count="0" type="stmt"/>
        <line num="29" count="38" type="stmt"/>
        <line num="35" count="46" type="cond" truecount="2" falsecount="0"/>
        <line num="36" count="18" type="stmt"/>
        <line num="38" count="28" type="stmt"/>
        <line num="43" count="46" type="stmt"/>
        <line num="44" count="94" type="cond" truecount="2" falsecount="0"/>
        <line num="45" count="46" type="stmt"/>
        <line num="50" count="0" type="stmt"/>
        <line num="53" count="38" type="stmt"/>
        <line num="55" count="94" type="stmt"/>
        <line num="56" count="562" type="cond" truecount="2" falsecount="0"/>
        <line num="58" count="468" type="stmt"/>
        <line num="61" count="94" type="stmt"/>
        <line num="68" count="38" type="stmt"/>
        <line num="73" count="16" type="stmt"/>
        <line num="75" count="16" type="stmt"/>
        <line num="79" count="16" type="cond" truecount="3" falsecount="1"/>
        <line num="80" count="0" type="stmt"/>
        <line num="81" count="0" type="stmt"/>
        <line num="84" count="16" type="stmt"/>
        <line num="86" count="16" type="stmt"/>
        <line num="87" count="16" type="stmt"/>
        <line num="89" count="16" type="stmt"/>
        <line num="91" count="16" type="stmt"/>
        <line num="98" count="38" type="stmt"/>
        <line num="99" count="30" type="stmt"/>
        <line num="101" count="30" type="cond" truecount="1" falsecount="1"/>
        <line num="102" count="0" type="stmt"/>
        <line num="103" count="0" type="stmt"/>
        <line num="105" count="30" type="stmt"/>
        <line num="106" count="30" type="stmt"/>
        <line num="108" count="30" type="stmt"/>
        <line num="109" count="30" type="stmt"/>
        <line num="111" count="30" type="stmt"/>
        <line num="113" count="30" type="stmt"/>
        <line num="120" count="38" type="stmt"/>
        <line num="121" count="12" type="stmt"/>
        <line num="123" count="12" type="cond" truecount="1" falsecount="1"/>
        <line num="124" count="0" type="stmt"/>
        <line num="125" count="0" type="stmt"/>
        <line num="127" count="12" type="stmt"/>
        <line num="128" count="12" type="stmt"/>
        <line num="130" count="12" type="stmt"/>
        <line num="132" count="12" type="stmt"/>
        <line num="133" count="12" type="stmt"/>
        <line num="135" count="12" type="stmt"/>
        <line num="137" count="12" type="stmt"/>
        <line num="144" count="38" type="stmt"/>
        <line num="146" count="0" type="stmt"/>
        <line num="148" count="0" type="cond" truecount="0" falsecount="2"/>
        <line num="149" count="0" type="stmt"/>
        <line num="152" count="0" type="stmt"/>
        <line num="155" count="0" type="stmt"/>
        <line num="162" count="38" type="stmt"/>
        <line num="163" count="14" type="stmt"/>
        <line num="164" count="14" type="stmt"/>
        <line num="166" count="14" type="stmt"/>
        <line num="172" count="38" type="stmt"/>
        <line num="173" count="18" type="stmt"/>
        <line num="175" count="18" type="stmt"/>
        <line num="177" count="18" type="stmt"/>
        <line num="179" count="18" type="stmt"/>
        <line num="185" count="38" type="stmt"/>
        <line num="186" count="16" type="cond" truecount="1" falsecount="1"/>
        <line num="187" count="0" type="stmt"/>
        <line num="189" count="16" type="stmt"/>
        <line num="193" count="38" type="stmt"/>
        <line num="194" count="44" type="cond" truecount="2" falsecount="0"/>
        <line num="195" count="14" type="stmt"/>
        <line num="197" count="30" type="stmt"/>
        <line num="201" count="38" type="stmt"/>
        <line num="202" count="30" type="cond" truecount="2" falsecount="0"/>
        <line num="203" count="18" type="stmt"/>
        <line num="205" count="12" type="stmt"/>
        <line num="209" count="38" type="stmt"/>
        <line num="213" count="20" type="stmt"/>
        <line num="214" count="20" type="stmt"/>
        <line num="215" count="20" type="stmt"/>
        <line num="218" count="20" type="stmt"/>
        <line num="221" count="20" type="cond" truecount="3" falsecount="1"/>
        <line num="224" count="0" type="stmt"/>
        <line num="227" count="20" type="stmt"/>
        <line num="233" count="38" type="stmt"/>
        <line num="237" count="22" type="stmt"/>
        <line num="241" count="22" type="stmt"/>
        <line num="242" count="22" type="stmt"/>
        <line num="245" count="22" type="cond" truecount="3" falsecount="1"/>
        <line num="246" count="0" type="stmt"/>
        <line num="249" count="22" type="stmt"/>
        <line num="255" count="38" type="stmt"/>
        <line num="256" count="4" type="stmt"/>
        <line num="258" count="4" type="cond" truecount="1" falsecount="1"/>
        <line num="259" count="0" type="stmt"/>
        <line num="260" count="0" type="stmt"/>
        <line num="263" count="4" type="stmt"/>
        <line num="265" count="4" type="stmt"/>
        <line num="267" count="4" type="stmt"/>
        <line num="273" count="38" type="stmt"/>
        <line num="275" count="172" type="cond" truecount="2" falsecount="0"/>
        <line num="277" count="1" type="stmt"/>
        <line num="280" count="171" type="stmt"/>
        <line num="285" count="38" type="stmt"/>
        <line num="287" count="258" type="stmt"/>
        <line num="289" count="258" type="stmt"/>
        <line num="291" count="76" type="stmt"/>
        <line num="292" count="76" type="stmt"/>
        <line num="294" count="76" type="stmt"/>
        <line num="297" count="38" type="stmt"/>
        <line num="298" count="58" type="stmt"/>
        <line num="300" count="58" type="stmt"/>
        <line num="306" count="38" type="stmt"/>
        <line num="307" count="40" type="stmt"/>
        <line num="314" count="38" type="stmt"/>
        <line num="315" count="18" type="stmt"/>
        <line num="316" count="18" type="stmt"/>
        <line num="319" count="18" type="cond" truecount="1" falsecount="1"/>
        <line num="320" count="18" type="stmt"/>
        <line num="322" count="18" type="stmt"/>
        <line num="324" count="108" type="cond" truecount="2" falsecount="0"/>
        <line num="325" count="6" type="stmt"/>
        <line num="328" count="102" type="stmt"/>
        <line num="332" count="108" type="stmt"/>
        <line num="333" count="108" type="stmt"/>
        <line num="337" count="18" type="stmt"/>
        <line num="340" count="18" type="cond" truecount="1" falsecount="1"/>
        <line num="341" count="18" type="stmt"/>
        <line num="344" count="18" type="stmt"/>
        <line num="351" count="38" type="stmt"/>
        <line num="352" count="15" type="stmt"/>
        <line num="359" count="38" type="stmt"/>
        <line num="360" count="0" type="stmt"/>
        <line num="366" count="38" type="cond" truecount="1" falsecount="0"/>
        <line num="367" count="474" type="cond" truecount="11" falsecount="1"/>
        <line num="368" count="16" type="stmt"/>
        <line num="369" count="44" type="stmt"/>
        <line num="370" count="30" type="stmt"/>
        <line num="371" count="20" type="stmt"/>
        <line num="372" count="22" type="stmt"/>
        <line num="373" count="4" type="stmt"/>
        <line num="374" count="58" type="stmt"/>
        <line num="375" count="40" type="stmt"/>
        <line num="376" count="18" type="stmt"/>
        <line num="377" count="15" type="stmt"/>
        <line num="378" count="0" type="stmt"/>
        <line num="379" count="207" type="stmt"/>
      </file>
    </package>
    <package name="src.theme">
      <metrics statements="1" coveredstatements="1" conditionals="0" coveredconditionals="0" methods="0" coveredmethods="0"/>
      <file name="theme.js" path="/Users/mikedunham/Documents/Coding/sprint-tracker/src/theme/theme.js">
        <metrics statements="1" coveredstatements="1" conditionals="0" coveredconditionals="0" methods="0" coveredmethods="0"/>
        <line num="8" count="38" type="stmt"/>
      </file>
    </package>
  </project>
</coverage>
