TN:
SF:src/App.js
FN:22,(anonymous_0)
FN:29,(anonymous_1)
FN:39,(anonymous_2)
FN:98,(anonymous_3)
FN:106,(anonymous_4)
FN:108,(anonymous_5)
FNF:6
FNH:6
FNDA:38,(anonymous_0)
FNDA:182,(anonymous_1)
FNDA:15,(anonymous_2)
FNDA:360,(anonymous_3)
FNDA:38,(anonymous_4)
FNDA:38,(anonymous_5)
DA:22,38
DA:24,38
DA:25,38
DA:32,182
DA:39,15
DA:46,182
DA:47,41
DA:59,141
DA:60,65
DA:73,182
DA:74,0
DA:81,182
DA:98,38
DA:99,360
DA:106,38
DA:107,38
DA:108,38
LF:17
LH:16
BRDA:24,0,0,38
BRDA:24,0,1,0
BRDA:46,1,0,41
BRDA:46,1,1,141
BRDA:59,2,0,65
BRDA:59,2,1,76
BRDA:73,3,0,0
BRDA:73,3,1,182
BRF:8
BRH:6
end_of_record
TN:
SF:src/index.js
FNF:0
FNH:0
DA:14,38
DA:16,38
DA:21,38
DA:29,38
DA:36,38
DA:42,38
LF:6
LH:6
BRDA:14,0,0,38
BRDA:14,0,1,38
BRF:2
BRH:2
end_of_record
TN:
SF:src/components/CreateAccount/CreateAccount.js
FN:18,(anonymous_0)
FN:84,(anonymous_1)
FN:111,(anonymous_2)
FN:139,(anonymous_3)
FN:141,(anonymous_4)
FN:205,(anonymous_5)
FN:214,(anonymous_6)
FN:216,(anonymous_7)
FNF:8
FNH:8
FNDA:1,(anonymous_0)
FNDA:3,(anonymous_1)
FNDA:1,(anonymous_2)
FNDA:1,(anonymous_3)
FNDA:108,(anonymous_4)
FNDA:3,(anonymous_5)
FNDA:1,(anonymous_6)
FNDA:1,(anonymous_7)
DA:18,38
DA:84,38
DA:85,3
DA:87,3
DA:89,3
DA:90,1
DA:97,1
DA:106,3
DA:107,3
DA:108,0
DA:111,3
DA:112,1
DA:113,1
DA:116,3
DA:139,1
DA:142,108
DA:205,38
DA:206,3
DA:214,38
DA:215,1
DA:216,1
LF:21
LH:20
BRDA:89,0,0,1
BRDA:89,0,1,2
BRDA:98,1,0,1
BRDA:98,1,1,0
BRDA:107,2,0,0
BRDA:107,2,1,3
BRDA:179,3,0,108
BRDA:179,3,1,14
BRDA:179,3,2,13
BRDA:179,3,3,9
BRDA:179,3,4,8
BRF:11
BRH:9
end_of_record
TN:
SF:src/components/FrontPage/FrontPage.js
FN:15,Copyright
FN:28,(anonymous_1)
FN:83,(anonymous_2)
FN:122,(anonymous_3)
FNF:4
FNH:4
FNDA:40,Copyright
FNDA:40,(anonymous_1)
FNDA:40,(anonymous_2)
FNDA:120,(anonymous_3)
DA:16,40
DA:28,40
DA:65,38
DA:83,38
DA:84,40
DA:86,40
DA:123,120
LF:7
LH:7
BRF:0
BRH:0
end_of_record
TN:
SF:src/components/Login/Login.js
FN:18,(anonymous_0)
FN:85,(anonymous_1)
FN:112,(anonymous_2)
FN:134,(anonymous_3)
FN:136,(anonymous_4)
FN:186,(anonymous_5)
FN:195,(anonymous_6)
FN:197,(anonymous_7)
FNF:8
FNH:8
FNDA:18,(anonymous_0)
FNDA:54,(anonymous_1)
FNDA:18,(anonymous_2)
FNDA:18,(anonymous_3)
FNDA:968,(anonymous_4)
FNDA:54,(anonymous_5)
FNDA:18,(anonymous_6)
FNDA:18,(anonymous_7)
DA:18,38
DA:85,38
DA:86,54
DA:88,54
DA:90,54
DA:91,0
DA:98,0
DA:107,54
DA:108,54
DA:109,18
DA:112,54
DA:113,18
DA:114,18
DA:117,54
DA:134,18
DA:137,968
DA:186,38
DA:187,54
DA:195,38
DA:196,18
DA:197,18
LF:21
LH:19
BRDA:90,0,0,0
BRDA:90,0,1,54
BRDA:99,1,0,0
BRDA:99,1,1,0
BRDA:108,2,0,18
BRDA:108,2,1,36
BRDA:160,3,0,968
BRDA:160,3,1,932
BRDA:160,3,2,914
BRDA:160,3,3,232
BRDA:160,3,4,178
BRDA:190,4,0,54
BRDA:190,4,1,18
BRF:13
BRH:10
end_of_record
TN:
SF:src/components/Login/Logout/Logout.js
FN:7,(anonymous_0)
FN:11,(anonymous_1)
FN:16,(anonymous_2)
FN:18,(anonymous_3)
FNF:4
FNH:4
FNDA:2,(anonymous_0)
FNDA:2,(anonymous_1)
FNDA:2,(anonymous_2)
FNDA:2,(anonymous_3)
DA:7,2
DA:8,2
DA:12,2
DA:16,38
DA:17,2
DA:18,2
LF:6
LH:6
BRF:0
BRH:0
end_of_record
TN:
SF:src/components/Sprint/Sprint.js
FN:8,(anonymous_0)
FN:19,(anonymous_1)
FN:28,(anonymous_2)
FNF:3
FNH:3
FNDA:78,(anonymous_0)
FNDA:1278,(anonymous_1)
FNDA:1102,(anonymous_2)
DA:8,78
DA:19,38
DA:20,1278
DA:23,1278
DA:28,1278
DA:29,1102
DA:30,1102
DA:33,1278
DA:34,1102
DA:59,1278
DA:60,176
DA:76,1278
LF:12
LH:12
BRDA:33,0,0,1102
BRDA:33,0,1,176
BRDA:33,1,0,1278
BRDA:33,1,1,1278
BRDA:33,1,2,1165
BRDA:33,1,3,1165
BRDA:44,2,0,0
BRDA:44,2,1,1102
BRDA:59,3,0,176
BRDA:59,3,1,1102
BRDA:59,4,0,1278
BRDA:59,4,1,1278
BRF:12
BRH:11
end_of_record
TN:
SF:src/components/Sprint/ProjectTable/ProjectTable.js
FN:16,(anonymous_0)
FN:17,(anonymous_1)
FN:18,(anonymous_2)
FN:19,(anonymous_3)
FN:22,(anonymous_4)
FN:89,(anonymous_5)
FN:104,(anonymous_6)
FNF:7
FNH:6
FNDA:0,(anonymous_0)
FNDA:2724,(anonymous_1)
FNDA:2724,(anonymous_2)
FNDA:91302,(anonymous_3)
FNDA:1362,(anonymous_4)
FNDA:3726,(anonymous_5)
FNDA:46,(anonymous_6)
DA:15,38
DA:16,0
DA:17,2724
DA:18,2724
DA:19,91302
DA:22,38
DA:24,1362
DA:25,1362
DA:26,1362
DA:27,1362
DA:28,1362
DA:29,1362
DA:32,1362
DA:33,1362
DA:34,1362
DA:35,1362
DA:36,1362
DA:38,1362
DA:39,0
DA:40,0
DA:41,0
DA:42,0
DA:43,0
DA:44,1362
DA:45,176
DA:46,176
DA:47,176
DA:48,176
DA:49,176
DA:50,1186
DA:51,84
DA:52,84
DA:53,84
DA:54,84
DA:55,84
DA:58,1362
DA:60,1362
DA:77,1362
DA:78,5772
DA:85,5772
DA:89,1362
DA:90,3726
DA:91,3726
DA:93,3726
DA:94,81972
DA:95,81972
DA:98,3726
DA:101,1362
DA:105,46
DA:106,46
DA:107,46
DA:108,46
DA:112,1362
DA:113,84
DA:116,1362
LF:55
LH:49
BRDA:38,0,0,0
BRDA:38,0,1,1362
BRDA:44,1,0,176
BRDA:44,1,1,1186
BRDA:50,2,0,84
BRDA:50,2,1,1102
BRDA:77,3,0,7134
BRDA:77,3,1,5772
BRDA:112,4,0,84
BRDA:112,4,1,1278
BRF:10
BRH:9
end_of_record
TN:
SF:src/components/SprintStatistics/SprintStatistics.js
FN:22,(anonymous_0)
FN:83,(anonymous_1)
FN:87,(anonymous_2)
FN:99,(anonymous_3)
FN:133,(anonymous_4)
FN:169,(anonymous_5)
FN:178,(anonymous_6)
FN:197,(anonymous_7)
FN:228,(anonymous_8)
FN:252,(anonymous_9)
FN:276,(anonymous_10)
FN:301,(anonymous_11)
FN:326,(anonymous_12)
FN:408,(anonymous_13)
FNF:14
FNH:13
FNDA:38,(anonymous_0)
FNDA:38,(anonymous_1)
FNDA:342,(anonymous_2)
FNDA:76,(anonymous_3)
FNDA:76,(anonymous_4)
FNDA:38,(anonymous_5)
FNDA:38,(anonymous_6)
FNDA:76,(anonymous_7)
FNDA:38,(anonymous_8)
FNDA:104,(anonymous_9)
FNDA:104,(anonymous_10)
FNDA:38,(anonymous_11)
FNDA:0,(anonymous_12)
FNDA:38,(anonymous_13)
DA:22,38
DA:83,38
DA:85,38
DA:87,38
DA:88,342
DA:90,342
DA:91,1134
DA:92,342
DA:99,38
DA:101,76
DA:103,76
DA:107,76
DA:108,76
DA:110,76
DA:111,208
DA:113,208
DA:114,104
DA:115,104
DA:116,104
DA:123,208
DA:124,0
DA:126,208
DA:130,76
DA:133,38
DA:135,76
DA:137,76
DA:141,76
DA:142,76
DA:144,76
DA:145,208
DA:147,208
DA:148,104
DA:149,104
DA:150,104
DA:156,208
DA:157,208
DA:159,208
DA:160,0
DA:162,208
DA:166,76
DA:169,38
DA:170,38
DA:172,38
DA:178,38
DA:179,38
DA:184,38
DA:185,38
DA:187,38
DA:188,104
DA:189,104
DA:191,104
DA:194,38
DA:197,38
DA:198,76
DA:199,76
DA:201,76
DA:202,76
DA:204,76
DA:205,208
DA:206,208
DA:208,208
DA:209,208
DA:210,40
DA:212,168
DA:215,208
DA:216,208
DA:219,76
DA:225,76
DA:228,38
DA:229,38
DA:231,38
DA:235,38
DA:236,76
DA:239,38
DA:243,38
DA:244,38
DA:245,38
DA:246,38
DA:247,38
DA:248,38
DA:249,38
DA:252,38
DA:253,104
DA:274,38
DA:276,38
DA:277,104
DA:301,38
DA:303,38
DA:304,38
DA:306,38
DA:312,38
DA:315,38
DA:326,0
DA:331,38
DA:408,38
DA:409,38
LF:96
LH:93
BRDA:91,0,0,342
BRDA:91,0,1,792
BRDA:113,1,0,104
BRDA:113,1,1,104
BRDA:115,2,0,104
BRDA:115,2,1,0
BRDA:123,3,0,0
BRDA:123,3,1,208
BRDA:147,4,0,104
BRDA:147,4,1,104
BRDA:149,5,0,104
BRDA:149,5,1,0
BRDA:159,6,0,0
BRDA:159,6,1,208
BRDA:209,7,0,40
BRDA:209,7,1,168
BRDA:264,8,0,0
BRDA:264,8,1,104
BRDA:266,9,0,84
BRDA:266,9,1,20
BRDA:288,10,0,0
BRDA:288,10,1,104
BRDA:290,11,0,84
BRDA:290,11,1,20
BRDA:326,12,0,0
BRDA:326,12,1,0
BRDA:363,13,0,38
BRDA:363,13,1,0
BRF:28
BRH:19
end_of_record
TN:
SF:src/components/UI/CancelButton/CancelButton.js
FN:7,(anonymous_0)
FN:18,(anonymous_1)
FNF:2
FNH:2
FNDA:170,(anonymous_0)
FNDA:6486,(anonymous_1)
DA:7,170
DA:18,38
DA:19,6486
DA:21,6486
LF:4
LH:4
BRF:0
BRH:0
end_of_record
TN:
SF:src/components/UI/Input/Input.js
FN:10,(anonymous_0)
FN:41,(anonymous_1)
FN:75,(anonymous_2)
FNF:3
FNH:3
FNDA:132,(anonymous_0)
FNDA:95540,(anonymous_1)
FNDA:179964,(anonymous_2)
DA:10,132
DA:41,38
DA:42,95540
DA:44,95540
DA:45,95540
DA:47,95540
DA:48,48
DA:51,95540
DA:53,10580
DA:54,10580
DA:56,31740
DA:60,31740
DA:62,16528
DA:67,16528
DA:69,32060
DA:76,179964
DA:81,32060
DA:83,4632
DA:94,4632
DA:96,0
DA:104,95540
DA:119,38
LF:22
LH:21
BRDA:47,0,0,48
BRDA:47,0,1,95492
BRDA:47,1,0,95540
BRDA:47,1,1,14808
BRDA:47,1,2,10676
BRDA:51,2,0,10580
BRDA:51,2,1,31740
BRDA:51,2,2,16528
BRDA:51,2,3,32060
BRDA:51,2,4,4632
BRDA:51,2,5,0
BRDA:86,3,0,3290
BRDA:86,3,1,1342
BRDA:87,4,0,3290
BRDA:87,4,1,1342
BRDA:112,5,0,51084
BRDA:112,5,1,44456
BRF:17
BRH:16
end_of_record
TN:
SF:src/containers/EditProject/EditProject.js
FN:41,(anonymous_0)
FN:481,(anonymous_1)
FN:492,(anonymous_2)
FN:509,(anonymous_3)
FN:521,(anonymous_4)
FN:564,(anonymous_5)
FN:583,(anonymous_6)
FN:609,(anonymous_7)
FN:622,(anonymous_8)
FN:636,(anonymous_9)
FN:640,(anonymous_10)
FN:644,(anonymous_11)
FN:651,(anonymous_12)
FN:655,(anonymous_13)
FN:659,(anonymous_14)
FN:667,(anonymous_15)
FN:678,(anonymous_16)
FN:712,(anonymous_17)
FN:722,(anonymous_18)
FN:814,(anonymous_19)
FN:817,(anonymous_20)
FN:847,(anonymous_21)
FN:850,(anonymous_22)
FN:915,(anonymous_23)
FN:924,(anonymous_24)
FN:926,(anonymous_25)
FN:927,(anonymous_26)
FN:928,(anonymous_27)
FN:929,(anonymous_28)
FNF:29
FNH:29
FNDA:78,(anonymous_0)
FNDA:78,(anonymous_1)
FNDA:46,(anonymous_2)
FNDA:32,(anonymous_3)
FNDA:46,(anonymous_4)
FNDA:966,(anonymous_5)
FNDA:4024,(anonymous_6)
FNDA:60,(anonymous_7)
FNDA:48,(anonymous_8)
FNDA:18,(anonymous_9)
FNDA:18,(anonymous_10)
FNDA:18,(anonymous_11)
FNDA:12,(anonymous_12)
FNDA:12,(anonymous_13)
FNDA:12,(anonymous_14)
FNDA:4210,(anonymous_15)
FNDA:4210,(anonymous_16)
FNDA:78952,(anonymous_17)
FNDA:4024,(anonymous_18)
FNDA:84,(anonymous_19)
FNDA:60,(anonymous_20)
FNDA:72,(anonymous_21)
FNDA:12,(anonymous_22)
FNDA:78,(anonymous_23)
FNDA:78,(anonymous_24)
FNDA:16,(anonymous_25)
FNDA:32,(anonymous_26)
FNDA:18,(anonymous_27)
FNDA:12,(anonymous_28)
DA:41,78
DA:91,78
DA:483,78
DA:484,46
DA:485,32
DA:486,32
DA:488,0
DA:492,78
DA:494,46
DA:495,18
DA:497,28
DA:500,46
DA:501,94
DA:502,46
DA:506,0
DA:509,78
DA:510,32
DA:513,32
DA:515,32
DA:521,78
DA:522,46
DA:524,46
DA:549,46
DA:550,46
DA:552,46
DA:554,46
DA:555,18
DA:557,28
DA:558,0
DA:560,28
DA:563,46
DA:564,966
DA:566,46
DA:567,1012
DA:569,1012
DA:570,1012
DA:572,1012
DA:577,46
DA:583,78
DA:584,4024
DA:588,4024
DA:591,4024
DA:592,4024
DA:593,4024
DA:595,4024
DA:596,4024
DA:598,4024
DA:599,4024
DA:600,88528
DA:603,4024
DA:609,78
DA:610,60
DA:611,60
DA:613,60
DA:614,1320
DA:616,1320
DA:619,60
DA:622,78
DA:623,48
DA:625,48
DA:627,48
DA:628,16
DA:629,32
DA:630,32
DA:633,48
DA:636,78
DA:637,18
DA:640,78
DA:641,18
DA:644,78
DA:645,18
DA:646,18
DA:647,18
DA:648,18
DA:651,78
DA:652,12
DA:655,78
DA:656,12
DA:659,78
DA:660,12
DA:662,12
DA:663,12
DA:664,12
DA:667,78
DA:668,4210
DA:669,1932
DA:671,2278
DA:672,2278
DA:674,2278
DA:679,4210
DA:681,4210
DA:683,4210
DA:684,4210
DA:686,92620
DA:688,92620
DA:689,33680
DA:690,13668
DA:694,92620
DA:695,78952
DA:703,4210
DA:713,78952
DA:722,4024
DA:772,4210
DA:773,4210
DA:775,4210
DA:776,3528
DA:777,3528
DA:781,4210
DA:806,4210
DA:807,4210
DA:810,4210
DA:811,12
DA:814,84
DA:818,60
DA:820,60
DA:826,60
DA:827,60
DA:835,12
DA:843,12
DA:849,72
DA:850,12
DA:887,4210
DA:915,38
DA:916,78
DA:924,38
DA:925,78
DA:926,16
DA:927,32
DA:928,18
DA:929,12
LF:130
LH:127
BRDA:483,0,0,46
BRDA:483,0,1,32
BRDA:485,1,0,32
BRDA:485,1,1,0
BRDA:494,2,0,18
BRDA:494,2,1,28
BRDA:501,3,0,46
BRDA:501,3,1,48
BRDA:554,4,0,18
BRDA:554,4,1,28
BRDA:557,5,0,0
BRDA:557,5,1,28
BRDA:592,6,0,4024
BRDA:592,6,1,0
BRDA:600,7,0,88528
BRDA:600,7,1,81464
BRDA:627,8,0,16
BRDA:627,8,1,32
BRDA:629,9,0,32
BRDA:629,9,1,0
BRDA:668,10,0,1932
BRDA:668,10,1,2278
BRDA:688,11,0,33680
BRDA:688,11,1,58940
BRDA:688,12,0,92620
BRDA:688,12,1,92620
BRDA:689,13,0,13668
BRDA:689,13,1,20012
BRDA:694,14,0,78952
BRDA:694,14,1,13668
BRDA:709,15,0,1932
BRDA:709,15,1,2278
BRDA:734,16,0,682
BRDA:734,16,1,3528
BRDA:746,17,0,682
BRDA:746,17,1,3528
BRDA:775,18,0,3528
BRDA:775,18,1,682
BRDA:810,19,0,12
BRDA:810,19,1,4198
BRDA:823,20,0,0
BRDA:823,20,1,60
BRDA:826,21,0,0
BRDA:826,21,1,60
BRDA:838,22,0,12
BRDA:838,22,1,0
BRDA:839,23,0,12
BRDA:839,23,1,0
BRDA:850,24,0,12
BRDA:850,24,1,60
BRDA:854,25,0,12
BRDA:854,25,1,60
BRDA:859,26,0,12
BRDA:859,26,1,60
BRF:54
BRH:46
end_of_record
TN:
SF:src/containers/EditSprint/EditSprint.js
FN:29,(anonymous_0)
FN:168,(anonymous_1)
FN:178,(anonymous_2)
FN:191,(anonymous_3)
FN:219,(anonymous_4)
FN:240,(anonymous_5)
FN:268,(anonymous_6)
FN:323,(anonymous_7)
FN:345,(anonymous_8)
FN:349,(anonymous_9)
FN:353,(anonymous_10)
FN:360,(anonymous_11)
FN:374,(anonymous_12)
FN:384,(anonymous_13)
FN:385,(anonymous_14)
FN:511,(anonymous_15)
FN:519,(anonymous_16)
FN:521,(anonymous_17)
FN:522,(anonymous_18)
FN:523,(anonymous_19)
FNF:20
FNH:20
FNDA:54,(anonymous_0)
FNDA:54,(anonymous_1)
FNDA:22,(anonymous_2)
FNDA:32,(anonymous_3)
FNDA:160,(anonymous_4)
FNDA:2198,(anonymous_5)
FNDA:44,(anonymous_6)
FNDA:42,(anonymous_7)
FNDA:12,(anonymous_8)
FNDA:12,(anonymous_9)
FNDA:4,(anonymous_10)
FNDA:2370,(anonymous_11)
FNDA:14220,(anonymous_12)
FNDA:2198,(anonymous_13)
FNDA:44,(anonymous_14)
FNDA:54,(anonymous_15)
FNDA:54,(anonymous_16)
FNDA:20,(anonymous_17)
FNDA:22,(anonymous_18)
FNDA:4,(anonymous_19)
DA:29,54
DA:76,54
DA:169,54
DA:170,32
DA:171,22
DA:172,22
DA:174,0
DA:178,54
DA:179,22
DA:181,22
DA:184,22
DA:186,22
DA:191,54
DA:192,32
DA:194,32
DA:196,32
DA:198,32
DA:199,224
DA:200,32
DA:204,32
DA:205,0
DA:208,32
DA:218,32
DA:219,160
DA:222,32
DA:223,192
DA:226,192
DA:227,192
DA:229,192
DA:232,32
DA:234,32
DA:240,54
DA:241,2198
DA:243,2198
DA:247,2198
DA:250,2198
DA:251,2198
DA:252,2198
DA:254,2198
DA:255,2198
DA:257,2198
DA:258,2198
DA:259,13188
DA:262,2198
DA:268,54
DA:273,44
DA:275,44
DA:276,44
DA:278,0
DA:285,44
DA:286,0
DA:287,0
DA:290,0
DA:293,44
DA:297,44
DA:300,44
DA:301,44
DA:302,44
DA:304,44
DA:305,44
DA:307,44
DA:308,44
DA:309,264
DA:313,44
DA:314,0
DA:317,44
DA:323,54
DA:324,42
DA:326,42
DA:327,42
DA:329,42
DA:330,252
DA:333,42
DA:335,20
DA:336,22
DA:337,22
DA:339,22
DA:342,42
DA:345,54
DA:346,12
DA:349,54
DA:350,12
DA:353,54
DA:355,4
DA:356,4
DA:357,4
DA:361,2370
DA:363,2370
DA:364,2370
DA:365,14220
DA:372,2370
DA:375,14220
DA:384,2198
DA:385,44
DA:424,2370
DA:449,2370
DA:450,24
DA:474,2370
DA:475,2370
DA:477,2370
DA:478,1606
DA:479,1606
DA:482,2370
DA:511,38
DA:512,54
DA:519,38
DA:520,54
DA:521,20
DA:522,22
DA:523,4
LF:110
LH:103
BRDA:169,0,0,32
BRDA:169,0,1,22
BRDA:171,1,0,22
BRDA:171,1,1,0
BRDA:199,2,0,32
BRDA:199,2,1,192
BRDA:204,3,0,0
BRDA:204,3,1,32
BRDA:251,4,0,2198
BRDA:251,4,1,0
BRDA:259,5,0,13188
BRDA:259,5,1,9956
BRDA:275,6,0,44
BRDA:275,6,1,0
BRDA:285,7,0,0
BRDA:285,7,1,44
BRDA:301,8,0,44
BRDA:301,8,1,0
BRDA:309,9,0,264
BRDA:309,9,1,154
BRDA:313,10,0,0
BRDA:313,10,1,44
BRDA:333,11,0,20
BRDA:333,11,1,22
BRDA:336,12,0,22
BRDA:336,12,1,0
BRDA:397,13,0,764
BRDA:397,13,1,1606
BRDA:449,14,0,24
BRDA:449,14,1,2346
BRDA:477,15,0,1606
BRDA:477,15,1,764
BRF:32
BRH:24
end_of_record
TN:
SF:src/containers/ErrorBoundary/ErrorBoundary.js
FN:6,(anonymous_0)
FN:16,(anonymous_1)
FN:21,(anonymous_2)
FN:31,(anonymous_3)
FNF:4
FNH:3
FNDA:38,(anonymous_0)
FNDA:76,(anonymous_1)
FNDA:0,(anonymous_2)
FNDA:364,(anonymous_3)
DA:6,38
DA:17,76
DA:18,76
DA:23,0
DA:32,364
DA:34,364
DA:36,0
DA:45,364
LF:8
LH:6
BRDA:34,0,0,0
BRDA:34,0,1,364
BRF:2
BRH:1
end_of_record
TN:
SF:src/containers/ErrorBoundary/ModalErrorBoundary/ModalErrorBoundary.js
FN:10,(anonymous_0)
FN:38,(anonymous_1)
FN:43,(anonymous_2)
FN:53,(anonymous_3)
FNF:4
FNH:3
FNDA:170,(anonymous_0)
FNDA:170,(anonymous_1)
FNDA:0,(anonymous_2)
FNDA:170,(anonymous_3)
DA:10,170
DA:39,170
DA:40,170
DA:45,0
DA:54,170
DA:56,170
DA:58,0
DA:78,170
LF:8
LH:6
BRDA:56,0,0,0
BRDA:56,0,1,170
BRF:2
BRH:1
end_of_record
TN:
SF:src/containers/Layout/Layout.js
FN:53,(anonymous_0)
FN:54,(anonymous_1)
FN:59,(anonymous_2)
FN:62,(anonymous_3)
FN:151,(anonymous_4)
FNF:5
FNH:5
FNDA:56,(anonymous_0)
FNDA:56,(anonymous_1)
FNDA:253,(anonymous_2)
FNDA:253,(anonymous_3)
FNDA:345,(anonymous_4)
DA:29,38
DA:49,38
DA:53,38
DA:54,56
DA:55,56
DA:60,253
DA:62,253
DA:63,253
DA:122,253
DA:151,38
DA:152,345
LF:11
LH:11
BRDA:71,0,0,177
BRDA:71,0,1,76
BRDA:74,1,0,66
BRDA:74,1,1,111
BRDA:99,2,0,177
BRDA:99,2,1,76
BRDA:103,3,0,66
BRDA:103,3,1,111
BRDA:130,4,0,66
BRDA:130,4,1,187
BRDA:134,5,0,177
BRDA:134,5,1,76
BRDA:135,6,0,66
BRDA:135,6,1,111
BRF:14
BRH:14
end_of_record
TN:
SF:src/containers/MainView/MainView.js
FN:19,(anonymous_0)
FN:111,(anonymous_1)
FN:120,(anonymous_2)
FN:124,(anonymous_3)
FN:173,(anonymous_4)
FN:174,(anonymous_5)
FN:179,(anonymous_6)
FN:180,(anonymous_7)
FN:185,(anonymous_8)
FN:186,(anonymous_9)
FN:191,(anonymous_10)
FN:192,(anonymous_11)
FN:197,(anonymous_12)
FN:209,(anonymous_13)
FN:218,(anonymous_14)
FN:227,(anonymous_15)
FN:235,(anonymous_16)
FN:243,(anonymous_17)
FN:251,(anonymous_18)
FN:259,(anonymous_19)
FN:267,(anonymous_20)
FN:273,(anonymous_21)
FN:281,(anonymous_22)
FN:289,(anonymous_23)
FN:368,(anonymous_24)
FN:375,(anonymous_25)
FN:382,(anonymous_26)
FN:389,(anonymous_27)
FN:528,(anonymous_28)
FN:535,(anonymous_29)
FN:542,(anonymous_30)
FN:562,(anonymous_31)
FN:569,(anonymous_32)
FN:576,(anonymous_33)
FN:596,(anonymous_34)
FN:641,(anonymous_35)
FN:648,(anonymous_36)
FN:650,(anonymous_37)
FN:651,(anonymous_38)
FNF:39
FNH:31
FNDA:58,(anonymous_0)
FNDA:58,(anonymous_1)
FNDA:515,(anonymous_2)
FNDA:573,(anonymous_3)
FNDA:20,(anonymous_4)
FNDA:20,(anonymous_5)
FNDA:0,(anonymous_6)
FNDA:0,(anonymous_7)
FNDA:14,(anonymous_8)
FNDA:14,(anonymous_9)
FNDA:20,(anonymous_10)
FNDA:20,(anonymous_11)
FNDA:120,(anonymous_12)
FNDA:46,(anonymous_13)
FNDA:46,(anonymous_14)
FNDA:32,(anonymous_15)
FNDA:32,(anonymous_16)
FNDA:32,(anonymous_17)
FNDA:32,(anonymous_18)
FNDA:22,(anonymous_19)
FNDA:22,(anonymous_20)
FNDA:10,(anonymous_21)
FNDA:10,(anonymous_22)
FNDA:573,(anonymous_23)
FNDA:989,(anonymous_24)
FNDA:18,(anonymous_25)
FNDA:32,(anonymous_26)
FNDA:10,(anonymous_27)
FNDA:0,(anonymous_28)
FNDA:0,(anonymous_29)
FNDA:0,(anonymous_30)
FNDA:0,(anonymous_31)
FNDA:0,(anonymous_32)
FNDA:0,(anonymous_33)
FNDA:14,(anonymous_34)
FNDA:270,(anonymous_35)
FNDA:58,(anonymous_36)
FNDA:58,(anonymous_37)
FNDA:15,(anonymous_38)
DA:19,58
DA:85,58
DA:111,58
DA:113,58
DA:114,58
DA:115,58
DA:116,15
DA:120,58
DA:121,515
DA:124,58
DA:126,573
DA:127,573
DA:128,573
DA:130,573
DA:131,1570
DA:135,522
DA:138,522
DA:139,522
DA:142,522
DA:143,520
DA:146,522
DA:147,1048
DA:151,0
DA:153,0
DA:154,0
DA:157,0
DA:161,573
DA:165,58
DA:173,58
DA:174,20
DA:175,20
DA:179,58
DA:180,0
DA:181,0
DA:185,58
DA:186,14
DA:187,14
DA:191,58
DA:192,20
DA:193,20
DA:197,58
DA:198,120
DA:199,32
DA:201,88
DA:202,616
DA:203,88
DA:209,58
DA:210,46
DA:218,58
DA:219,46
DA:227,58
DA:228,32
DA:235,58
DA:236,32
DA:243,58
DA:244,32
DA:251,58
DA:252,32
DA:259,58
DA:260,22
DA:262,22
DA:267,58
DA:268,22
DA:273,58
DA:274,10
DA:281,58
DA:282,10
DA:290,573
DA:293,573
DA:295,573
DA:296,113
DA:313,460
DA:314,109
DA:318,573
DA:320,573
DA:321,0
DA:338,573
DA:339,0
DA:343,573
DA:345,573
DA:346,176
DA:358,397
DA:359,0
DA:363,573
DA:365,573
DA:367,331
DA:369,989
DA:375,18
DA:382,32
DA:389,10
DA:406,331
DA:413,242
DA:414,0
DA:420,573
DA:422,573
DA:423,46
DA:441,573
DA:443,573
DA:444,32
DA:462,573
DA:464,573
DA:465,32
DA:481,573
DA:483,573
DA:484,22
DA:499,573
DA:501,573
DA:502,10
DA:517,573
DA:528,0
DA:535,0
DA:542,0
DA:562,0
DA:569,0
DA:576,0
DA:596,14
DA:641,38
DA:642,270
DA:648,38
DA:649,58
DA:650,58
DA:651,15
LF:122
LH:106
BRDA:115,0,0,15
BRDA:115,0,1,43
BRDA:131,1,0,522
BRDA:131,1,1,1048
BRDA:132,2,0,1570
BRDA:132,2,1,1570
BRDA:138,3,0,522
BRDA:138,3,1,0
BRDA:142,4,0,520
BRDA:142,4,1,2
BRDA:147,5,0,0
BRDA:147,5,1,1048
BRDA:148,6,0,1048
BRDA:148,6,1,0
BRDA:153,7,0,0
BRDA:153,7,1,0
BRDA:161,8,0,58
BRDA:161,8,1,515
BRDA:161,9,0,573
BRDA:161,9,1,515
BRDA:161,9,2,515
BRDA:198,10,0,32
BRDA:198,10,1,88
BRDA:202,11,0,88
BRDA:202,11,1,528
BRDA:295,12,0,113
BRDA:295,12,1,460
BRDA:295,13,0,573
BRDA:295,13,1,222
BRDA:295,13,2,222
BRDA:303,14,0,113
BRDA:303,14,1,0
BRDA:313,15,0,109
BRDA:313,15,1,351
BRDA:320,16,0,0
BRDA:320,16,1,573
BRDA:320,17,0,573
BRDA:320,17,1,0
BRDA:320,17,2,0
BRDA:328,18,0,0
BRDA:328,18,1,0
BRDA:338,19,0,0
BRDA:338,19,1,573
BRDA:345,20,0,176
BRDA:345,20,1,397
BRDA:345,21,0,573
BRDA:345,21,1,176
BRDA:345,21,2,176
BRDA:358,22,0,0
BRDA:358,22,1,397
BRDA:365,23,0,331
BRDA:365,23,1,242
BRDA:365,24,0,573
BRDA:365,24,1,331
BRDA:365,24,2,331
BRDA:413,25,0,0
BRDA:413,25,1,242
BRDA:422,26,0,46
BRDA:422,26,1,527
BRDA:443,27,0,32
BRDA:443,27,1,541
BRDA:464,28,0,32
BRDA:464,28,1,541
BRDA:483,29,0,22
BRDA:483,29,1,551
BRDA:501,30,0,10
BRDA:501,30,1,563
BRDA:523,31,0,113
BRDA:523,31,1,460
BRDA:523,32,0,573
BRDA:523,32,1,222
BRDA:557,33,0,0
BRDA:557,33,1,573
BRDA:557,34,0,573
BRDA:557,34,1,0
BRDA:591,35,0,176
BRDA:591,35,1,397
BRF:77
BRH:61
end_of_record
TN:
SF:src/containers/PastSprints/PastSprints.js
FN:13,(anonymous_0)
FN:30,(anonymous_1)
FN:38,(anonymous_2)
FN:46,(anonymous_3)
FN:54,(anonymous_4)
FN:64,(anonymous_5)
FN:67,(anonymous_6)
FN:68,(anonymous_7)
FN:107,(anonymous_8)
FNF:9
FNH:9
FNDA:28,(anonymous_0)
FNDA:28,(anonymous_1)
FNDA:28,(anonymous_2)
FNDA:28,(anonymous_3)
FNDA:84,(anonymous_4)
FNDA:504,(anonymous_5)
FNDA:84,(anonymous_6)
FNDA:168,(anonymous_7)
FNDA:28,(anonymous_8)
DA:13,38
DA:24,28
DA:30,28
DA:31,28
DA:32,56
DA:33,28
DA:38,28
DA:39,28
DA:46,28
DA:47,28
DA:55,84
DA:58,84
DA:63,84
DA:65,504
DA:67,84
DA:69,168
DA:79,84
DA:81,84
DA:82,28
DA:97,84
DA:107,38
DA:108,28
LF:22
LH:22
BRDA:32,0,0,28
BRDA:32,0,1,28
BRDA:81,1,0,28
BRDA:81,1,1,56
BRDA:99,2,0,0
BRDA:99,2,1,84
BRF:6
BRH:5
end_of_record
TN:
SF:src/containers/PastSprints/PastSprint/PastSprint.js
FN:18,(anonymous_0)
FN:81,(anonymous_1)
FN:82,(anonymous_2)
FN:90,(anonymous_3)
FN:95,(anonymous_4)
FN:136,(anonymous_5)
FNF:6
FNH:6
FNDA:28,(anonymous_0)
FNDA:28,(anonymous_1)
FNDA:28,(anonymous_2)
FNDA:84,(anonymous_3)
FNDA:196,(anonymous_4)
FNDA:28,(anonymous_5)
DA:18,38
DA:77,56
DA:81,56
DA:82,28
DA:83,28
DA:90,56
DA:91,84
DA:92,84
DA:96,196
DA:98,196
DA:100,196
DA:101,84
DA:125,196
DA:136,28
LF:14
LH:14
BRDA:100,0,0,84
BRDA:100,0,1,112
BRDA:111,1,0,0
BRDA:111,1,1,84
BRDA:131,2,0,84
BRDA:131,2,1,112
BRF:6
BRH:5
end_of_record
TN:
SF:src/shared/utility.js
FN:1,(anonymous_0)
FNF:1
FNH:1
FNDA:6266,(anonymous_0)
DA:1,38
DA:2,6266
DA:3,6266
DA:5,6266
DA:6,0
DA:9,6266
DA:10,6266
DA:11,6222
DA:13,44
DA:17,6266
DA:18,0
DA:21,6266
DA:22,0
DA:25,6266
DA:26,0
DA:27,0
DA:30,6266
DA:31,0
DA:32,0
DA:35,6266
LF:20
LH:13
BRDA:5,0,0,0
BRDA:5,0,1,6266
BRDA:9,1,0,6266
BRDA:9,1,1,0
BRDA:9,2,0,6266
BRDA:9,2,1,6266
BRDA:10,3,0,6222
BRDA:10,3,1,44
BRDA:17,4,0,0
BRDA:17,4,1,6266
BRDA:17,5,0,6266
BRDA:17,5,1,6218
BRDA:21,6,0,0
BRDA:21,6,1,6266
BRDA:21,7,0,6266
BRDA:21,7,1,6218
BRDA:25,8,0,0
BRDA:25,8,1,6266
BRDA:25,9,0,6266
BRDA:25,9,1,6218
BRDA:30,10,0,0
BRDA:30,10,1,6266
BRDA:30,11,0,6266
BRDA:30,11,1,6218
BRF:24
BRH:18
end_of_record
TN:
SF:src/store/initialDemoData.js
FNF:0
FNH:0
DA:3,38
LF:1
LH:1
BRF:0
BRH:0
end_of_record
TN:
SF:src/store/utility.js
FN:1,(anonymous_0)
FN:8,(anonymous_1)
FN:9,(anonymous_2)
FNF:3
FNH:3
FNDA:93,(anonymous_0)
FNDA:138,(anonymous_1)
FNDA:519,(anonymous_2)
DA:1,38
DA:2,93
DA:8,38
DA:9,138
DA:10,519
DA:15,138
LF:6
LH:6
BRF:0
BRH:0
end_of_record
TN:
SF:src/store/actions/actionTypes.js
FNF:0
FNH:0
DA:2,38
DA:3,38
DA:4,38
DA:5,38
DA:6,38
DA:7,38
DA:8,38
DA:9,38
DA:10,38
DA:11,38
DA:12,38
DA:15,38
DA:16,38
DA:17,38
DA:18,38
DA:19,38
DA:21,38
LF:17
LH:17
BRF:0
BRH:0
end_of_record
TN:
SF:src/store/actions/authentication.js
FN:8,(anonymous_0)
FN:9,(anonymous_1)
FN:15,(anonymous_2)
FN:22,(anonymous_3)
FN:29,(anonymous_4)
FN:35,(anonymous_5)
FN:43,(anonymous_6)
FN:44,(anonymous_7)
FN:45,(anonymous_8)
FN:51,(anonymous_9)
FN:58,(anonymous_10)
FN:59,(anonymous_11)
FN:69,(anonymous_12)
FN:75,(anonymous_13)
FN:82,(anonymous_14)
FN:83,(anonymous_15)
FN:101,(anonymous_16)
FN:107,(anonymous_17)
FN:115,(anonymous_18)
FN:116,(anonymous_19)
FN:120,(anonymous_20)
FN:124,(anonymous_21)
FN:131,(anonymous_22)
FN:132,(anonymous_23)
FN:147,(anonymous_24)
FN:163,(anonymous_25)
FN:166,(anonymous_26)
FN:174,(anonymous_27)
FNF:28
FNH:23
FNDA:15,(anonymous_0)
FNDA:15,(anonymous_1)
FNDA:15,(anonymous_2)
FNDA:15,(anonymous_3)
FNDA:19,(anonymous_4)
FNDA:18,(anonymous_5)
FNDA:18,(anonymous_6)
FNDA:18,(anonymous_7)
FNDA:0,(anonymous_8)
FNDA:1,(anonymous_9)
FNDA:40,(anonymous_10)
FNDA:40,(anonymous_11)
FNDA:40,(anonymous_12)
FNDA:0,(anonymous_13)
FNDA:38,(anonymous_14)
FNDA:38,(anonymous_15)
FNDA:40,(anonymous_16)
FNDA:18,(anonymous_17)
FNDA:18,(anonymous_18)
FNDA:18,(anonymous_19)
FNDA:18,(anonymous_20)
FNDA:0,(anonymous_21)
FNDA:19,(anonymous_22)
FNDA:19,(anonymous_23)
FNDA:18,(anonymous_24)
FNDA:0,(anonymous_25)
FNDA:0,(anonymous_26)
FNDA:1,(anonymous_27)
DA:5,38
DA:6,38
DA:8,38
DA:9,15
DA:10,15
DA:11,15
DA:15,38
DA:17,15
DA:22,38
DA:24,15
DA:29,38
DA:30,19
DA:35,38
DA:36,18
DA:43,38
DA:44,18
DA:45,18
DA:46,0
DA:51,38
DA:52,1
DA:58,38
DA:59,40
DA:60,40
DA:61,40
DA:62,40
DA:63,40
DA:64,40
DA:69,38
DA:70,40
DA:75,38
DA:76,0
DA:82,38
DA:83,38
DA:84,38
DA:85,38
DA:86,38
DA:88,0
DA:89,0
DA:90,0
DA:91,0
DA:92,0
DA:93,0
DA:95,0
DA:101,38
DA:102,40
DA:107,38
DA:108,18
DA:115,38
DA:116,18
DA:118,18
DA:119,18
DA:122,18
DA:125,0
DA:126,0
DA:131,38
DA:132,19
DA:133,19
DA:134,19
DA:140,19
DA:142,19
DA:143,1
DA:146,19
DA:148,18
DA:149,18
DA:150,18
DA:151,18
DA:152,18
DA:153,18
DA:155,18
DA:156,0
DA:157,0
DA:162,0
DA:164,0
DA:167,0
DA:168,0
DA:171,18
DA:175,1
LF:77
LH:60
BRDA:85,0,0,38
BRDA:85,0,1,0
BRDA:89,1,0,0
BRDA:89,1,1,0
BRDA:142,2,0,1
BRDA:142,2,1,18
BRDA:155,3,0,0
BRDA:155,3,1,18
BRF:8
BRH:4
end_of_record
TN:
SF:src/store/actions/index.js
FNF:0
FNH:0
LF:0
LH:0
BRF:0
BRH:0
end_of_record
TN:
SF:src/store/actions/sprints.js
FN:6,(anonymous_0)
FN:7,(anonymous_1)
FN:22,(anonymous_2)
FN:26,(anonymous_3)
FN:34,(anonymous_4)
FN:40,(anonymous_5)
FN:48,(anonymous_6)
FN:49,(anonymous_7)
FN:64,(anonymous_8)
FN:68,(anonymous_9)
FN:77,(anonymous_10)
FN:85,(anonymous_11)
FN:86,(anonymous_12)
FN:101,(anonymous_13)
FN:105,(anonymous_14)
FN:113,(anonymous_15)
FN:121,(anonymous_16)
FN:122,(anonymous_17)
FN:128,(anonymous_18)
FN:129,(anonymous_19)
FN:136,(anonymous_20)
FN:140,(anonymous_21)
FN:148,(anonymous_22)
FN:156,(anonymous_23)
FN:157,(anonymous_24)
FN:164,(anonymous_25)
FN:168,(anonymous_26)
FN:176,(anonymous_27)
FN:183,(anonymous_28)
FN:184,(anonymous_29)
FN:191,(anonymous_30)
FN:195,(anonymous_31)
FN:203,(anonymous_32)
FN:210,(anonymous_33)
FNF:34
FNH:27
FNDA:16,(anonymous_0)
FNDA:16,(anonymous_1)
FNDA:8,(anonymous_2)
FNDA:0,(anonymous_3)
FNDA:0,(anonymous_4)
FNDA:16,(anonymous_5)
FNDA:44,(anonymous_6)
FNDA:44,(anonymous_7)
FNDA:22,(anonymous_8)
FNDA:0,(anonymous_9)
FNDA:44,(anonymous_10)
FNDA:30,(anonymous_11)
FNDA:30,(anonymous_12)
FNDA:15,(anonymous_13)
FNDA:0,(anonymous_14)
FNDA:30,(anonymous_15)
FNDA:12,(anonymous_16)
FNDA:12,(anonymous_17)
FNDA:20,(anonymous_18)
FNDA:20,(anonymous_19)
FNDA:10,(anonymous_20)
FNDA:0,(anonymous_21)
FNDA:20,(anonymous_22)
FNDA:22,(anonymous_23)
FNDA:22,(anonymous_24)
FNDA:11,(anonymous_25)
FNDA:0,(anonymous_26)
FNDA:22,(anonymous_27)
FNDA:4,(anonymous_28)
FNDA:4,(anonymous_29)
FNDA:2,(anonymous_30)
FNDA:0,(anonymous_31)
FNDA:4,(anonymous_32)
FNDA:58,(anonymous_33)
DA:4,38
DA:6,38
DA:7,16
DA:8,16
DA:9,8
DA:11,8
DA:13,8
DA:15,0
DA:18,8
DA:21,8
DA:23,8
DA:24,8
DA:27,0
DA:28,0
DA:34,38
DA:35,0
DA:40,38
DA:41,16
DA:48,38
DA:49,44
DA:50,44
DA:51,22
DA:53,22
DA:55,22
DA:57,7
DA:60,15
DA:63,22
DA:65,22
DA:66,22
DA:69,0
DA:70,0
DA:77,38
DA:78,44
DA:85,38
DA:86,30
DA:87,30
DA:88,15
DA:90,15
DA:92,15
DA:94,9
DA:97,6
DA:100,15
DA:102,15
DA:103,15
DA:106,0
DA:107,0
DA:113,38
DA:114,30
DA:121,38
DA:122,12
DA:123,12
DA:124,12
DA:128,38
DA:129,20
DA:130,20
DA:131,10
DA:133,10
DA:135,10
DA:137,10
DA:138,10
DA:141,0
DA:142,0
DA:148,38
DA:149,20
DA:156,38
DA:157,22
DA:158,22
DA:159,11
DA:161,11
DA:163,11
DA:165,11
DA:166,11
DA:169,0
DA:170,0
DA:176,38
DA:177,22
DA:183,38
DA:184,4
DA:185,4
DA:186,2
DA:188,2
DA:190,2
DA:192,2
DA:193,2
DA:196,0
DA:197,0
DA:203,38
DA:204,4
DA:210,38
DA:211,58
LF:90
LH:76
BRDA:8,0,0,8
BRDA:8,0,1,8
BRDA:13,1,0,0
BRDA:13,1,1,8
BRDA:50,2,0,22
BRDA:50,2,1,22
BRDA:55,3,0,7
BRDA:55,3,1,15
BRDA:87,4,0,15
BRDA:87,4,1,15
BRDA:92,5,0,9
BRDA:92,5,1,6
BRDA:130,6,0,10
BRDA:130,6,1,10
BRDA:158,7,0,11
BRDA:158,7,1,11
BRDA:185,8,0,2
BRDA:185,8,1,2
BRF:18
BRH:17
end_of_record
TN:
SF:src/store/reducers/authentication.js
FN:12,(anonymous_0)
FN:16,(anonymous_1)
FN:28,(anonymous_2)
FN:38,(anonymous_3)
FN:42,(anonymous_4)
FN:46,(anonymous_5)
FN:50,(anonymous_6)
FNF:7
FNH:6
FNDA:19,(anonymous_0)
FNDA:18,(anonymous_1)
FNDA:1,(anonymous_2)
FNDA:40,(anonymous_3)
FNDA:15,(anonymous_4)
FNDA:0,(anonymous_5)
FNDA:474,(anonymous_6)
DA:4,38
DA:12,38
DA:13,19
DA:16,38
DA:17,18
DA:28,38
DA:29,1
DA:38,38
DA:39,40
DA:42,38
DA:43,15
DA:46,38
DA:47,0
DA:50,38
DA:51,474
DA:52,19
DA:53,18
DA:54,1
DA:55,40
DA:56,15
DA:57,0
DA:58,381
LF:22
LH:20
BRDA:50,0,0,114
BRDA:51,1,0,19
BRDA:51,1,1,18
BRDA:51,1,2,1
BRDA:51,1,3,40
BRDA:51,1,4,15
BRDA:51,1,5,0
BRDA:51,1,6,381
BRF:8
BRH:7
end_of_record
TN:
SF:src/store/reducers/sprints.js
FN:12,(anonymous_0)
FN:29,(anonymous_1)
FN:53,(anonymous_2)
FN:55,(anonymous_3)
FN:68,(anonymous_4)
FN:98,(anonymous_5)
FN:120,(anonymous_6)
FN:144,(anonymous_7)
FN:162,(anonymous_8)
FN:172,(anonymous_9)
FN:185,(anonymous_10)
FN:193,(anonymous_11)
FN:201,(anonymous_12)
FN:209,(anonymous_13)
FN:233,(anonymous_14)
FN:255,(anonymous_15)
FN:273,(anonymous_16)
FN:285,(anonymous_17)
FN:287,(anonymous_18)
FN:289,(anonymous_19)
FN:297,(anonymous_20)
FN:306,(anonymous_21)
FN:314,(anonymous_22)
FN:351,(anonymous_23)
FN:359,(anonymous_24)
FN:366,(anonymous_25)
FNF:26
FNH:24
FNDA:82,(anonymous_0)
FNDA:46,(anonymous_1)
FNDA:94,(anonymous_2)
FNDA:562,(anonymous_3)
FNDA:16,(anonymous_4)
FNDA:30,(anonymous_5)
FNDA:12,(anonymous_6)
FNDA:0,(anonymous_7)
FNDA:14,(anonymous_8)
FNDA:18,(anonymous_9)
FNDA:16,(anonymous_10)
FNDA:44,(anonymous_11)
FNDA:30,(anonymous_12)
FNDA:20,(anonymous_13)
FNDA:22,(anonymous_14)
FNDA:4,(anonymous_15)
FNDA:172,(anonymous_16)
FNDA:76,(anonymous_17)
FNDA:258,(anonymous_18)
FNDA:258,(anonymous_19)
FNDA:58,(anonymous_20)
FNDA:40,(anonymous_21)
FNDA:18,(anonymous_22)
FNDA:15,(anonymous_23)
FNDA:0,(anonymous_24)
FNDA:474,(anonymous_25)
DA:6,38
DA:12,38
DA:16,82
DA:18,574
DA:20,82
DA:24,0
DA:26,0
DA:29,38
DA:35,46
DA:36,18
DA:38,28
DA:43,46
DA:44,94
DA:45,46
DA:50,0
DA:53,38
DA:55,94
DA:56,562
DA:58,468
DA:61,94
DA:68,38
DA:73,16
DA:75,16
DA:79,16
DA:80,0
DA:81,0
DA:84,16
DA:86,16
DA:87,16
DA:89,16
DA:91,16
DA:98,38
DA:99,30
DA:101,30
DA:102,0
DA:103,0
DA:105,30
DA:106,30
DA:108,30
DA:109,30
DA:111,30
DA:113,30
DA:120,38
DA:121,12
DA:123,12
DA:124,0
DA:125,0
DA:127,12
DA:128,12
DA:130,12
DA:132,12
DA:133,12
DA:135,12
DA:137,12
DA:144,38
DA:146,0
DA:148,0
DA:149,0
DA:152,0
DA:155,0
DA:162,38
DA:163,14
DA:164,14
DA:166,14
DA:172,38
DA:173,18
DA:175,18
DA:177,18
DA:179,18
DA:185,38
DA:186,16
DA:187,0
DA:189,16
DA:193,38
DA:194,44
DA:195,14
DA:197,30
DA:201,38
DA:202,30
DA:203,18
DA:205,12
DA:209,38
DA:213,20
DA:214,20
DA:215,20
DA:218,20
DA:221,20
DA:224,0
DA:227,20
DA:233,38
DA:237,22
DA:241,22
DA:242,22
DA:245,22
DA:246,0
DA:249,22
DA:255,38
DA:256,4
DA:258,4
DA:259,0
DA:260,0
DA:263,4
DA:265,4
DA:267,4
DA:273,38
DA:275,172
DA:277,1
DA:280,171
DA:285,38
DA:287,258
DA:289,258
DA:291,76
DA:292,76
DA:294,76
DA:297,38
DA:298,58
DA:300,58
DA:306,38
DA:307,40
DA:314,38
DA:315,18
DA:316,18
DA:319,18
DA:320,18
DA:322,18
DA:324,108
DA:325,6
DA:328,102
DA:332,108
DA:333,108
DA:337,18
DA:340,18
DA:341,18
DA:344,18
DA:351,38
DA:352,15
DA:359,38
DA:360,0
DA:366,38
DA:367,474
DA:368,16
DA:369,44
DA:370,30
DA:371,20
DA:372,22
DA:373,4
DA:374,58
DA:375,40
DA:376,18
DA:377,15
DA:378,0
DA:379,207
LF:152
LH:131
BRDA:18,0,0,82
BRDA:18,0,1,492
BRDA:35,1,0,18
BRDA:35,1,1,28
BRDA:44,2,0,46
BRDA:44,2,1,48
BRDA:56,3,0,468
BRDA:56,3,1,94
BRDA:79,4,0,0
BRDA:79,4,1,16
BRDA:79,5,0,16
BRDA:79,5,1,16
BRDA:101,6,0,0
BRDA:101,6,1,30
BRDA:123,7,0,0
BRDA:123,7,1,12
BRDA:148,8,0,0
BRDA:148,8,1,0
BRDA:186,9,0,0
BRDA:186,9,1,16
BRDA:194,10,0,14
BRDA:194,10,1,30
BRDA:202,11,0,18
BRDA:202,11,1,12
BRDA:221,12,0,0
BRDA:221,12,1,20
BRDA:221,13,0,20
BRDA:221,13,1,20
BRDA:245,14,0,0
BRDA:245,14,1,22
BRDA:245,15,0,22
BRDA:245,15,1,22
BRDA:258,16,0,0
BRDA:258,16,1,4
BRDA:275,17,0,1
BRDA:275,17,1,171
BRDA:319,18,0,18
BRDA:319,18,1,0
BRDA:324,19,0,6
BRDA:324,19,1,102
BRDA:340,20,0,18
BRDA:340,20,1,0
BRDA:366,21,0,114
BRDA:367,22,0,16
BRDA:367,22,1,44
BRDA:367,22,2,30
BRDA:367,22,3,20
BRDA:367,22,4,22
BRDA:367,22,5,4
BRDA:367,22,6,58
BRDA:367,22,7,40
BRDA:367,22,8,18
BRDA:367,22,9,15
BRDA:367,22,10,0
BRDA:367,22,11,207
BRF:55
BRH:43
end_of_record
TN:
SF:src/theme/theme.js
FNF:0
FNH:0
DA:8,38
LF:1
LH:1
BRF:0
BRH:0
end_of_record
