<?xml version="1.0" encoding="UTF-8"?>
<testsuites name="Mocha Tests" time="49.211" tests="15" failures="0">
  <testsuite name="Root Suite" timestamp="2020-03-19T19:01:46" tests="0" file="cypress/integration/loggedInFunctionality.spec.js" failures="0" time="0">
  </testsuite>
  <testsuite name="Logged In Functionality" timestamp="2020-03-19T19:01:46" tests="15" failures="0" time="49.211">
    <testcase name="Logged In Functionality FrontPage successfully loads" time="1.869" classname="FrontPage successfully loads">
    </testcase>
    <testcase name="Logged In Functionality Successfully logs in with credentials" time="1.619" classname="Successfully logs in with credentials">
    </testcase>
    <testcase name="Logged In Functionality PastSprints successfully loads" time="1.749" classname="PastSprints successfully loads">
    </testcase>
    <testcase name="Logged In Functionality Navigate back to MainView" time="0.464" classname="Navigate back to MainView">
    </testcase>
    <testcase name="Logged In Functionality Create new sprint" time="6.624" classname="Create new sprint">
    </testcase>
    <testcase name="Logged In Functionality Edit sprint" time="3.707" classname="Edit sprint">
    </testcase>
    <testcase name="Logged In Functionality Add new project" time="4.909" classname="Add new project">
    </testcase>
    <testcase name="Logged In Functionality Edit project" time="2.504" classname="Edit project">
    </testcase>
    <testcase name="Logged In Functionality Add new project to the queue" time="7.872" classname="Add new project to the queue">
    </testcase>
    <testcase name="Logged In Functionality Edit and move project on queue to new sprint" time="3.933" classname="Edit and move project on queue to new sprint">
    </testcase>
    <testcase name="Logged In Functionality View sprint statistics" time="2.101" classname="View sprint statistics">
    </testcase>
    <testcase name="Logged In Functionality Attempt and fail to delete new sprint" time="1.76" classname="Attempt and fail to delete new sprint">
    </testcase>
    <testcase name="Logged In Functionality Delete both projects on the new sprint and a project on the queue" time="7.969" classname="Delete both projects on the new sprint and a project on the queue">
    </testcase>
    <testcase name="Logged In Functionality Delete new sprint" time="1.898" classname="Delete new sprint">
    </testcase>
    <testcase name="Logged In Functionality Log out and return to FrontPage" time="0.233" classname="Log out and return to FrontPage">
    </testcase>
  </testsuite>
</testsuites>