{
  "/Users/mikedunham/Documents/Coding/sprint-tracker/src/components/FrontPage/FrontPage.js": {
    "path": "/Users/mikedunham/Documents/Coding/sprint-tracker/src/components/FrontPage/FrontPage.js",
    "statementMap": {
      "0": {
        "start": {
          "line": 16,
          "column": 2
        },
        "end": {
          "line": 25,
          "column": 4
        }
      },
      "1": {
        "start": {
          "line": 28,
          "column": 15
        },
        "end": {
          "line": 63,
          "column": 2
        }
      },
      "2": {
        "start": {
          "line": 28,
          "column": 25
        },
        "end": {
          "line": 63,
          "column": 1
        }
      },
      "3": {
        "start": {
          "line": 65,
          "column": 14
        },
        "end": {
          "line": 81,
          "column": 1
        }
      },
      "4": {
        "start": {
          "line": 83,
          "column": 18
        },
        "end": {
          "line": 163,
          "column": 1
        }
      },
      "5": {
        "start": {
          "line": 84,
          "column": 24
        },
        "end": {
          "line": 84,
          "column": 29
        }
      },
      "6": {
        "start": {
          "line": 86,
          "column": 4
        },
        "end": {
          "line": 162,
          "column": 6
        }
      },
      "7": {
        "start": {
          "line": 123,
          "column": 16
        },
        "end": {
          "line": 139,
          "column": 23
        }
      }
    },
    "fnMap": {
      "0": {
        "name": "Copyright",
        "decl": {
          "start": {
            "line": 15,
            "column": 9
          },
          "end": {
            "line": 15,
            "column": 18
          }
        },
        "loc": {
          "start": {
            "line": 15,
            "column": 21
          },
          "end": {
            "line": 26,
            "column": 1
          }
        },
        "line": 15
      },
      "1": {
        "name": "(anonymous_1)",
        "decl": {
          "start": {
            "line": 28,
            "column": 15
          },
          "end": {
            "line": 28,
            "column": 16
          }
        },
        "loc": {
          "start": {
            "line": 28,
            "column": 25
          },
          "end": {
            "line": 63,
            "column": 1
          }
        },
        "line": 28
      },
      "2": {
        "name": "(anonymous_2)",
        "decl": {
          "start": {
            "line": 83,
            "column": 18
          },
          "end": {
            "line": 83,
            "column": 19
          }
        },
        "loc": {
          "start": {
            "line": 83,
            "column": 29
          },
          "end": {
            "line": 163,
            "column": 1
          }
        },
        "line": 83
      },
      "3": {
        "name": "(anonymous_3)",
        "decl": {
          "start": {
            "line": 122,
            "column": 27
          },
          "end": {
            "line": 122,
            "column": 28
          }
        },
        "loc": {
          "start": {
            "line": 123,
            "column": 16
          },
          "end": {
            "line": 139,
            "column": 23
          }
        },
        "line": 123
      }
    },
    "branchMap": {},
    "s": {
      "0": 40,
      "1": 38,
      "2": 40,
      "3": 38,
      "4": 38,
      "5": 40,
      "6": 40,
      "7": 120
    },
    "f": {
      "0": 40,
      "1": 40,
      "2": 40,
      "3": 120
    },
    "b": {},
    "_coverageSchema": "1a1c01bbd47fc00a2c39e90264f33305004495a9",
    "hash": "2b0043f5fecabc21023c794628a3146b2cf52b87"
  },
  "/Users/mikedunham/Documents/Coding/sprint-tracker/src/components/Sprint/ProjectTable/ProjectTable.js": {
    "path": "/Users/mikedunham/Documents/Coding/sprint-tracker/src/components/Sprint/ProjectTable/ProjectTable.js",
    "statementMap": {
      "0": {
        "start": {
          "line": 15,
          "column": 19
        },
        "end": {
          "line": 20,
          "column": 3
        }
      },
      "1": {
        "start": {
          "line": 16,
          "column": 37
        },
        "end": {
          "line": 16,
          "column": 66
        }
      },
      "2": {
        "start": {
          "line": 17,
          "column": 44
        },
        "end": {
          "line": 17,
          "column": 74
        }
      },
      "3": {
        "start": {
          "line": 18,
          "column": 39
        },
        "end": {
          "line": 18,
          "column": 70
        }
      },
      "4": {
        "start": {
          "line": 19,
          "column": 42
        },
        "end": {
          "line": 19,
          "column": 80
        }
      },
      "5": {
        "start": {
          "line": 22,
          "column": 21
        },
        "end": {
          "line": 154,
          "column": 1
        }
      },
      "6": {
        "start": {
          "line": 24,
          "column": 21
        },
        "end": {
          "line": 24,
          "column": 35
        }
      },
      "7": {
        "start": {
          "line": 25,
          "column": 21
        },
        "end": {
          "line": 25,
          "column": 35
        }
      },
      "8": {
        "start": {
          "line": 26,
          "column": 21
        },
        "end": {
          "line": 26,
          "column": 35
        }
      },
      "9": {
        "start": {
          "line": 27,
          "column": 21
        },
        "end": {
          "line": 27,
          "column": 35
        }
      },
      "10": {
        "start": {
          "line": 28,
          "column": 21
        },
        "end": {
          "line": 28,
          "column": 35
        }
      },
      "11": {
        "start": {
          "line": 29,
          "column": 21
        },
        "end": {
          "line": 29,
          "column": 35
        }
      },
      "12": {
        "start": {
          "line": 32,
          "column": 17
        },
        "end": {
          "line": 32,
          "column": 63
        }
      },
      "13": {
        "start": {
          "line": 33,
          "column": 17
        },
        "end": {
          "line": 33,
          "column": 63
        }
      },
      "14": {
        "start": {
          "line": 34,
          "column": 17
        },
        "end": {
          "line": 34,
          "column": 63
        }
      },
      "15": {
        "start": {
          "line": 35,
          "column": 17
        },
        "end": {
          "line": 35,
          "column": 63
        }
      },
      "16": {
        "start": {
          "line": 36,
          "column": 17
        },
        "end": {
          "line": 36,
          "column": 63
        }
      },
      "17": {
        "start": {
          "line": 38,
          "column": 4
        },
        "end": {
          "line": 56,
          "column": 5
        }
      },
      "18": {
        "start": {
          "line": 39,
          "column": 8
        },
        "end": {
          "line": 39,
          "column": 63
        }
      },
      "19": {
        "start": {
          "line": 40,
          "column": 8
        },
        "end": {
          "line": 40,
          "column": 63
        }
      },
      "20": {
        "start": {
          "line": 41,
          "column": 8
        },
        "end": {
          "line": 41,
          "column": 63
        }
      },
      "21": {
        "start": {
          "line": 42,
          "column": 8
        },
        "end": {
          "line": 42,
          "column": 63
        }
      },
      "22": {
        "start": {
          "line": 43,
          "column": 8
        },
        "end": {
          "line": 43,
          "column": 63
        }
      },
      "23": {
        "start": {
          "line": 44,
          "column": 11
        },
        "end": {
          "line": 56,
          "column": 5
        }
      },
      "24": {
        "start": {
          "line": 45,
          "column": 8
        },
        "end": {
          "line": 45,
          "column": 79
        }
      },
      "25": {
        "start": {
          "line": 46,
          "column": 8
        },
        "end": {
          "line": 46,
          "column": 79
        }
      },
      "26": {
        "start": {
          "line": 47,
          "column": 8
        },
        "end": {
          "line": 47,
          "column": 79
        }
      },
      "27": {
        "start": {
          "line": 48,
          "column": 8
        },
        "end": {
          "line": 48,
          "column": 64
        }
      },
      "28": {
        "start": {
          "line": 49,
          "column": 8
        },
        "end": {
          "line": 49,
          "column": 64
        }
      },
      "29": {
        "start": {
          "line": 50,
          "column": 11
        },
        "end": {
          "line": 56,
          "column": 5
        }
      },
      "30": {
        "start": {
          "line": 51,
          "column": 8
        },
        "end": {
          "line": 51,
          "column": 81
        }
      },
      "31": {
        "start": {
          "line": 52,
          "column": 8
        },
        "end": {
          "line": 52,
          "column": 81
        }
      },
      "32": {
        "start": {
          "line": 53,
          "column": 8
        },
        "end": {
          "line": 53,
          "column": 81
        }
      },
      "33": {
        "start": {
          "line": 54,
          "column": 8
        },
        "end": {
          "line": 54,
          "column": 81
        }
      },
      "34": {
        "start": {
          "line": 55,
          "column": 8
        },
        "end": {
          "line": 55,
          "column": 81
        }
      },
      "35": {
        "start": {
          "line": 58,
          "column": 35
        },
        "end": {
          "line": 58,
          "column": 69
        }
      },
      "36": {
        "start": {
          "line": 60,
          "column": 30
        },
        "end": {
          "line": 74,
          "column": 5
        }
      },
      "37": {
        "start": {
          "line": 77,
          "column": 4
        },
        "end": {
          "line": 86,
          "column": 5
        }
      },
      "38": {
        "start": {
          "line": 77,
          "column": 14
        },
        "end": {
          "line": 77,
          "column": 15
        }
      },
      "39": {
        "start": {
          "line": 78,
          "column": 29
        },
        "end": {
          "line": 83,
          "column": 9
        }
      },
      "40": {
        "start": {
          "line": 85,
          "column": 8
        },
        "end": {
          "line": 85,
          "column": 45
        }
      },
      "41": {
        "start": {
          "line": 89,
          "column": 31
        },
        "end": {
          "line": 99,
          "column": 6
        }
      },
      "42": {
        "start": {
          "line": 90,
          "column": 33
        },
        "end": {
          "line": 90,
          "column": 35
        }
      },
      "43": {
        "start": {
          "line": 91,
          "column": 24
        },
        "end": {
          "line": 91,
          "column": 40
        }
      },
      "44": {
        "start": {
          "line": 93,
          "column": 8
        },
        "end": {
          "line": 96,
          "column": 9
        }
      },
      "45": {
        "start": {
          "line": 93,
          "column": 19
        },
        "end": {
          "line": 93,
          "column": 20
        }
      },
      "46": {
        "start": {
          "line": 94,
          "column": 22
        },
        "end": {
          "line": 94,
          "column": 34
        }
      },
      "47": {
        "start": {
          "line": 95,
          "column": 12
        },
        "end": {
          "line": 95,
          "column": 53
        }
      },
      "48": {
        "start": {
          "line": 98,
          "column": 8
        },
        "end": {
          "line": 98,
          "column": 34
        }
      },
      "49": {
        "start": {
          "line": 101,
          "column": 23
        },
        "end": {
          "line": 110,
          "column": 8
        }
      },
      "50": {
        "start": {
          "line": 105,
          "column": 12
        },
        "end": {
          "line": 105,
          "column": 45
        }
      },
      "51": {
        "start": {
          "line": 106,
          "column": 29
        },
        "end": {
          "line": 106,
          "column": 41
        }
      },
      "52": {
        "start": {
          "line": 107,
          "column": 12
        },
        "end": {
          "line": 107,
          "column": 43
        }
      },
      "53": {
        "start": {
          "line": 108,
          "column": 12
        },
        "end": {
          "line": 108,
          "column": 70
        }
      },
      "54": {
        "start": {
          "line": 112,
          "column": 4
        },
        "end": {
          "line": 114,
          "column": 5
        }
      },
      "55": {
        "start": {
          "line": 113,
          "column": 8
        },
        "end": {
          "line": 113,
          "column": 26
        }
      },
      "56": {
        "start": {
          "line": 116,
          "column": 4
        },
        "end": {
          "line": 153,
          "column": 6
        }
      }
    },
    "fnMap": {
      "0": {
        "name": "(anonymous_0)",
        "decl": {
          "start": {
            "line": 16,
            "column": 21
          },
          "end": {
            "line": 16,
            "column": 22
          }
        },
        "loc": {
          "start": {
            "line": 16,
            "column": 37
          },
          "end": {
            "line": 16,
            "column": 66
          }
        },
        "line": 16
      },
      "1": {
        "name": "(anonymous_1)",
        "decl": {
          "start": {
            "line": 17,
            "column": 28
          },
          "end": {
            "line": 17,
            "column": 29
          }
        },
        "loc": {
          "start": {
            "line": 17,
            "column": 44
          },
          "end": {
            "line": 17,
            "column": 74
          }
        },
        "line": 17
      },
      "2": {
        "name": "(anonymous_2)",
        "decl": {
          "start": {
            "line": 18,
            "column": 23
          },
          "end": {
            "line": 18,
            "column": 24
          }
        },
        "loc": {
          "start": {
            "line": 18,
            "column": 39
          },
          "end": {
            "line": 18,
            "column": 70
          }
        },
        "line": 18
      },
      "3": {
        "name": "(anonymous_3)",
        "decl": {
          "start": {
            "line": 19,
            "column": 26
          },
          "end": {
            "line": 19,
            "column": 27
          }
        },
        "loc": {
          "start": {
            "line": 19,
            "column": 42
          },
          "end": {
            "line": 19,
            "column": 80
          }
        },
        "line": 19
      },
      "4": {
        "name": "(anonymous_4)",
        "decl": {
          "start": {
            "line": 22,
            "column": 21
          },
          "end": {
            "line": 22,
            "column": 22
          }
        },
        "loc": {
          "start": {
            "line": 22,
            "column": 32
          },
          "end": {
            "line": 154,
            "column": 1
          }
        },
        "line": 22
      },
      "5": {
        "name": "(anonymous_5)",
        "decl": {
          "start": {
            "line": 89,
            "column": 51
          },
          "end": {
            "line": 89,
            "column": 52
          }
        },
        "loc": {
          "start": {
            "line": 89,
            "column": 58
          },
          "end": {
            "line": 99,
            "column": 5
          }
        },
        "line": 89
      },
      "6": {
        "name": "(anonymous_6)",
        "decl": {
          "start": {
            "line": 104,
            "column": 17
          },
          "end": {
            "line": 104,
            "column": 18
          }
        },
        "loc": {
          "start": {
            "line": 104,
            "column": 37
          },
          "end": {
            "line": 109,
            "column": 9
          }
        },
        "line": 104
      }
    },
    "branchMap": {
      "0": {
        "loc": {
          "start": {
            "line": 38,
            "column": 4
          },
          "end": {
            "line": 56,
            "column": 5
          }
        },
        "type": "if",
        "locations": [
          {
            "start": {
              "line": 38,
              "column": 4
            },
            "end": {
              "line": 56,
              "column": 5
            }
          },
          {
            "start": {
              "line": 38,
              "column": 4
            },
            "end": {
              "line": 56,
              "column": 5
            }
          }
        ],
        "line": 38
      },
      "1": {
        "loc": {
          "start": {
            "line": 44,
            "column": 11
          },
          "end": {
            "line": 56,
            "column": 5
          }
        },
        "type": "if",
        "locations": [
          {
            "start": {
              "line": 44,
              "column": 11
            },
            "end": {
              "line": 56,
              "column": 5
            }
          },
          {
            "start": {
              "line": 44,
              "column": 11
            },
            "end": {
              "line": 56,
              "column": 5
            }
          }
        ],
        "line": 44
      },
      "2": {
        "loc": {
          "start": {
            "line": 50,
            "column": 11
          },
          "end": {
            "line": 56,
            "column": 5
          }
        },
        "type": "if",
        "locations": [
          {
            "start": {
              "line": 50,
              "column": 11
            },
            "end": {
              "line": 56,
              "column": 5
            }
          },
          {
            "start": {
              "line": 50,
              "column": 11
            },
            "end": {
              "line": 56,
              "column": 5
            }
          }
        ],
        "line": 50
      },
      "3": {
        "loc": {
          "start": {
            "line": 77,
            "column": 17
          },
          "end": {
            "line": 77,
            "column": 46
          }
        },
        "type": "binary-expr",
        "locations": [
          {
            "start": {
              "line": 77,
              "column": 17
            },
            "end": {
              "line": 77,
              "column": 38
            }
          },
          {
            "start": {
              "line": 77,
              "column": 42
            },
            "end": {
              "line": 77,
              "column": 46
            }
          }
        ],
        "line": 77
      },
      "4": {
        "loc": {
          "start": {
            "line": 112,
            "column": 4
          },
          "end": {
            "line": 114,
            "column": 5
          }
        },
        "type": "if",
        "locations": [
          {
            "start": {
              "line": 112,
              "column": 4
            },
            "end": {
              "line": 114,
              "column": 5
            }
          },
          {
            "start": {
              "line": 112,
              "column": 4
            },
            "end": {
              "line": 114,
              "column": 5
            }
          }
        ],
        "line": 112
      }
    },
    "s": {
      "0": 38,
      "1": 0,
      "2": 2724,
      "3": 2724,
      "4": 91302,
      "5": 38,
      "6": 1362,
      "7": 1362,
      "8": 1362,
      "9": 1362,
      "10": 1362,
      "11": 1362,
      "12": 1362,
      "13": 1362,
      "14": 1362,
      "15": 1362,
      "16": 1362,
      "17": 1362,
      "18": 0,
      "19": 0,
      "20": 0,
      "21": 0,
      "22": 0,
      "23": 1362,
      "24": 176,
      "25": 176,
      "26": 176,
      "27": 176,
      "28": 176,
      "29": 1186,
      "30": 84,
      "31": 84,
      "32": 84,
      "33": 84,
      "34": 84,
      "35": 1362,
      "36": 1362,
      "37": 1362,
      "38": 1362,
      "39": 5772,
      "40": 5772,
      "41": 1362,
      "42": 3726,
      "43": 3726,
      "44": 3726,
      "45": 3726,
      "46": 81972,
      "47": 81972,
      "48": 3726,
      "49": 1362,
      "50": 46,
      "51": 46,
      "52": 46,
      "53": 46,
      "54": 1362,
      "55": 84,
      "56": 1362
    },
    "f": {
      "0": 0,
      "1": 2724,
      "2": 2724,
      "3": 91302,
      "4": 1362,
      "5": 3726,
      "6": 46
    },
    "b": {
      "0": [
        0,
        1362
      ],
      "1": [
        176,
        1186
      ],
      "2": [
        84,
        1102
      ],
      "3": [
        7134,
        5772
      ],
      "4": [
        84,
        1278
      ]
    },
    "_coverageSchema": "1a1c01bbd47fc00a2c39e90264f33305004495a9",
    "hash": "180301004dce667b864aa376090f1eada618afde"
  },
  "/Users/mikedunham/Documents/Coding/sprint-tracker/src/components/Sprint/Sprint.js": {
    "path": "/Users/mikedunham/Documents/Coding/sprint-tracker/src/components/Sprint/Sprint.js",
    "statementMap": {
      "0": {
        "start": {
          "line": 8,
          "column": 15
        },
        "end": {
          "line": 17,
          "column": 2
        }
      },
      "1": {
        "start": {
          "line": 8,
          "column": 25
        },
        "end": {
          "line": 17,
          "column": 1
        }
      },
      "2": {
        "start": {
          "line": 19,
          "column": 15
        },
        "end": {
          "line": 81,
          "column": 1
        }
      },
      "3": {
        "start": {
          "line": 20,
          "column": 24
        },
        "end": {
          "line": 20,
          "column": 29
        }
      },
      "4": {
        "start": {
          "line": 23,
          "column": 8
        },
        "end": {
          "line": 25,
          "column": 14
        }
      },
      "5": {
        "start": {
          "line": 28,
          "column": 28
        },
        "end": {
          "line": 31,
          "column": 5
        }
      },
      "6": {
        "start": {
          "line": 29,
          "column": 35
        },
        "end": {
          "line": 29,
          "column": 96
        }
      },
      "7": {
        "start": {
          "line": 30,
          "column": 8
        },
        "end": {
          "line": 30,
          "column": 49
        }
      },
      "8": {
        "start": {
          "line": 33,
          "column": 4
        },
        "end": {
          "line": 55,
          "column": 5
        }
      },
      "9": {
        "start": {
          "line": 34,
          "column": 8
        },
        "end": {
          "line": 54,
          "column": 10
        }
      },
      "10": {
        "start": {
          "line": 59,
          "column": 4
        },
        "end": {
          "line": 74,
          "column": 5
        }
      },
      "11": {
        "start": {
          "line": 60,
          "column": 8
        },
        "end": {
          "line": 73,
          "column": 10
        }
      },
      "12": {
        "start": {
          "line": 76,
          "column": 4
        },
        "end": {
          "line": 80,
          "column": 6
        }
      }
    },
    "fnMap": {
      "0": {
        "name": "(anonymous_0)",
        "decl": {
          "start": {
            "line": 8,
            "column": 15
          },
          "end": {
            "line": 8,
            "column": 16
          }
        },
        "loc": {
          "start": {
            "line": 8,
            "column": 25
          },
          "end": {
            "line": 17,
            "column": 1
          }
        },
        "line": 8
      },
      "1": {
        "name": "(anonymous_1)",
        "decl": {
          "start": {
            "line": 19,
            "column": 15
          },
          "end": {
            "line": 19,
            "column": 16
          }
        },
        "loc": {
          "start": {
            "line": 19,
            "column": 26
          },
          "end": {
            "line": 81,
            "column": 1
          }
        },
        "line": 19
      },
      "2": {
        "name": "(anonymous_2)",
        "decl": {
          "start": {
            "line": 28,
            "column": 28
          },
          "end": {
            "line": 28,
            "column": 29
          }
        },
        "loc": {
          "start": {
            "line": 28,
            "column": 34
          },
          "end": {
            "line": 31,
            "column": 5
          }
        },
        "line": 28
      }
    },
    "branchMap": {
      "0": {
        "loc": {
          "start": {
            "line": 33,
            "column": 4
          },
          "end": {
            "line": 55,
            "column": 5
          }
        },
        "type": "if",
        "locations": [
          {
            "start": {
              "line": 33,
              "column": 4
            },
            "end": {
              "line": 55,
              "column": 5
            }
          },
          {
            "start": {
              "line": 33,
              "column": 4
            },
            "end": {
              "line": 55,
              "column": 5
            }
          }
        ],
        "line": 33
      },
      "1": {
        "loc": {
          "start": {
            "line": 33,
            "column": 8
          },
          "end": {
            "line": 33,
            "column": 120
          }
        },
        "type": "binary-expr",
        "locations": [
          {
            "start": {
              "line": 33,
              "column": 8
            },
            "end": {
              "line": 33,
              "column": 20
            }
          },
          {
            "start": {
              "line": 33,
              "column": 25
            },
            "end": {
              "line": 33,
              "column": 55
            }
          },
          {
            "start": {
              "line": 33,
              "column": 59
            },
            "end": {
              "line": 33,
              "column": 86
            }
          },
          {
            "start": {
              "line": 33,
              "column": 90
            },
            "end": {
              "line": 33,
              "column": 119
            }
          }
        ],
        "line": 33
      },
      "2": {
        "loc": {
          "start": {
            "line": 44,
            "column": 33
          },
          "end": {
            "line": 44,
            "column": 179
          }
        },
        "type": "cond-expr",
        "locations": [
          {
            "start": {
              "line": 44,
              "column": 125
            },
            "end": {
              "line": 44,
              "column": 174
            }
          },
          {
            "start": {
              "line": 44,
              "column": 177
            },
            "end": {
              "line": 44,
              "column": 179
            }
          }
        ],
        "line": 44
      },
      "3": {
        "loc": {
          "start": {
            "line": 59,
            "column": 4
          },
          "end": {
            "line": 74,
            "column": 5
          }
        },
        "type": "if",
        "locations": [
          {
            "start": {
              "line": 59,
              "column": 4
            },
            "end": {
              "line": 74,
              "column": 5
            }
          },
          {
            "start": {
              "line": 59,
              "column": 4
            },
            "end": {
              "line": 74,
              "column": 5
            }
          }
        ],
        "line": 59
      },
      "4": {
        "loc": {
          "start": {
            "line": 59,
            "column": 8
          },
          "end": {
            "line": 59,
            "column": 52
          }
        },
        "type": "binary-expr",
        "locations": [
          {
            "start": {
              "line": 59,
              "column": 8
            },
            "end": {
              "line": 59,
              "column": 20
            }
          },
          {
            "start": {
              "line": 59,
              "column": 24
            },
            "end": {
              "line": 59,
              "column": 52
            }
          }
        ],
        "line": 59
      }
    },
    "s": {
      "0": 38,
      "1": 78,
      "2": 38,
      "3": 1278,
      "4": 1278,
      "5": 1278,
      "6": 1102,
      "7": 1102,
      "8": 1278,
      "9": 1102,
      "10": 1278,
      "11": 176,
      "12": 1278
    },
    "f": {
      "0": 78,
      "1": 1278,
      "2": 1102
    },
    "b": {
      "0": [
        1102,
        176
      ],
      "1": [
        1278,
        1278,
        1165,
        1165
      ],
      "2": [
        0,
        1102
      ],
      "3": [
        176,
        1102
      ],
      "4": [
        1278,
        1278
      ]
    },
    "_coverageSchema": "1a1c01bbd47fc00a2c39e90264f33305004495a9",
    "hash": "dabdb18a037140d27af71be96361e1c6b02d5892"
  },
  "/Users/mikedunham/Documents/Coding/sprint-tracker/src/components/UI/Input/Input.js": {
    "path": "/Users/mikedunham/Documents/Coding/sprint-tracker/src/components/UI/Input/Input.js",
    "statementMap": {
      "0": {
        "start": {
          "line": 10,
          "column": 15
        },
        "end": {
          "line": 39,
          "column": 2
        }
      },
      "1": {
        "start": {
          "line": 10,
          "column": 25
        },
        "end": {
          "line": 39,
          "column": 1
        }
      },
      "2": {
        "start": {
          "line": 41,
          "column": 14
        },
        "end": {
          "line": 117,
          "column": 1
        }
      },
      "3": {
        "start": {
          "line": 42,
          "column": 24
        },
        "end": {
          "line": 42,
          "column": 29
        }
      },
      "4": {
        "start": {
          "line": 44,
          "column": 23
        },
        "end": {
          "line": 44,
          "column": 27
        }
      },
      "5": {
        "start": {
          "line": 45,
          "column": 25
        },
        "end": {
          "line": 45,
          "column": 47
        }
      },
      "6": {
        "start": {
          "line": 47,
          "column": 4
        },
        "end": {
          "line": 49,
          "column": 5
        }
      },
      "7": {
        "start": {
          "line": 48,
          "column": 8
        },
        "end": {
          "line": 48,
          "column": 43
        }
      },
      "8": {
        "start": {
          "line": 51,
          "column": 4
        },
        "end": {
          "line": 100,
          "column": 5
        }
      },
      "9": {
        "start": {
          "line": 53,
          "column": 12
        },
        "end": {
          "line": 53,
          "column": 79
        }
      },
      "10": {
        "start": {
          "line": 54,
          "column": 12
        },
        "end": {
          "line": 54,
          "column": 18
        }
      },
      "11": {
        "start": {
          "line": 56,
          "column": 12
        },
        "end": {
          "line": 59,
          "column": 43
        }
      },
      "12": {
        "start": {
          "line": 60,
          "column": 12
        },
        "end": {
          "line": 60,
          "column": 18
        }
      },
      "13": {
        "start": {
          "line": 62,
          "column": 12
        },
        "end": {
          "line": 66,
          "column": 43
        }
      },
      "14": {
        "start": {
          "line": 67,
          "column": 12
        },
        "end": {
          "line": 67,
          "column": 18
        }
      },
      "15": {
        "start": {
          "line": 69,
          "column": 12
        },
        "end": {
          "line": 80,
          "column": 27
        }
      },
      "16": {
        "start": {
          "line": 76,
          "column": 24
        },
        "end": {
          "line": 78,
          "column": 33
        }
      },
      "17": {
        "start": {
          "line": 81,
          "column": 12
        },
        "end": {
          "line": 81,
          "column": 18
        }
      },
      "18": {
        "start": {
          "line": 83,
          "column": 12
        },
        "end": {
          "line": 93,
          "column": 14
        }
      },
      "19": {
        "start": {
          "line": 94,
          "column": 12
        },
        "end": {
          "line": 94,
          "column": 18
        }
      },
      "20": {
        "start": {
          "line": 96,
          "column": 12
        },
        "end": {
          "line": 99,
          "column": 43
        }
      },
      "21": {
        "start": {
          "line": 104,
          "column": 4
        },
        "end": {
          "line": 116,
          "column": 6
        }
      },
      "22": {
        "start": {
          "line": 119,
          "column": 0
        },
        "end": {
          "line": 123,
          "column": 2
        }
      }
    },
    "fnMap": {
      "0": {
        "name": "(anonymous_0)",
        "decl": {
          "start": {
            "line": 10,
            "column": 15
          },
          "end": {
            "line": 10,
            "column": 16
          }
        },
        "loc": {
          "start": {
            "line": 10,
            "column": 25
          },
          "end": {
            "line": 39,
            "column": 1
          }
        },
        "line": 10
      },
      "1": {
        "name": "(anonymous_1)",
        "decl": {
          "start": {
            "line": 41,
            "column": 14
          },
          "end": {
            "line": 41,
            "column": 15
          }
        },
        "loc": {
          "start": {
            "line": 41,
            "column": 25
          },
          "end": {
            "line": 117,
            "column": 1
          }
        },
        "line": 41
      },
      "2": {
        "name": "(anonymous_2)",
        "decl": {
          "start": {
            "line": 75,
            "column": 53
          },
          "end": {
            "line": 75,
            "column": 54
          }
        },
        "loc": {
          "start": {
            "line": 76,
            "column": 24
          },
          "end": {
            "line": 78,
            "column": 33
          }
        },
        "line": 76
      }
    },
    "branchMap": {
      "0": {
        "loc": {
          "start": {
            "line": 47,
            "column": 4
          },
          "end": {
            "line": 49,
            "column": 5
          }
        },
        "type": "if",
        "locations": [
          {
            "start": {
              "line": 47,
              "column": 4
            },
            "end": {
              "line": 49,
              "column": 5
            }
          },
          {
            "start": {
              "line": 47,
              "column": 4
            },
            "end": {
              "line": 49,
              "column": 5
            }
          }
        ],
        "line": 47
      },
      "1": {
        "loc": {
          "start": {
            "line": 47,
            "column": 8
          },
          "end": {
            "line": 47,
            "column": 61
          }
        },
        "type": "binary-expr",
        "locations": [
          {
            "start": {
              "line": 47,
              "column": 8
            },
            "end": {
              "line": 47,
              "column": 20
            }
          },
          {
            "start": {
              "line": 47,
              "column": 24
            },
            "end": {
              "line": 47,
              "column": 44
            }
          },
          {
            "start": {
              "line": 47,
              "column": 48
            },
            "end": {
              "line": 47,
              "column": 61
            }
          }
        ],
        "line": 47
      },
      "2": {
        "loc": {
          "start": {
            "line": 51,
            "column": 4
          },
          "end": {
            "line": 100,
            "column": 5
          }
        },
        "type": "switch",
        "locations": [
          {
            "start": {
              "line": 52,
              "column": 8
            },
            "end": {
              "line": 54,
              "column": 18
            }
          },
          {
            "start": {
              "line": 55,
              "column": 8
            },
            "end": {
              "line": 60,
              "column": 18
            }
          },
          {
            "start": {
              "line": 61,
              "column": 8
            },
            "end": {
              "line": 67,
              "column": 18
            }
          },
          {
            "start": {
              "line": 68,
              "column": 8
            },
            "end": {
              "line": 81,
              "column": 18
            }
          },
          {
            "start": {
              "line": 82,
              "column": 8
            },
            "end": {
              "line": 94,
              "column": 18
            }
          },
          {
            "start": {
              "line": 95,
              "column": 8
            },
            "end": {
              "line": 99,
              "column": 43
            }
          }
        ],
        "line": 51
      },
      "3": {
        "loc": {
          "start": {
            "line": 86,
            "column": 27
          },
          "end": {
            "line": 86,
            "column": 108
          }
        },
        "type": "cond-expr",
        "locations": [
          {
            "start": {
              "line": 86,
              "column": 50
            },
            "end": {
              "line": 86,
              "column": 101
            }
          },
          {
            "start": {
              "line": 86,
              "column": 104
            },
            "end": {
              "line": 86,
              "column": 108
            }
          }
        ],
        "line": 86
      },
      "4": {
        "loc": {
          "start": {
            "line": 87,
            "column": 30
          },
          "end": {
            "line": 87,
            "column": 91
          }
        },
        "type": "cond-expr",
        "locations": [
          {
            "start": {
              "line": 87,
              "column": 53
            },
            "end": {
              "line": 87,
              "column": 76
            }
          },
          {
            "start": {
              "line": 87,
              "column": 79
            },
            "end": {
              "line": 87,
              "column": 91
            }
          }
        ],
        "line": 87
      },
      "5": {
        "loc": {
          "start": {
            "line": 112,
            "column": 17
          },
          "end": {
            "line": 112,
            "column": 44
          }
        },
        "type": "cond-expr",
        "locations": [
          {
            "start": {
              "line": 112,
              "column": 34
            },
            "end": {
              "line": 112,
              "column": 37
            }
          },
          {
            "start": {
              "line": 112,
              "column": 40
            },
            "end": {
              "line": 112,
              "column": 44
            }
          }
        ],
        "line": 112
      }
    },
    "s": {
      "0": 38,
      "1": 132,
      "2": 38,
      "3": 95540,
      "4": 95540,
      "5": 95540,
      "6": 95540,
      "7": 48,
      "8": 95540,
      "9": 10580,
      "10": 10580,
      "11": 31740,
      "12": 31740,
      "13": 16528,
      "14": 16528,
      "15": 32060,
      "16": 179964,
      "17": 32060,
      "18": 4632,
      "19": 4632,
      "20": 0,
      "21": 95540,
      "22": 38
    },
    "f": {
      "0": 132,
      "1": 95540,
      "2": 179964
    },
    "b": {
      "0": [
        48,
        95492
      ],
      "1": [
        95540,
        14808,
        10676
      ],
      "2": [
        10580,
        31740,
        16528,
        32060,
        4632,
        0
      ],
      "3": [
        3290,
        1342
      ],
      "4": [
        3290,
        1342
      ],
      "5": [
        51084,
        44456
      ]
    },
    "_coverageSchema": "1a1c01bbd47fc00a2c39e90264f33305004495a9",
    "hash": "645250c531962ee9c7a3bf82a38dcb6ead758281"
  },
  "/Users/mikedunham/Documents/Coding/sprint-tracker/src/components/UI/CancelButton/CancelButton.js": {
    "path": "/Users/mikedunham/Documents/Coding/sprint-tracker/src/components/UI/CancelButton/CancelButton.js",
    "statementMap": {
      "0": {
        "start": {
          "line": 7,
          "column": 15
        },
        "end": {
          "line": 16,
          "column": 2
        }
      },
      "1": {
        "start": {
          "line": 7,
          "column": 25
        },
        "end": {
          "line": 16,
          "column": 1
        }
      },
      "2": {
        "start": {
          "line": 18,
          "column": 21
        },
        "end": {
          "line": 26,
          "column": 1
        }
      },
      "3": {
        "start": {
          "line": 19,
          "column": 24
        },
        "end": {
          "line": 19,
          "column": 29
        }
      },
      "4": {
        "start": {
          "line": 21,
          "column": 4
        },
        "end": {
          "line": 25,
          "column": 6
        }
      }
    },
    "fnMap": {
      "0": {
        "name": "(anonymous_0)",
        "decl": {
          "start": {
            "line": 7,
            "column": 15
          },
          "end": {
            "line": 7,
            "column": 16
          }
        },
        "loc": {
          "start": {
            "line": 7,
            "column": 25
          },
          "end": {
            "line": 16,
            "column": 1
          }
        },
        "line": 7
      },
      "1": {
        "name": "(anonymous_1)",
        "decl": {
          "start": {
            "line": 18,
            "column": 21
          },
          "end": {
            "line": 18,
            "column": 22
          }
        },
        "loc": {
          "start": {
            "line": 18,
            "column": 32
          },
          "end": {
            "line": 26,
            "column": 1
          }
        },
        "line": 18
      }
    },
    "branchMap": {},
    "s": {
      "0": 38,
      "1": 170,
      "2": 38,
      "3": 6486,
      "4": 6486
    },
    "f": {
      "0": 170,
      "1": 6486
    },
    "b": {},
    "_coverageSchema": "1a1c01bbd47fc00a2c39e90264f33305004495a9",
    "hash": "38875c6f756d06db288e12f8cff6e5199fc87472"
  },
  "/Users/mikedunham/Documents/Coding/sprint-tracker/src/shared/utility.js": {
    "path": "/Users/mikedunham/Documents/Coding/sprint-tracker/src/shared/utility.js",
    "statementMap": {
      "0": {
        "start": {
          "line": 1,
          "column": 29
        },
        "end": {
          "line": 36,
          "column": 1
        }
      },
      "1": {
        "start": {
          "line": 2,
          "column": 18
        },
        "end": {
          "line": 2,
          "column": 22
        }
      },
      "2": {
        "start": {
          "line": 3,
          "column": 22
        },
        "end": {
          "line": 3,
          "column": 34
        }
      },
      "3": {
        "start": {
          "line": 5,
          "column": 4
        },
        "end": {
          "line": 7,
          "column": 5
        }
      },
      "4": {
        "start": {
          "line": 6,
          "column": 8
        },
        "end": {
          "line": 6,
          "column": 20
        }
      },
      "5": {
        "start": {
          "line": 9,
          "column": 4
        },
        "end": {
          "line": 15,
          "column": 5
        }
      },
      "6": {
        "start": {
          "line": 10,
          "column": 8
        },
        "end": {
          "line": 14,
          "column": 9
        }
      },
      "7": {
        "start": {
          "line": 11,
          "column": 12
        },
        "end": {
          "line": 11,
          "column": 42
        }
      },
      "8": {
        "start": {
          "line": 13,
          "column": 12
        },
        "end": {
          "line": 13,
          "column": 39
        }
      },
      "9": {
        "start": {
          "line": 17,
          "column": 4
        },
        "end": {
          "line": 19,
          "column": 5
        }
      },
      "10": {
        "start": {
          "line": 18,
          "column": 8
        },
        "end": {
          "line": 18,
          "column": 50
        }
      },
      "11": {
        "start": {
          "line": 21,
          "column": 4
        },
        "end": {
          "line": 23,
          "column": 5
        }
      },
      "12": {
        "start": {
          "line": 22,
          "column": 8
        },
        "end": {
          "line": 22,
          "column": 50
        }
      },
      "13": {
        "start": {
          "line": 25,
          "column": 4
        },
        "end": {
          "line": 28,
          "column": 5
        }
      },
      "14": {
        "start": {
          "line": 26,
          "column": 24
        },
        "end": {
          "line": 26,
          "column": 159
        }
      },
      "15": {
        "start": {
          "line": 27,
          "column": 8
        },
        "end": {
          "line": 27,
          "column": 38
        }
      },
      "16": {
        "start": {
          "line": 30,
          "column": 4
        },
        "end": {
          "line": 33,
          "column": 5
        }
      },
      "17": {
        "start": {
          "line": 31,
          "column": 24
        },
        "end": {
          "line": 31,
          "column": 31
        }
      },
      "18": {
        "start": {
          "line": 32,
          "column": 8
        },
        "end": {
          "line": 32,
          "column": 38
        }
      },
      "19": {
        "start": {
          "line": 35,
          "column": 4
        },
        "end": {
          "line": 35,
          "column": 19
        }
      }
    },
    "fnMap": {
      "0": {
        "name": "(anonymous_0)",
        "decl": {
          "start": {
            "line": 1,
            "column": 29
          },
          "end": {
            "line": 1,
            "column": 30
          }
        },
        "loc": {
          "start": {
            "line": 1,
            "column": 47
          },
          "end": {
            "line": 36,
            "column": 1
          }
        },
        "line": 1
      }
    },
    "branchMap": {
      "0": {
        "loc": {
          "start": {
            "line": 5,
            "column": 4
          },
          "end": {
            "line": 7,
            "column": 5
          }
        },
        "type": "if",
        "locations": [
          {
            "start": {
              "line": 5,
              "column": 4
            },
            "end": {
              "line": 7,
              "column": 5
            }
          },
          {
            "start": {
              "line": 5,
              "column": 4
            },
            "end": {
              "line": 7,
              "column": 5
            }
          }
        ],
        "line": 5
      },
      "1": {
        "loc": {
          "start": {
            "line": 9,
            "column": 4
          },
          "end": {
            "line": 15,
            "column": 5
          }
        },
        "type": "if",
        "locations": [
          {
            "start": {
              "line": 9,
              "column": 4
            },
            "end": {
              "line": 15,
              "column": 5
            }
          },
          {
            "start": {
              "line": 9,
              "column": 4
            },
            "end": {
              "line": 15,
              "column": 5
            }
          }
        ],
        "line": 9
      },
      "2": {
        "loc": {
          "start": {
            "line": 9,
            "column": 8
          },
          "end": {
            "line": 9,
            "column": 33
          }
        },
        "type": "binary-expr",
        "locations": [
          {
            "start": {
              "line": 9,
              "column": 8
            },
            "end": {
              "line": 9,
              "column": 15
            }
          },
          {
            "start": {
              "line": 9,
              "column": 19
            },
            "end": {
              "line": 9,
              "column": 33
            }
          }
        ],
        "line": 9
      },
      "3": {
        "loc": {
          "start": {
            "line": 10,
            "column": 8
          },
          "end": {
            "line": 14,
            "column": 9
          }
        },
        "type": "if",
        "locations": [
          {
            "start": {
              "line": 10,
              "column": 8
            },
            "end": {
              "line": 14,
              "column": 9
            }
          },
          {
            "start": {
              "line": 10,
              "column": 8
            },
            "end": {
              "line": 14,
              "column": 9
            }
          }
        ],
        "line": 10
      },
      "4": {
        "loc": {
          "start": {
            "line": 17,
            "column": 4
          },
          "end": {
            "line": 19,
            "column": 5
          }
        },
        "type": "if",
        "locations": [
          {
            "start": {
              "line": 17,
              "column": 4
            },
            "end": {
              "line": 19,
              "column": 5
            }
          },
          {
            "start": {
              "line": 17,
              "column": 4
            },
            "end": {
              "line": 19,
              "column": 5
            }
          }
        ],
        "line": 17
      },
      "5": {
        "loc": {
          "start": {
            "line": 17,
            "column": 8
          },
          "end": {
            "line": 17,
            "column": 34
          }
        },
        "type": "binary-expr",
        "locations": [
          {
            "start": {
              "line": 17,
              "column": 8
            },
            "end": {
              "line": 17,
              "column": 15
            }
          },
          {
            "start": {
              "line": 17,
              "column": 19
            },
            "end": {
              "line": 17,
              "column": 34
            }
          }
        ],
        "line": 17
      },
      "6": {
        "loc": {
          "start": {
            "line": 21,
            "column": 4
          },
          "end": {
            "line": 23,
            "column": 5
          }
        },
        "type": "if",
        "locations": [
          {
            "start": {
              "line": 21,
              "column": 4
            },
            "end": {
              "line": 23,
              "column": 5
            }
          },
          {
            "start": {
              "line": 21,
              "column": 4
            },
            "end": {
              "line": 23,
              "column": 5
            }
          }
        ],
        "line": 21
      },
      "7": {
        "loc": {
          "start": {
            "line": 21,
            "column": 8
          },
          "end": {
            "line": 21,
            "column": 34
          }
        },
        "type": "binary-expr",
        "locations": [
          {
            "start": {
              "line": 21,
              "column": 8
            },
            "end": {
              "line": 21,
              "column": 15
            }
          },
          {
            "start": {
              "line": 21,
              "column": 19
            },
            "end": {
              "line": 21,
              "column": 34
            }
          }
        ],
        "line": 21
      },
      "8": {
        "loc": {
          "start": {
            "line": 25,
            "column": 4
          },
          "end": {
            "line": 28,
            "column": 5
          }
        },
        "type": "if",
        "locations": [
          {
            "start": {
              "line": 25,
              "column": 4
            },
            "end": {
              "line": 28,
              "column": 5
            }
          },
          {
            "start": {
              "line": 25,
              "column": 4
            },
            "end": {
              "line": 28,
              "column": 5
            }
          }
        ],
        "line": 25
      },
      "9": {
        "loc": {
          "start": {
            "line": 25,
            "column": 8
          },
          "end": {
            "line": 25,
            "column": 32
          }
        },
        "type": "binary-expr",
        "locations": [
          {
            "start": {
              "line": 25,
              "column": 8
            },
            "end": {
              "line": 25,
              "column": 15
            }
          },
          {
            "start": {
              "line": 25,
              "column": 19
            },
            "end": {
              "line": 25,
              "column": 32
            }
          }
        ],
        "line": 25
      },
      "10": {
        "loc": {
          "start": {
            "line": 30,
            "column": 4
          },
          "end": {
            "line": 33,
            "column": 5
          }
        },
        "type": "if",
        "locations": [
          {
            "start": {
              "line": 30,
              "column": 4
            },
            "end": {
              "line": 33,
              "column": 5
            }
          },
          {
            "start": {
              "line": 30,
              "column": 4
            },
            "end": {
              "line": 33,
              "column": 5
            }
          }
        ],
        "line": 30
      },
      "11": {
        "loc": {
          "start": {
            "line": 30,
            "column": 8
          },
          "end": {
            "line": 30,
            "column": 34
          }
        },
        "type": "binary-expr",
        "locations": [
          {
            "start": {
              "line": 30,
              "column": 8
            },
            "end": {
              "line": 30,
              "column": 15
            }
          },
          {
            "start": {
              "line": 30,
              "column": 19
            },
            "end": {
              "line": 30,
              "column": 34
            }
          }
        ],
        "line": 30
      }
    },
    "s": {
      "0": 38,
      "1": 6266,
      "2": 6266,
      "3": 6266,
      "4": 0,
      "5": 6266,
      "6": 6266,
      "7": 6222,
      "8": 44,
      "9": 6266,
      "10": 0,
      "11": 6266,
      "12": 0,
      "13": 6266,
      "14": 0,
      "15": 0,
      "16": 6266,
      "17": 0,
      "18": 0,
      "19": 6266
    },
    "f": {
      "0": 6266
    },
    "b": {
      "0": [
        0,
        6266
      ],
      "1": [
        6266,
        0
      ],
      "2": [
        6266,
        6266
      ],
      "3": [
        6222,
        44
      ],
      "4": [
        0,
        6266
      ],
      "5": [
        6266,
        6218
      ],
      "6": [
        0,
        6266
      ],
      "7": [
        6266,
        6218
      ],
      "8": [
        0,
        6266
      ],
      "9": [
        6266,
        6218
      ],
      "10": [
        0,
        6266
      ],
      "11": [
        6266,
        6218
      ]
    },
    "_coverageSchema": "1a1c01bbd47fc00a2c39e90264f33305004495a9",
    "hash": "d676f4360169ae7e39f9d8c994ccea0d62ce09a1"
  },
  "/Users/mikedunham/Documents/Coding/sprint-tracker/src/store/actions/actionTypes.js": {
    "path": "/Users/mikedunham/Documents/Coding/sprint-tracker/src/store/actions/actionTypes.js",
    "statementMap": {
      "0": {
        "start": {
          "line": 2,
          "column": 30
        },
        "end": {
          "line": 2,
          "column": 46
        }
      },
      "1": {
        "start": {
          "line": 3,
          "column": 27
        },
        "end": {
          "line": 3,
          "column": 40
        }
      },
      "2": {
        "start": {
          "line": 4,
          "column": 30
        },
        "end": {
          "line": 4,
          "column": 46
        }
      },
      "3": {
        "start": {
          "line": 5,
          "column": 29
        },
        "end": {
          "line": 5,
          "column": 44
        }
      },
      "4": {
        "start": {
          "line": 6,
          "column": 26
        },
        "end": {
          "line": 6,
          "column": 38
        }
      },
      "5": {
        "start": {
          "line": 7,
          "column": 29
        },
        "end": {
          "line": 7,
          "column": 44
        }
      },
      "6": {
        "start": {
          "line": 8,
          "column": 43
        },
        "end": {
          "line": 8,
          "column": 72
        }
      },
      "7": {
        "start": {
          "line": 9,
          "column": 34
        },
        "end": {
          "line": 9,
          "column": 54
        }
      },
      "8": {
        "start": {
          "line": 10,
          "column": 33
        },
        "end": {
          "line": 10,
          "column": 52
        }
      },
      "9": {
        "start": {
          "line": 11,
          "column": 36
        },
        "end": {
          "line": 11,
          "column": 58
        }
      },
      "10": {
        "start": {
          "line": 12,
          "column": 40
        },
        "end": {
          "line": 12,
          "column": 66
        }
      },
      "11": {
        "start": {
          "line": 15,
          "column": 26
        },
        "end": {
          "line": 15,
          "column": 38
        }
      },
      "12": {
        "start": {
          "line": 16,
          "column": 28
        },
        "end": {
          "line": 16,
          "column": 42
        }
      },
      "13": {
        "start": {
          "line": 17,
          "column": 25
        },
        "end": {
          "line": 17,
          "column": 36
        }
      },
      "14": {
        "start": {
          "line": 18,
          "column": 27
        },
        "end": {
          "line": 18,
          "column": 40
        }
      },
      "15": {
        "start": {
          "line": 19,
          "column": 34
        },
        "end": {
          "line": 19,
          "column": 54
        }
      },
      "16": {
        "start": {
          "line": 21,
          "column": 38
        },
        "end": {
          "line": 21,
          "column": 62
        }
      }
    },
    "fnMap": {},
    "branchMap": {},
    "s": {
      "0": 38,
      "1": 38,
      "2": 38,
      "3": 38,
      "4": 38,
      "5": 38,
      "6": 38,
      "7": 38,
      "8": 38,
      "9": 38,
      "10": 38,
      "11": 38,
      "12": 38,
      "13": 38,
      "14": 38,
      "15": 38,
      "16": 38
    },
    "f": {},
    "b": {},
    "_coverageSchema": "1a1c01bbd47fc00a2c39e90264f33305004495a9",
    "hash": "112a7437244d3b33dd8a347490c27bb6f9b3185b"
  },
  "/Users/mikedunham/Documents/Coding/sprint-tracker/src/store/actions/sprints.js": {
    "path": "/Users/mikedunham/Documents/Coding/sprint-tracker/src/store/actions/sprints.js",
    "statementMap": {
      "0": {
        "start": {
          "line": 4,
          "column": 21
        },
        "end": {
          "line": 4,
          "column": 55
        }
      },
      "1": {
        "start": {
          "line": 6,
          "column": 29
        },
        "end": {
          "line": 32,
          "column": 1
        }
      },
      "2": {
        "start": {
          "line": 7,
          "column": 4
        },
        "end": {
          "line": 31,
          "column": 5
        }
      },
      "3": {
        "start": {
          "line": 8,
          "column": 8
        },
        "end": {
          "line": 30,
          "column": 9
        }
      },
      "4": {
        "start": {
          "line": 9,
          "column": 12
        },
        "end": {
          "line": 9,
          "column": 73
        }
      },
      "5": {
        "start": {
          "line": 11,
          "column": 35
        },
        "end": {
          "line": 11,
          "column": 68
        }
      },
      "6": {
        "start": {
          "line": 13,
          "column": 12
        },
        "end": {
          "line": 19,
          "column": 13
        }
      },
      "7": {
        "start": {
          "line": 15,
          "column": 16
        },
        "end": {
          "line": 15,
          "column": 93
        }
      },
      "8": {
        "start": {
          "line": 18,
          "column": 16
        },
        "end": {
          "line": 18,
          "column": 121
        }
      },
      "9": {
        "start": {
          "line": 21,
          "column": 12
        },
        "end": {
          "line": 29,
          "column": 19
        }
      },
      "10": {
        "start": {
          "line": 23,
          "column": 20
        },
        "end": {
          "line": 23,
          "column": 69
        }
      },
      "11": {
        "start": {
          "line": 24,
          "column": 20
        },
        "end": {
          "line": 24,
          "column": 74
        }
      },
      "12": {
        "start": {
          "line": 27,
          "column": 20
        },
        "end": {
          "line": 27,
          "column": 80
        }
      },
      "13": {
        "start": {
          "line": 28,
          "column": 20
        },
        "end": {
          "line": 28,
          "column": 54
        }
      },
      "14": {
        "start": {
          "line": 34,
          "column": 37
        },
        "end": {
          "line": 38,
          "column": 1
        }
      },
      "15": {
        "start": {
          "line": 35,
          "column": 4
        },
        "end": {
          "line": 37,
          "column": 5
        }
      },
      "16": {
        "start": {
          "line": 40,
          "column": 29
        },
        "end": {
          "line": 46,
          "column": 1
        }
      },
      "17": {
        "start": {
          "line": 41,
          "column": 4
        },
        "end": {
          "line": 45,
          "column": 5
        }
      },
      "18": {
        "start": {
          "line": 48,
          "column": 26
        },
        "end": {
          "line": 75,
          "column": 1
        }
      },
      "19": {
        "start": {
          "line": 49,
          "column": 4
        },
        "end": {
          "line": 73,
          "column": 5
        }
      },
      "20": {
        "start": {
          "line": 50,
          "column": 8
        },
        "end": {
          "line": 72,
          "column": 9
        }
      },
      "21": {
        "start": {
          "line": 51,
          "column": 12
        },
        "end": {
          "line": 51,
          "column": 63
        }
      },
      "22": {
        "start": {
          "line": 53,
          "column": 32
        },
        "end": {
          "line": 53,
          "column": 65
        }
      },
      "23": {
        "start": {
          "line": 55,
          "column": 12
        },
        "end": {
          "line": 61,
          "column": 13
        }
      },
      "24": {
        "start": {
          "line": 57,
          "column": 16
        },
        "end": {
          "line": 57,
          "column": 90
        }
      },
      "25": {
        "start": {
          "line": 60,
          "column": 16
        },
        "end": {
          "line": 60,
          "column": 118
        }
      },
      "26": {
        "start": {
          "line": 63,
          "column": 12
        },
        "end": {
          "line": 71,
          "column": 19
        }
      },
      "27": {
        "start": {
          "line": 65,
          "column": 20
        },
        "end": {
          "line": 65,
          "column": 66
        }
      },
      "28": {
        "start": {
          "line": 66,
          "column": 20
        },
        "end": {
          "line": 66,
          "column": 71
        }
      },
      "29": {
        "start": {
          "line": 69,
          "column": 20
        },
        "end": {
          "line": 69,
          "column": 78
        }
      },
      "30": {
        "start": {
          "line": 70,
          "column": 20
        },
        "end": {
          "line": 70,
          "column": 54
        }
      },
      "31": {
        "start": {
          "line": 77,
          "column": 26
        },
        "end": {
          "line": 83,
          "column": 1
        }
      },
      "32": {
        "start": {
          "line": 78,
          "column": 4
        },
        "end": {
          "line": 82,
          "column": 5
        }
      },
      "33": {
        "start": {
          "line": 85,
          "column": 29
        },
        "end": {
          "line": 111,
          "column": 1
        }
      },
      "34": {
        "start": {
          "line": 86,
          "column": 4
        },
        "end": {
          "line": 110,
          "column": 5
        }
      },
      "35": {
        "start": {
          "line": 87,
          "column": 8
        },
        "end": {
          "line": 109,
          "column": 9
        }
      },
      "36": {
        "start": {
          "line": 88,
          "column": 12
        },
        "end": {
          "line": 88,
          "column": 64
        }
      },
      "37": {
        "start": {
          "line": 90,
          "column": 35
        },
        "end": {
          "line": 90,
          "column": 68
        }
      },
      "38": {
        "start": {
          "line": 92,
          "column": 12
        },
        "end": {
          "line": 98,
          "column": 13
        }
      },
      "39": {
        "start": {
          "line": 94,
          "column": 16
        },
        "end": {
          "line": 94,
          "column": 82
        }
      },
      "40": {
        "start": {
          "line": 97,
          "column": 16
        },
        "end": {
          "line": 97,
          "column": 110
        }
      },
      "41": {
        "start": {
          "line": 100,
          "column": 12
        },
        "end": {
          "line": 108,
          "column": 19
        }
      },
      "42": {
        "start": {
          "line": 102,
          "column": 20
        },
        "end": {
          "line": 102,
          "column": 69
        }
      },
      "43": {
        "start": {
          "line": 103,
          "column": 20
        },
        "end": {
          "line": 103,
          "column": 72
        }
      },
      "44": {
        "start": {
          "line": 106,
          "column": 20
        },
        "end": {
          "line": 106,
          "column": 80
        }
      },
      "45": {
        "start": {
          "line": 107,
          "column": 20
        },
        "end": {
          "line": 107,
          "column": 54
        }
      },
      "46": {
        "start": {
          "line": 113,
          "column": 29
        },
        "end": {
          "line": 119,
          "column": 1
        }
      },
      "47": {
        "start": {
          "line": 114,
          "column": 4
        },
        "end": {
          "line": 118,
          "column": 5
        }
      },
      "48": {
        "start": {
          "line": 121,
          "column": 27
        },
        "end": {
          "line": 126,
          "column": 1
        }
      },
      "49": {
        "start": {
          "line": 122,
          "column": 4
        },
        "end": {
          "line": 125,
          "column": 5
        }
      },
      "50": {
        "start": {
          "line": 123,
          "column": 8
        },
        "end": {
          "line": 123,
          "column": 78
        }
      },
      "51": {
        "start": {
          "line": 124,
          "column": 8
        },
        "end": {
          "line": 124,
          "column": 85
        }
      },
      "52": {
        "start": {
          "line": 128,
          "column": 28
        },
        "end": {
          "line": 146,
          "column": 1
        }
      },
      "53": {
        "start": {
          "line": 129,
          "column": 4
        },
        "end": {
          "line": 145,
          "column": 5
        }
      },
      "54": {
        "start": {
          "line": 130,
          "column": 8
        },
        "end": {
          "line": 144,
          "column": 9
        }
      },
      "55": {
        "start": {
          "line": 131,
          "column": 12
        },
        "end": {
          "line": 131,
          "column": 64
        }
      },
      "56": {
        "start": {
          "line": 133,
          "column": 34
        },
        "end": {
          "line": 133,
          "column": 121
        }
      },
      "57": {
        "start": {
          "line": 135,
          "column": 12
        },
        "end": {
          "line": 143,
          "column": 19
        }
      },
      "58": {
        "start": {
          "line": 137,
          "column": 20
        },
        "end": {
          "line": 137,
          "column": 68
        }
      },
      "59": {
        "start": {
          "line": 138,
          "column": 20
        },
        "end": {
          "line": 138,
          "column": 72
        }
      },
      "60": {
        "start": {
          "line": 141,
          "column": 20
        },
        "end": {
          "line": 141,
          "column": 79
        }
      },
      "61": {
        "start": {
          "line": 142,
          "column": 20
        },
        "end": {
          "line": 142,
          "column": 54
        }
      },
      "62": {
        "start": {
          "line": 148,
          "column": 28
        },
        "end": {
          "line": 154,
          "column": 1
        }
      },
      "63": {
        "start": {
          "line": 149,
          "column": 4
        },
        "end": {
          "line": 153,
          "column": 5
        }
      },
      "64": {
        "start": {
          "line": 156,
          "column": 25
        },
        "end": {
          "line": 174,
          "column": 1
        }
      },
      "65": {
        "start": {
          "line": 157,
          "column": 3
        },
        "end": {
          "line": 173,
          "column": 5
        }
      },
      "66": {
        "start": {
          "line": 158,
          "column": 8
        },
        "end": {
          "line": 172,
          "column": 9
        }
      },
      "67": {
        "start": {
          "line": 159,
          "column": 12
        },
        "end": {
          "line": 159,
          "column": 51
        }
      },
      "68": {
        "start": {
          "line": 161,
          "column": 31
        },
        "end": {
          "line": 161,
          "column": 118
        }
      },
      "69": {
        "start": {
          "line": 163,
          "column": 12
        },
        "end": {
          "line": 171,
          "column": 19
        }
      },
      "70": {
        "start": {
          "line": 165,
          "column": 20
        },
        "end": {
          "line": 165,
          "column": 65
        }
      },
      "71": {
        "start": {
          "line": 166,
          "column": 20
        },
        "end": {
          "line": 166,
          "column": 59
        }
      },
      "72": {
        "start": {
          "line": 169,
          "column": 20
        },
        "end": {
          "line": 169,
          "column": 77
        }
      },
      "73": {
        "start": {
          "line": 170,
          "column": 20
        },
        "end": {
          "line": 170,
          "column": 54
        }
      },
      "74": {
        "start": {
          "line": 176,
          "column": 25
        },
        "end": {
          "line": 181,
          "column": 1
        }
      },
      "75": {
        "start": {
          "line": 177,
          "column": 4
        },
        "end": {
          "line": 180,
          "column": 5
        }
      },
      "76": {
        "start": {
          "line": 183,
          "column": 28
        },
        "end": {
          "line": 201,
          "column": 1
        }
      },
      "77": {
        "start": {
          "line": 184,
          "column": 4
        },
        "end": {
          "line": 200,
          "column": 5
        }
      },
      "78": {
        "start": {
          "line": 185,
          "column": 8
        },
        "end": {
          "line": 199,
          "column": 9
        }
      },
      "79": {
        "start": {
          "line": 186,
          "column": 12
        },
        "end": {
          "line": 186,
          "column": 52
        }
      },
      "80": {
        "start": {
          "line": 188,
          "column": 34
        },
        "end": {
          "line": 188,
          "column": 116
        }
      },
      "81": {
        "start": {
          "line": 190,
          "column": 12
        },
        "end": {
          "line": 198,
          "column": 19
        }
      },
      "82": {
        "start": {
          "line": 192,
          "column": 20
        },
        "end": {
          "line": 192,
          "column": 68
        }
      },
      "83": {
        "start": {
          "line": 193,
          "column": 20
        },
        "end": {
          "line": 193,
          "column": 60
        }
      },
      "84": {
        "start": {
          "line": 196,
          "column": 20
        },
        "end": {
          "line": 196,
          "column": 79
        }
      },
      "85": {
        "start": {
          "line": 197,
          "column": 20
        },
        "end": {
          "line": 197,
          "column": 54
        }
      },
      "86": {
        "start": {
          "line": 203,
          "column": 28
        },
        "end": {
          "line": 208,
          "column": 1
        }
      },
      "87": {
        "start": {
          "line": 204,
          "column": 4
        },
        "end": {
          "line": 207,
          "column": 5
        }
      },
      "88": {
        "start": {
          "line": 210,
          "column": 39
        },
        "end": {
          "line": 214,
          "column": 1
        }
      },
      "89": {
        "start": {
          "line": 211,
          "column": 4
        },
        "end": {
          "line": 213,
          "column": 5
        }
      }
    },
    "fnMap": {
      "0": {
        "name": "(anonymous_0)",
        "decl": {
          "start": {
            "line": 6,
            "column": 29
          },
          "end": {
            "line": 6,
            "column": 30
          }
        },
        "loc": {
          "start": {
            "line": 6,
            "column": 71
          },
          "end": {
            "line": 32,
            "column": 1
          }
        },
        "line": 6
      },
      "1": {
        "name": "(anonymous_1)",
        "decl": {
          "start": {
            "line": 7,
            "column": 11
          },
          "end": {
            "line": 7,
            "column": 12
          }
        },
        "loc": {
          "start": {
            "line": 7,
            "column": 23
          },
          "end": {
            "line": 31,
            "column": 5
          }
        },
        "line": 7
      },
      "2": {
        "name": "(anonymous_2)",
        "decl": {
          "start": {
            "line": 22,
            "column": 22
          },
          "end": {
            "line": 22,
            "column": 23
          }
        },
        "loc": {
          "start": {
            "line": 22,
            "column": 36
          },
          "end": {
            "line": 25,
            "column": 17
          }
        },
        "line": 22
      },
      "3": {
        "name": "(anonymous_3)",
        "decl": {
          "start": {
            "line": 26,
            "column": 23
          },
          "end": {
            "line": 26,
            "column": 24
          }
        },
        "loc": {
          "start": {
            "line": 26,
            "column": 32
          },
          "end": {
            "line": 29,
            "column": 17
          }
        },
        "line": 26
      },
      "4": {
        "name": "(anonymous_4)",
        "decl": {
          "start": {
            "line": 34,
            "column": 37
          },
          "end": {
            "line": 34,
            "column": 38
          }
        },
        "loc": {
          "start": {
            "line": 34,
            "column": 43
          },
          "end": {
            "line": 38,
            "column": 1
          }
        },
        "line": 34
      },
      "5": {
        "name": "(anonymous_5)",
        "decl": {
          "start": {
            "line": 40,
            "column": 29
          },
          "end": {
            "line": 40,
            "column": 30
          }
        },
        "loc": {
          "start": {
            "line": 40,
            "column": 56
          },
          "end": {
            "line": 46,
            "column": 1
          }
        },
        "line": 40
      },
      "6": {
        "name": "(anonymous_6)",
        "decl": {
          "start": {
            "line": 48,
            "column": 26
          },
          "end": {
            "line": 48,
            "column": 27
          }
        },
        "loc": {
          "start": {
[...]
            }
          }
        ],
        "line": 340
      },
      "21": {
        "loc": {
          "start": {
            "line": 366,
            "column": 17
          },
          "end": {
            "line": 366,
            "column": 37
          }
        },
        "type": "default-arg",
        "locations": [
          {
            "start": {
              "line": 366,
              "column": 25
            },
            "end": {
              "line": 366,
              "column": 37
            }
          }
        ],
        "line": 366
      },
      "22": {
        "loc": {
          "start": {
            "line": 367,
            "column": 4
          },
          "end": {
            "line": 380,
            "column": 5
          }
        },
        "type": "switch",
        "locations": [
          {
            "start": {
              "line": 368,
              "column": 8
            },
            "end": {
              "line": 368,
              "column": 77
            }
          },
          {
            "start": {
              "line": 369,
              "column": 8
            },
            "end": {
              "line": 369,
              "column": 71
            }
          },
          {
            "start": {
              "line": 370,
              "column": 8
            },
            "end": {
              "line": 370,
              "column": 77
            }
          },
          {
            "start": {
              "line": 371,
              "column": 8
            },
            "end": {
              "line": 371,
              "column": 75
            }
          },
          {
            "start": {
              "line": 372,
              "column": 8
            },
            "end": {
              "line": 372,
              "column": 69
            }
          },
          {
            "start": {
              "line": 373,
              "column": 8
            },
            "end": {
              "line": 373,
              "column": 75
            }
          },
          {
            "start": {
              "line": 374,
              "column": 8
            },
            "end": {
              "line": 374,
              "column": 100
            }
          },
          {
            "start": {
              "line": 375,
              "column": 8
            },
            "end": {
              "line": 375,
              "column": 84
            }
          },
          {
            "start": {
              "line": 376,
              "column": 8
            },
            "end": {
              "line": 376,
              "column": 82
            }
          },
          {
            "start": {
              "line": 377,
              "column": 8
            },
            "end": {
              "line": 377,
              "column": 88
            }
          },
          {
            "start": {
              "line": 378,
              "column": 8
            },
            "end": {
              "line": 378,
              "column": 95
            }
          },
          {
            "start": {
              "line": 379,
              "column": 8
            },
            "end": {
              "line": 379,
              "column": 30
            }
          }
        ],
        "line": 367
      }
    },
    "s": {
      "0": 38,
      "1": 38,
      "2": 82,
      "3": 82,
      "4": 574,
      "5": 82,
      "6": 0,
      "7": 0,
      "8": 38,
      "9": 46,
      "10": 18,
      "11": 28,
      "12": 46,
      "13": 46,
      "14": 94,
      "15": 46,
      "16": 0,
      "17": 38,
      "18": 94,
      "19": 562,
      "20": 468,
      "21": 94,
      "22": 38,
      "23": 16,
      "24": 16,
      "25": 16,
      "26": 0,
      "27": 0,
      "28": 16,
      "29": 16,
      "30": 16,
      "31": 16,
      "32": 16,
      "33": 38,
      "34": 30,
      "35": 30,
      "36": 0,
      "37": 0,
      "38": 30,
      "39": 30,
      "40": 30,
      "41": 30,
      "42": 30,
      "43": 30,
      "44": 38,
      "45": 12,
      "46": 12,
      "47": 0,
      "48": 0,
      "49": 12,
      "50": 12,
      "51": 12,
      "52": 12,
      "53": 12,
      "54": 12,
      "55": 12,
      "56": 38,
      "57": 0,
      "58": 0,
      "59": 0,
      "60": 0,
      "61": 0,
      "62": 38,
      "63": 14,
      "64": 14,
      "65": 14,
      "66": 38,
      "67": 18,
      "68": 18,
      "69": 18,
      "70": 18,
      "71": 38,
      "72": 16,
      "73": 0,
      "74": 16,
      "75": 38,
      "76": 44,
      "77": 14,
      "78": 30,
      "79": 38,
      "80": 30,
      "81": 18,
      "82": 12,
      "83": 38,
      "84": 20,
      "85": 20,
      "86": 20,
      "87": 20,
      "88": 20,
      "89": 0,
      "90": 20,
      "91": 38,
      "92": 22,
      "93": 22,
      "94": 22,
      "95": 22,
      "96": 0,
      "97": 22,
      "98": 38,
      "99": 4,
      "100": 4,
      "101": 0,
      "102": 0,
      "103": 4,
      "104": 4,
      "105": 4,
      "106": 38,
      "107": 172,
      "108": 1,
      "109": 171,
      "110": 38,
      "111": 76,
      "112": 258,
      "113": 76,
      "114": 258,
      "115": 76,
      "116": 76,
      "117": 76,
      "118": 38,
      "119": 58,
      "120": 58,
      "121": 38,
      "122": 40,
      "123": 38,
      "124": 18,
      "125": 18,
      "126": 18,
      "127": 18,
      "128": 18,
      "129": 18,
      "130": 108,
      "131": 6,
      "132": 102,
      "133": 108,
      "134": 108,
      "135": 18,
      "136": 18,
      "137": 18,
      "138": 18,
      "139": 38,
      "140": 15,
      "141": 38,
      "142": 0,
      "143": 38,
      "144": 474,
      "145": 16,
      "146": 44,
      "147": 30,
      "148": 20,
      "149": 22,
      "150": 4,
      "151": 58,
      "152": 40,
      "153": 18,
      "154": 15,
      "155": 0,
      "156": 207
    },
    "f": {
      "0": 82,
      "1": 46,
      "2": 94,
      "3": 562,
      "4": 16,
      "5": 30,
      "6": 12,
      "7": 0,
      "8": 14,
      "9": 18,
      "10": 16,
      "11": 44,
      "12": 30,
      "13": 20,
      "14": 22,
      "15": 4,
      "16": 172,
      "17": 76,
      "18": 258,
      "19": 258,
      "20": 58,
      "21": 40,
      "22": 18,
      "23": 15,
      "24": 0,
      "25": 474
    },
    "b": {
      "0": [
        82,
        492
      ],
      "1": [
        18,
        28
      ],
      "2": [
        46,
        48
      ],
      "3": [
        468,
        94
      ],
      "4": [
        0,
        16
      ],
      "5": [
        16,
        16
      ],
      "6": [
        0,
        30
      ],
      "7": [
        0,
        12
      ],
      "8": [
        0,
        0
      ],
      "9": [
        0,
        16
      ],
      "10": [
        14,
        30
      ],
      "11": [
        18,
        12
      ],
      "12": [
        0,
        20
      ],
      "13": [
        20,
        20
      ],
      "14": [
        0,
        22
      ],
      "15": [
        22,
        22
      ],
      "16": [
        0,
        4
      ],
      "17": [
        1,
        171
      ],
      "18": [
        18,
        0
      ],
      "19": [
        6,
        102
      ],
      "20": [
        18,
        0
      ],
      "21": [
        114
      ],
      "22": [
        16,
        44,
        30,
        20,
        22,
        4,
        58,
        40,
        18,
        15,
        0,
        207
      ]
    },
    "_coverageSchema": "1a1c01bbd47fc00a2c39e90264f33305004495a9",
    "hash": "82215f38ddcca2fe69136eccc16d15b8f9b91e3d"
  },
  "/Users/mikedunham/Documents/Coding/sprint-tracker/src/store/reducers/authentication.js": {
    "path": "/Users/mikedunham/Documents/Coding/sprint-tracker/src/store/reducers/authentication.js",
    "statementMap": {
      "0": {
        "start": {
          "line": 4,
          "column": 21
        },
        "end": {
          "line": 10,
          "column": 1
        }
      },
      "1": {
        "start": {
          "line": 12,
          "column": 18
        },
        "end": {
          "line": 14,
          "column": 1
        }
      },
      "2": {
        "start": {
          "line": 13,
          "column": 4
        },
        "end": {
          "line": 13,
          "column": 63
        }
      },
      "3": {
        "start": {
          "line": 16,
          "column": 20
        },
        "end": {
          "line": 26,
          "column": 1
        }
      },
      "4": {
        "start": {
          "line": 17,
          "column": 4
        },
        "end": {
          "line": 25,
          "column": 6
        }
      },
      "5": {
        "start": {
          "line": 28,
          "column": 17
        },
        "end": {
          "line": 36,
          "column": 1
        }
      },
      "6": {
        "start": {
          "line": 29,
          "column": 4
        },
        "end": {
          "line": 35,
          "column": 6
        }
      },
      "7": {
        "start": {
          "line": 38,
          "column": 19
        },
        "end": {
          "line": 40,
          "column": 1
        }
      },
      "8": {
        "start": {
          "line": 39,
          "column": 4
        },
        "end": {
          "line": 39,
          "column": 75
        }
      },
      "9": {
        "start": {
          "line": 42,
          "column": 25
        },
        "end": {
          "line": 44,
          "column": 1
        }
      },
      "10": {
        "start": {
          "line": 43,
          "column": 4
        },
        "end": {
          "line": 43,
          "column": 77
        }
      },
      "11": {
        "start": {
          "line": 46,
          "column": 28
        },
        "end": {
          "line": 48,
          "column": 1
        }
      },
      "12": {
        "start": {
          "line": 47,
          "column": 4
        },
        "end": {
          "line": 47,
          "column": 65
        }
      },
      "13": {
        "start": {
          "line": 50,
          "column": 16
        },
        "end": {
          "line": 60,
          "column": 1
        }
      },
      "14": {
        "start": {
          "line": 51,
          "column": 4
        },
        "end": {
          "line": 59,
          "column": 5
        }
      },
      "15": {
        "start": {
          "line": 52,
          "column": 37
        },
        "end": {
          "line": 52,
          "column": 69
        }
      },
      "16": {
        "start": {
          "line": 53,
          "column": 39
        },
        "end": {
          "line": 53,
          "column": 73
        }
      },
      "17": {
        "start": {
          "line": 54,
          "column": 36
        },
        "end": {
          "line": 54,
          "column": 67
        }
      },
      "18": {
        "start": {
          "line": 55,
          "column": 38
        },
        "end": {
          "line": 55,
          "column": 71
        }
      },
      "19": {
        "start": {
          "line": 56,
          "column": 45
        },
        "end": {
          "line": 56,
          "column": 84
        }
      },
      "20": {
        "start": {
          "line": 57,
          "column": 49
        },
        "end": {
          "line": 57,
          "column": 91
        }
      },
      "21": {
        "start": {
          "line": 58,
          "column": 17
        },
        "end": {
          "line": 58,
          "column": 30
        }
      }
    },
    "fnMap": {
      "0": {
        "name": "(anonymous_0)",
        "decl": {
          "start": {
            "line": 12,
            "column": 18
          },
          "end": {
            "line": 12,
            "column": 19
          }
        },
        "loc": {
          "start": {
            "line": 12,
            "column": 37
          },
          "end": {
            "line": 14,
            "column": 1
          }
        },
        "line": 12
      },
      "1": {
        "name": "(anonymous_1)",
        "decl": {
          "start": {
            "line": 16,
            "column": 20
          },
          "end": {
            "line": 16,
            "column": 21
          }
        },
        "loc": {
          "start": {
            "line": 16,
            "column": 39
          },
          "end": {
            "line": 26,
            "column": 1
          }
        },
        "line": 16
      },
      "2": {
        "name": "(anonymous_2)",
        "decl": {
          "start": {
            "line": 28,
            "column": 17
          },
          "end": {
            "line": 28,
            "column": 18
          }
        },
        "loc": {
          "start": {
            "line": 28,
            "column": 36
          },
          "end": {
            "line": 36,
            "column": 1
          }
        },
        "line": 28
      },
      "3": {
        "name": "(anonymous_3)",
        "decl": {
          "start": {
            "line": 38,
            "column": 19
          },
          "end": {
            "line": 38,
            "column": 20
          }
        },
        "loc": {
          "start": {
            "line": 38,
            "column": 38
          },
          "end": {
            "line": 40,
            "column": 1
          }
        },
        "line": 38
      },
      "4": {
        "name": "(anonymous_4)",
        "decl": {
          "start": {
            "line": 42,
            "column": 25
          },
          "end": {
            "line": 42,
            "column": 26
          }
        },
        "loc": {
          "start": {
            "line": 42,
            "column": 44
          },
          "end": {
            "line": 44,
            "column": 1
          }
        },
        "line": 42
      },
      "5": {
        "name": "(anonymous_5)",
        "decl": {
          "start": {
            "line": 46,
            "column": 28
          },
          "end": {
            "line": 46,
            "column": 29
          }
        },
        "loc": {
          "start": {
            "line": 46,
            "column": 47
          },
          "end": {
            "line": 48,
            "column": 1
          }
        },
        "line": 46
      },
      "6": {
        "name": "(anonymous_6)",
        "decl": {
          "start": {
            "line": 50,
            "column": 16
          },
          "end": {
            "line": 50,
            "column": 17
          }
        },
        "loc": {
          "start": {
            "line": 50,
            "column": 50
          },
          "end": {
            "line": 60,
            "column": 1
          }
        },
        "line": 50
      }
    },
    "branchMap": {
      "0": {
        "loc": {
          "start": {
            "line": 50,
            "column": 17
          },
          "end": {
            "line": 50,
            "column": 37
          }
        },
        "type": "default-arg",
        "locations": [
          {
            "start": {
              "line": 50,
              "column": 25
            },
            "end": {
              "line": 50,
              "column": 37
            }
          }
        ],
        "line": 50
      },
      "1": {
        "loc": {
          "start": {
            "line": 51,
            "column": 4
          },
          "end": {
            "line": 59,
            "column": 5
          }
        },
        "type": "switch",
        "locations": [
          {
            "start": {
              "line": 52,
              "column": 8
            },
            "end": {
              "line": 52,
              "column": 69
            }
          },
          {
            "start": {
              "line": 53,
              "column": 8
            },
            "end": {
              "line": 53,
              "column": 73
            }
          },
          {
            "start": {
              "line": 54,
              "column": 8
            },
            "end": {
              "line": 54,
              "column": 67
            }
          },
          {
            "start": {
              "line": 55,
              "column": 8
            },
            "end": {
              "line": 55,
              "column": 71
            }
          },
          {
            "start": {
              "line": 56,
              "column": 8
            },
            "end": {
              "line": 56,
              "column": 84
            }
          },
          {
            "start": {
              "line": 57,
              "column": 8
            },
            "end": {
              "line": 57,
              "column": 91
            }
          },
          {
            "start": {
              "line": 58,
              "column": 8
            },
            "end": {
              "line": 58,
              "column": 30
            }
          }
        ],
        "line": 51
      }
    },
    "s": {
      "0": 38,
      "1": 38,
      "2": 19,
      "3": 38,
      "4": 18,
      "5": 38,
      "6": 1,
      "7": 38,
      "8": 40,
      "9": 38,
      "10": 15,
      "11": 38,
      "12": 0,
      "13": 38,
      "14": 474,
      "15": 19,
      "16": 18,
      "17": 1,
      "18": 40,
      "19": 15,
      "20": 0,
      "21": 381
    },
    "f": {
      "0": 19,
      "1": 18,
      "2": 1,
      "3": 40,
      "4": 15,
      "5": 0,
      "6": 474
    },
    "b": {
      "0": [
        114
      ],
      "1": [
        19,
        18,
        1,
        40,
        15,
        0,
        381
      ]
    },
    "_coverageSchema": "1a1c01bbd47fc00a2c39e90264f33305004495a9",
    "hash": "19d4248ddba5c424bc34d1406067c38e71e06cf8"
  },
  "/Users/mikedunham/Documents/Coding/sprint-tracker/src/index.js": {
    "path": "/Users/mikedunham/Documents/Coding/sprint-tracker/src/index.js",
    "statementMap": {
      "0": {
        "start": {
          "line": 14,
          "column": 25
        },
        "end": {
          "line": 14,
          "column": 79
        }
      },
      "1": {
        "start": {
          "line": 16,
          "column": 20
        },
        "end": {
          "line": 19,
          "column": 2
        }
      },
      "2": {
        "start": {
          "line": 21,
          "column": 14
        },
        "end": {
          "line": 26,
          "column": 1
        }
      },
      "3": {
        "start": {
          "line": 29,
          "column": 4
        },
        "end": {
          "line": 33,
          "column": 15
        }
      },
      "4": {
        "start": {
          "line": 36,
          "column": 0
        },
        "end": {
          "line": 36,
          "column": 54
        }
      },
      "5": {
        "start": {
          "line": 42,
          "column": 0
        },
        "end": {
          "line": 42,
          "column": 27
        }
      }
    },
    "fnMap": {},
    "branchMap": {
      "0": {
        "loc": {
          "start": {
            "line": 14,
            "column": 25
          },
          "end": {
            "line": 14,
            "column": 79
          }
        },
        "type": "binary-expr",
        "locations": [
          {
            "start": {
              "line": 14,
              "column": 25
            },
            "end": {
              "line": 14,
              "column": 68
            }
          },
          {
            "start": {
              "line": 14,
              "column": 72
            },
            "end": {
              "line": 14,
              "column": 79
            }
          }
        ],
        "line": 14
      }
    },
    "s": {
      "0": 38,
      "1": 38,
      "2": 38,
      "3": 38,
      "4": 38,
      "5": 38
    },
    "f": {},
    "b": {
      "0": [
        38,
        38
      ]
    },
    "_coverageSchema": "1a1c01bbd47fc00a2c39e90264f33305004495a9",
    "hash": "166fb0d0cb69439716bc720b1c3aea59b8f19b48"
  }
}